[0.031s] Invoking command in '/home/robbinn/robotics/namespace/ros-lab-2/build/ros_gz_description': CMAKE_PREFIX_PATH=${CMAKE_PREFIX_PATH}:/opt/ros/jazzy PS1=<ROS2-Jazzy>[\u@\h \W]$ /usr/bin/cmake --build /home/robbinn/robotics/namespace/ros-lab-2/build/ros_gz_description -- -j16 -l16
[0.206s] Invoked command in '/home/robbinn/robotics/namespace/ros-lab-2/build/ros_gz_description' returned '0': CMAKE_PREFIX_PATH=${CMAKE_PREFIX_PATH}:/opt/ros/jazzy PS1=<ROS2-Jazzy>[\u@\h \W]$ /usr/bin/cmake --build /home/robbinn/robotics/namespace/ros-lab-2/build/ros_gz_description -- -j16 -l16
[0.209s] Invoking command in '/home/robbinn/robotics/namespace/ros-lab-2/build/ros_gz_description': CMAKE_PREFIX_PATH=${CMAKE_PREFIX_PATH}:/opt/ros/jazzy PS1=<ROS2-Jazzy>[\u@\h \W]$ /usr/bin/cmake --install /home/robbinn/robotics/namespace/ros-lab-2/build/ros_gz_description
[0.219s] -- Install configuration: ""
[0.220s] -- Up-to-date: /home/robbinn/robotics/namespace/ros-lab-2/install/ros_gz_description/share/ros_gz_description/models
[0.221s] -- Up-to-date: /home/robbinn/robotics/namespace/ros-lab-2/install/ros_gz_description/share/ros_gz_description/models/diff_drive
[0.223s] -- Up-to-date: /home/robbinn/robotics/namespace/ros-lab-2/install/ros_gz_description/share/ros_gz_description/models/diff_drive/model.config
[0.224s] -- Up-to-date: /home/robbinn/robotics/namespace/ros-lab-2/install/ros_gz_description/share/ros_gz_description/models/diff_drive/model.sdf
[0.225s] -- Up-to-date: /home/robbinn/robotics/namespace/ros-lab-2/install/ros_gz_description/share/ros_gz_description/environment/ros_gz_description.dsv
[0.226s] -- Up-to-date: /home/robbinn/robotics/namespace/ros-lab-2/install/ros_gz_description/share/ros_gz_description/environment/ros_gz_description.sh
[0.227s] -- Up-to-date: /home/robbinn/robotics/namespace/ros-lab-2/install/ros_gz_description/share/ament_index/resource_index/package_run_dependencies/ros_gz_description
[0.228s] -- Up-to-date: /home/robbinn/robotics/namespace/ros-lab-2/install/ros_gz_description/share/ament_index/resource_index/parent_prefix_path/ros_gz_description
[0.228s] -- Up-to-date: /home/robbinn/robotics/namespace/ros-lab-2/install/ros_gz_description/share/ros_gz_description/environment/ament_prefix_path.sh
[0.229s] -- Up-to-date: /home/robbinn/robotics/namespace/ros-lab-2/install/ros_gz_description/share/ros_gz_description/environment/ament_prefix_path.dsv
[0.230s] -- Up-to-date: /home/robbinn/robotics/namespace/ros-lab-2/install/ros_gz_description/share/ros_gz_description/environment/path.sh
[0.231s] -- Up-to-date: /home/robbinn/robotics/namespace/ros-lab-2/install/ros_gz_description/share/ros_gz_description/environment/path.dsv
[0.231s] -- Up-to-date: /home/robbinn/robotics/namespace/ros-lab-2/install/ros_gz_description/share/ros_gz_description/local_setup.bash
[0.232s] -- Up-to-date: /home/robbinn/robotics/namespace/ros-lab-2/install/ros_gz_description/share/ros_gz_description/local_setup.sh
[0.233s] -- Up-to-date: /home/robbinn/robotics/namespace/ros-lab-2/install/ros_gz_description/share/ros_gz_description/local_setup.zsh
[0.234s] -- Up-to-date: /home/robbinn/robotics/namespace/ros-lab-2/install/ros_gz_description/share/ros_gz_description/local_setup.dsv
[0.234s] -- Installing: /home/robbinn/robotics/namespace/ros-lab-2/install/ros_gz_description/share/ros_gz_description/package.dsv
[0.240s] -- Up-to-date: /home/robbinn/robotics/namespace/ros-lab-2/install/ros_gz_description/share/ament_index/resource_index/packages/ros_gz_description
[0.241s] -- Up-to-date: /home/robbinn/robotics/namespace/ros-lab-2/install/ros_gz_description/share/ros_gz_description/cmake/ros_gz_descriptionConfig.cmake
[0.242s] -- Up-to-date: /home/robbinn/robotics/namespace/ros-lab-2/install/ros_gz_description/share/ros_gz_description/cmake/ros_gz_descriptionConfig-version.cmake
[0.243s] -- Up-to-date: /home/robbinn/robotics/namespace/ros-lab-2/install/ros_gz_description/share/ros_gz_description/package.xml
[0.293s] Invoked command in '/home/robbinn/robotics/namespace/ros-lab-2/build/ros_gz_description' returned '0': CMAKE_PREFIX_PATH=${CMAKE_PREFIX_PATH}:/opt/ros/jazzy PS1=<ROS2-Jazzy>[\u@\h \W]$ /usr/bin/cmake --install /home/robbinn/robotics/namespace/ros-lab-2/build/ros_gz_description
