[0.190s] DEBUG:colcon:Command line arguments: ['/usr/bin/colcon', 'build', '--cmake-args', '-DBUILD_TESTING=ON']
[0.190s] DEBUG:colcon:Parsed command line arguments: Namespace(log_base=None, log_level=None, verb_name='build', build_base='build', install_base='install', merge_install=False, symlink_install=False, test_result_base=None, continue_on_error=False, executor='parallel', parallel_workers=16, event_handlers=None, ignore_user_meta=False, metas=['./colcon.meta'], base_paths=['.'], packages_ignore=None, packages_ignore_regex=None, paths=None, packages_up_to=None, packages_up_to_regex=None, packages_above=None, packages_above_and_dependencies=None, packages_above_depth=None, packages_select_by_dep=None, packages_skip_by_dep=None, packages_skip_up_to=None, packages_select_build_failed=False, packages_skip_build_finished=False, packages_select_test_failures=False, packages_skip_test_passed=False, packages_select=None, packages_skip=None, packages_select_regex=None, packages_skip_regex=None, packages_start=None, packages_end=None, allow_overriding=[], cmake_args=['-DBUILD_TESTING=ON'], cmake_target=None, cmake_target_skip_unavailable=False, cmake_clean_cache=False, cmake_clean_first=False, cmake_force_configure=False, ament_cmake_args=None, catkin_cmake_args=None, catkin_skip_building_tests=False, mixin_files=None, mixin=None, verb_parser=<colcon_mixin.mixin.mixin_argument.MixinArgumentDecorator object at 0x7fcb788faff0>, verb_extension=<colcon_core.verb.build.BuildVerb object at 0x7fcb78a77410>, main=<bound method BuildVerb.main of <colcon_core.verb.build.BuildVerb object at 0x7fcb78a77410>>, mixin_verb=('build',))
[0.238s] Level 1:colcon.colcon_core.package_discovery:discover_packages(colcon_meta) check parameters
[0.238s] Level 1:colcon.colcon_core.package_discovery:discover_packages(recursive) check parameters
[0.238s] Level 1:colcon.colcon_core.package_discovery:discover_packages(ignore) check parameters
[0.238s] Level 1:colcon.colcon_core.package_discovery:discover_packages(path) check parameters
[0.238s] Level 1:colcon.colcon_core.package_discovery:discover_packages(colcon_meta) discover
[0.238s] Level 1:colcon.colcon_core.package_discovery:discover_packages(recursive) discover
[0.238s] INFO:colcon.colcon_core.package_discovery:Crawling recursively for packages in '/home/robbinn/robotics/namespace/ros-lab-2'
[0.238s] Level 1:colcon.colcon_core.package_identification:_identify(.) by extensions ['ignore', 'ignore_ament_install']
[0.238s] Level 1:colcon.colcon_core.package_identification:_identify(.) by extension 'ignore'
[0.239s] Level 1:colcon.colcon_core.package_identification:_identify(.) by extension 'ignore_ament_install'
[0.239s] Level 1:colcon.colcon_core.package_identification:_identify(.) by extensions ['colcon_pkg']
[0.239s] Level 1:colcon.colcon_core.package_identification:_identify(.) by extension 'colcon_pkg'
[0.239s] Level 1:colcon.colcon_core.package_identification:_identify(.) by extensions ['colcon_meta']
[0.239s] Level 1:colcon.colcon_core.package_identification:_identify(.) by extension 'colcon_meta'
[0.239s] Level 1:colcon.colcon_core.package_identification:_identify(.) by extensions ['ros']
[0.239s] Level 1:colcon.colcon_core.package_identification:_identify(.) by extension 'ros'
[0.264s] Level 1:colcon.colcon_core.package_identification:_identify(.) by extensions ['cmake', 'python']
[0.264s] Level 1:colcon.colcon_core.package_identification:_identify(.) by extension 'cmake'
[0.264s] Level 1:colcon.colcon_core.package_identification:_identify(.) by extension 'python'
[0.264s] Level 1:colcon.colcon_core.package_identification:_identify(.) by extensions ['python_setup_py']
[0.264s] Level 1:colcon.colcon_core.package_identification:_identify(.) by extension 'python_setup_py'
[0.264s] Level 1:colcon.colcon_core.package_identification:_identify(build) by extensions ['ignore', 'ignore_ament_install']
[0.264s] Level 1:colcon.colcon_core.package_identification:_identify(build) by extension 'ignore'
[0.264s] Level 1:colcon.colcon_core.package_identification:_identify(build) ignored
[0.265s] Level 1:colcon.colcon_core.package_identification:_identify(figs) by extensions ['ignore', 'ignore_ament_install']
[0.265s] Level 1:colcon.colcon_core.package_identification:_identify(figs) by extension 'ignore'
[0.265s] Level 1:colcon.colcon_core.package_identification:_identify(figs) by extension 'ignore_ament_install'
[0.265s] Level 1:colcon.colcon_core.package_identification:_identify(figs) by extensions ['colcon_pkg']
[0.265s] Level 1:colcon.colcon_core.package_identification:_identify(figs) by extension 'colcon_pkg'
[0.265s] Level 1:colcon.colcon_core.package_identification:_identify(figs) by extensions ['colcon_meta']
[0.265s] Level 1:colcon.colcon_core.package_identification:_identify(figs) by extension 'colcon_meta'
[0.265s] Level 1:colcon.colcon_core.package_identification:_identify(figs) by extensions ['ros']
[0.265s] Level 1:colcon.colcon_core.package_identification:_identify(figs) by extension 'ros'
[0.265s] Level 1:colcon.colcon_core.package_identification:_identify(figs) by extensions ['cmake', 'python']
[0.265s] Level 1:colcon.colcon_core.package_identification:_identify(figs) by extension 'cmake'
[0.265s] Level 1:colcon.colcon_core.package_identification:_identify(figs) by extension 'python'
[0.265s] Level 1:colcon.colcon_core.package_identification:_identify(figs) by extensions ['python_setup_py']
[0.265s] Level 1:colcon.colcon_core.package_identification:_identify(figs) by extension 'python_setup_py'
[0.266s] Level 1:colcon.colcon_core.package_identification:_identify(install) by extensions ['ignore', 'ignore_ament_install']
[0.266s] Level 1:colcon.colcon_core.package_identification:_identify(install) by extension 'ignore'
[0.266s] Level 1:colcon.colcon_core.package_identification:_identify(install) ignored
[0.267s] Level 1:colcon.colcon_core.package_identification:_identify(log) by extensions ['ignore', 'ignore_ament_install']
[0.267s] Level 1:colcon.colcon_core.package_identification:_identify(log) by extension 'ignore'
[0.267s] Level 1:colcon.colcon_core.package_identification:_identify(log) ignored
[0.267s] Level 1:colcon.colcon_core.package_identification:_identify(ros_gz_app) by extensions ['ignore', 'ignore_ament_install']
[0.267s] Level 1:colcon.colcon_core.package_identification:_identify(ros_gz_app) by extension 'ignore'
[0.267s] Level 1:colcon.colcon_core.package_identification:_identify(ros_gz_app) by extension 'ignore_ament_install'
[0.267s] Level 1:colcon.colcon_core.package_identification:_identify(ros_gz_app) by extensions ['colcon_pkg']
[0.267s] Level 1:colcon.colcon_core.package_identification:_identify(ros_gz_app) by extension 'colcon_pkg'
[0.267s] Level 1:colcon.colcon_core.package_identification:_identify(ros_gz_app) by extensions ['colcon_meta']
[0.267s] Level 1:colcon.colcon_core.package_identification:_identify(ros_gz_app) by extension 'colcon_meta'
[0.267s] Level 1:colcon.colcon_core.package_identification:_identify(ros_gz_app) by extensions ['ros']
[0.267s] Level 1:colcon.colcon_core.package_identification:_identify(ros_gz_app) by extension 'ros'
[0.271s] DEBUG:colcon.colcon_core.package_identification:Package 'ros_gz_app' with type 'ros.ament_cmake' and name 'ros_gz_app'
[0.271s] Level 1:colcon.colcon_core.package_identification:_identify(ros_gz_bringup) by extensions ['ignore', 'ignore_ament_install']
[0.272s] Level 1:colcon.colcon_core.package_identification:_identify(ros_gz_bringup) by extension 'ignore'
[0.272s] Level 1:colcon.colcon_core.package_identification:_identify(ros_gz_bringup) by extension 'ignore_ament_install'
[0.272s] Level 1:colcon.colcon_core.package_identification:_identify(ros_gz_bringup) by extensions ['colcon_pkg']
[0.272s] Level 1:colcon.colcon_core.package_identification:_identify(ros_gz_bringup) by extension 'colcon_pkg'
[0.272s] Level 1:colcon.colcon_core.package_identification:_identify(ros_gz_bringup) by extensions ['colcon_meta']
[0.272s] Level 1:colcon.colcon_core.package_identification:_identify(ros_gz_bringup) by extension 'colcon_meta'
[0.272s] Level 1:colcon.colcon_core.package_identification:_identify(ros_gz_bringup) by extensions ['ros']
[0.272s] Level 1:colcon.colcon_core.package_identification:_identify(ros_gz_bringup) by extension 'ros'
[0.273s] DEBUG:colcon.colcon_core.package_identification:Package 'ros_gz_bringup' with type 'ros.ament_cmake' and name 'ros_gz_bringup'
[0.274s] Level 1:colcon.colcon_core.package_identification:_identify(ros_gz_description) by extensions ['ignore', 'ignore_ament_install']
[0.274s] Level 1:colcon.colcon_core.package_identification:_identify(ros_gz_description) by extension 'ignore'
[0.274s] Level 1:colcon.colcon_core.package_identification:_identify(ros_gz_description) by extension 'ignore_ament_install'
[0.274s] Level 1:colcon.colcon_core.package_identification:_identify(ros_gz_description) by extensions ['colcon_pkg']
[0.274s] Level 1:colcon.colcon_core.package_identification:_identify(ros_gz_description) by extension 'colcon_pkg'
[0.274s] Level 1:colcon.colcon_core.package_identification:_identify(ros_gz_description) by extensions ['colcon_meta']
[0.274s] Level 1:colcon.colcon_core.package_identification:_identify(ros_gz_description) by extension 'colcon_meta'
[0.274s] Level 1:colcon.colcon_core.package_identification:_identify(ros_gz_description) by extensions ['ros']
[0.274s] Level 1:colcon.colcon_core.package_identification:_identify(ros_gz_description) by extension 'ros'
[0.276s] DEBUG:colcon.colcon_core.package_identification:Package 'ros_gz_description' with type 'ros.ament_cmake' and name 'ros_gz_description'
[0.276s] Level 1:colcon.colcon_core.package_identification:_identify(ros_gz_gazebo) by extensions ['ignore', 'ignore_ament_install']
[0.276s] Level 1:colcon.colcon_core.package_identification:_identify(ros_gz_gazebo) by extension 'ignore'
[0.276s] Level 1:colcon.colcon_core.package_identification:_identify(ros_gz_gazebo) by extension 'ignore_ament_install'
[0.276s] Level 1:colcon.colcon_core.package_identification:_identify(ros_gz_gazebo) by extensions ['colcon_pkg']
[0.276s] Level 1:colcon.colcon_core.package_identification:_identify(ros_gz_gazebo) by extension 'colcon_pkg'
[0.276s] Level 1:colcon.colcon_core.package_identification:_identify(ros_gz_gazebo) by extensions ['colcon_meta']
[0.276s] Level 1:colcon.colcon_core.package_identification:_identify(ros_gz_gazebo) by extension 'colcon_meta'
[0.276s] Level 1:colcon.colcon_core.package_identification:_identify(ros_gz_gazebo) by extensions ['ros']
[0.276s] Level 1:colcon.colcon_core.package_identification:_identify(ros_gz_gazebo) by extension 'ros'
[0.277s] DEBUG:colcon.colcon_core.package_identification:Package 'ros_gz_gazebo' with type 'ros.ament_cmake' and name 'ros_gz_gazebo'
[0.277s] Level 1:colcon.colcon_core.package_discovery:discover_packages(recursive) using defaults
[0.277s] Level 1:colcon.colcon_core.package_discovery:discover_packages(ignore) discover
[0.277s] Level 1:colcon.colcon_core.package_discovery:discover_packages(ignore) using defaults
[0.277s] Level 1:colcon.colcon_core.package_discovery:discover_packages(path) discover
[0.277s] Level 1:colcon.colcon_core.package_discovery:discover_packages(path) using defaults
[0.300s] Level 1:colcon.colcon_core.package_discovery:discover_packages(prefix_path) check parameters
[0.300s] Level 1:colcon.colcon_core.package_discovery:discover_packages(prefix_path) discover
[0.304s] DEBUG:colcon.colcon_installed_package_information.package_discovery:Found 317 installed packages in /opt/ros/jazzy
[0.304s] Level 1:colcon.colcon_core.package_discovery:discover_packages(prefix_path) using defaults
[0.336s] Level 5:colcon.colcon_core.verb:set package 'ros_gz_app' build argument 'cmake_args' from command line to '['-DBUILD_TESTING=ON']'
[0.336s] Level 5:colcon.colcon_core.verb:set package 'ros_gz_app' build argument 'cmake_target' from command line to 'None'
[0.336s] Level 5:colcon.colcon_core.verb:set package 'ros_gz_app' build argument 'cmake_target_skip_unavailable' from command line to 'False'
[0.336s] Level 5:colcon.colcon_core.verb:set package 'ros_gz_app' build argument 'cmake_clean_cache' from command line to 'False'
[0.336s] Level 5:colcon.colcon_core.verb:set package 'ros_gz_app' build argument 'cmake_clean_first' from command line to 'False'
[0.336s] Level 5:colcon.colcon_core.verb:set package 'ros_gz_app' build argument 'cmake_force_configure' from command line to 'False'
[0.336s] Level 5:colcon.colcon_core.verb:set package 'ros_gz_app' build argument 'ament_cmake_args' from command line to 'None'
[0.336s] Level 5:colcon.colcon_core.verb:set package 'ros_gz_app' build argument 'catkin_cmake_args' from command line to 'None'
[0.336s] Level 5:colcon.colcon_core.verb:set package 'ros_gz_app' build argument 'catkin_skip_building_tests' from command line to 'False'
[0.336s] DEBUG:colcon.colcon_core.verb:Building package 'ros_gz_app' with the following arguments: {'ament_cmake_args': None, 'build_base': '/home/robbinn/robotics/namespace/ros-lab-2/build/ros_gz_app', 'catkin_cmake_args': None, 'catkin_skip_building_tests': False, 'cmake_args': ['-DBUILD_TESTING=ON'], 'cmake_clean_cache': False, 'cmake_clean_first': False, 'cmake_force_configure': False, 'cmake_target': None, 'cmake_target_skip_unavailable': False, 'install_base': '/home/robbinn/robotics/namespace/ros-lab-2/install/ros_gz_app', 'merge_install': False, 'path': '/home/robbinn/robotics/namespace/ros-lab-2/ros_gz_app', 'symlink_install': False, 'test_result_base': None}
[0.336s] Level 5:colcon.colcon_core.verb:set package 'ros_gz_description' build argument 'cmake_args' from command line to '['-DBUILD_TESTING=ON']'
[0.336s] Level 5:colcon.colcon_core.verb:set package 'ros_gz_description' build argument 'cmake_target' from command line to 'None'
[0.336s] Level 5:colcon.colcon_core.verb:set package 'ros_gz_description' build argument 'cmake_target_skip_unavailable' from command line to 'False'
[0.336s] Level 5:colcon.colcon_core.verb:set package 'ros_gz_description' build argument 'cmake_clean_cache' from command line to 'False'
[0.336s] Level 5:colcon.colcon_core.verb:set package 'ros_gz_description' build argument 'cmake_clean_first' from command line to 'False'
[0.336s] Level 5:colcon.colcon_core.verb:set package 'ros_gz_description' build argument 'cmake_force_configure' from command line to 'False'
[0.336s] Level 5:colcon.colcon_core.verb:set package 'ros_gz_description' build argument 'ament_cmake_args' from command line to 'None'
[0.336s] Level 5:colcon.colcon_core.verb:set package 'ros_gz_description' build argument 'catkin_cmake_args' from command line to 'None'
[0.336s] Level 5:colcon.colcon_core.verb:set package 'ros_gz_description' build argument 'catkin_skip_building_tests' from command line to 'False'
[0.336s] DEBUG:colcon.colcon_core.verb:Building package 'ros_gz_description' with the following arguments: {'ament_cmake_args': None, 'build_base': '/home/robbinn/robotics/namespace/ros-lab-2/build/ros_gz_description', 'catkin_cmake_args': None, 'catkin_skip_building_tests': False, 'cmake_args': ['-DBUILD_TESTING=ON'], 'cmake_clean_cache': False, 'cmake_clean_first': False, 'cmake_force_configure': False, 'cmake_target': None, 'cmake_target_skip_unavailable': False, 'install_base': '/home/robbinn/robotics/namespace/ros-lab-2/install/ros_gz_description', 'merge_install': False, 'path': '/home/robbinn/robotics/namespace/ros-lab-2/ros_gz_description', 'symlink_install': False, 'test_result_base': None}
[0.336s] Level 5:colcon.colcon_core.verb:set package 'ros_gz_gazebo' build argument 'cmake_args' from command line to '['-DBUILD_TESTING=ON']'
[0.336s] Level 5:colcon.colcon_core.verb:set package 'ros_gz_gazebo' build argument 'cmake_target' from command line to 'None'
[0.336s] Level 5:colcon.colcon_core.verb:set package 'ros_gz_gazebo' build argument 'cmake_target_skip_unavailable' from command line to 'False'
[0.336s] Level 5:colcon.colcon_core.verb:set package 'ros_gz_gazebo' build argument 'cmake_clean_cache' from command line to 'False'
[0.336s] Level 5:colcon.colcon_core.verb:set package 'ros_gz_gazebo' build argument 'cmake_clean_first' from command line to 'False'
[0.336s] Level 5:colcon.colcon_core.verb:set package 'ros_gz_gazebo' build argument 'cmake_force_configure' from command line to 'False'
[0.336s] Level 5:colcon.colcon_core.verb:set package 'ros_gz_gazebo' build argument 'ament_cmake_args' from command line to 'None'
[0.336s] Level 5:colcon.colcon_core.verb:set package 'ros_gz_gazebo' build argument 'catkin_cmake_args' from command line to 'None'
[0.336s] Level 5:colcon.colcon_core.verb:set package 'ros_gz_gazebo' build argument 'catkin_skip_building_tests' from command line to 'False'
[0.336s] DEBUG:colcon.colcon_core.verb:Building package 'ros_gz_gazebo' with the following arguments: {'ament_cmake_args': None, 'build_base': '/home/robbinn/robotics/namespace/ros-lab-2/build/ros_gz_gazebo', 'catkin_cmake_args': None, 'catkin_skip_building_tests': False, 'cmake_args': ['-DBUILD_TESTING=ON'], 'cmake_clean_cache': False, 'cmake_clean_first': False, 'cmake_force_configure': False, 'cmake_target': None, 'cmake_target_skip_unavailable': False, 'install_base': '/home/robbinn/robotics/namespace/ros-lab-2/install/ros_gz_gazebo', 'merge_install': False, 'path': '/home/robbinn/robotics/namespace/ros-lab-2/ros_gz_gazebo', 'symlink_install': False, 'test_result_base': None}
[0.336s] Level 5:colcon.colcon_core.verb:set package 'ros_gz_bringup' build argument 'cmake_args' from command line to '['-DBUILD_TESTING=ON']'
[0.336s] Level 5:colcon.colcon_core.verb:set package 'ros_gz_bringup' build argument 'cmake_target' from command line to 'None'
[0.336s] Level 5:colcon.colcon_core.verb:set package 'ros_gz_bringup' build argument 'cmake_target_skip_unavailable' from command line to 'False'
[0.337s] Level 5:colcon.colcon_core.verb:set package 'ros_gz_bringup' build argument 'cmake_clean_cache' from command line to 'False'
[0.337s] Level 5:colcon.colcon_core.verb:set package 'ros_gz_bringup' build argument 'cmake_clean_first' from command line to 'False'
[0.337s] Level 5:colcon.colcon_core.verb:set package 'ros_gz_bringup' build argument 'cmake_force_configure' from command line to 'False'
[0.337s] Level 5:colcon.colcon_core.verb:set package 'ros_gz_bringup' build argument 'ament_cmake_args' from command line to 'None'
[0.337s] Level 5:colcon.colcon_core.verb:set package 'ros_gz_bringup' build argument 'catkin_cmake_args' from command line to 'None'
[0.337s] Level 5:colcon.colcon_core.verb:set package 'ros_gz_bringup' build argument 'catkin_skip_building_tests' from command line to 'False'
[0.337s] DEBUG:colcon.colcon_core.verb:Building package 'ros_gz_bringup' with the following arguments: {'ament_cmake_args': None, 'build_base': '/home/robbinn/robotics/namespace/ros-lab-2/build/ros_gz_bringup', 'catkin_cmake_args': None, 'catkin_skip_building_tests': False, 'cmake_args': ['-DBUILD_TESTING=ON'], 'cmake_clean_cache': False, 'cmake_clean_first': False, 'cmake_force_configure': False, 'cmake_target': None, 'cmake_target_skip_unavailable': False, 'install_base': '/home/robbinn/robotics/namespace/ros-lab-2/install/ros_gz_bringup', 'merge_install': False, 'path': '/home/robbinn/robotics/namespace/ros-lab-2/ros_gz_bringup', 'symlink_install': False, 'test_result_base': None}
[0.337s] INFO:colcon.colcon_core.executor:Executing jobs using 'parallel' executor
[0.338s] DEBUG:colcon.colcon_parallel_executor.executor.parallel:run_until_complete
[0.338s] INFO:colcon.colcon_ros.task.ament_cmake.build:Building ROS package in '/home/robbinn/robotics/namespace/ros-lab-2/ros_gz_description' with build type 'ament_cmake'
[0.338s] INFO:colcon.colcon_cmake.task.cmake.build:Building CMake package in '/home/robbinn/robotics/namespace/ros-lab-2/ros_gz_description'
[0.341s] INFO:colcon.colcon_core.plugin_system:Skipping extension 'colcon_core.shell.bat': Not used on non-Windows systems
[0.342s] INFO:colcon.colcon_core.shell:Skip shell extension 'powershell' for command environment: Not usable outside of PowerShell
[0.342s] DEBUG:colcon.colcon_core.shell:Skip shell extension 'dsv' for command environment
[0.350s] INFO:colcon.colcon_ros.task.ament_cmake.build:Building ROS package in '/home/robbinn/robotics/namespace/ros-lab-2/ros_gz_app' with build type 'ament_cmake'
[0.350s] INFO:colcon.colcon_cmake.task.cmake.build:Building CMake package in '/home/robbinn/robotics/namespace/ros-lab-2/ros_gz_app'
[0.350s] INFO:colcon.colcon_core.shell:Skip shell extension 'powershell' for command environment: Not usable outside of PowerShell
[0.350s] DEBUG:colcon.colcon_core.shell:Skip shell extension 'dsv' for command environment
[0.370s] DEBUG:colcon.colcon_core.event_handler.log_command:Invoking command in '/home/robbinn/robotics/namespace/ros-lab-2/build/ros_gz_description': CMAKE_PREFIX_PATH=${CMAKE_PREFIX_PATH}:/opt/ros/jazzy PS1=<ROS2-Jazzy>[\u@\h \W]$ /usr/bin/cmake --build /home/robbinn/robotics/namespace/ros-lab-2/build/ros_gz_description -- -j16 -l16
[0.381s] DEBUG:colcon.colcon_core.event_handler.log_command:Invoking command in '/home/robbinn/robotics/namespace/ros-lab-2/build/ros_gz_app': CMAKE_PREFIX_PATH=${CMAKE_PREFIX_PATH}:/opt/ros/jazzy PS1=<ROS2-Jazzy>[\u@\h \W]$ /usr/bin/cmake --build /home/robbinn/robotics/namespace/ros-lab-2/build/ros_gz_app -- -j16 -l16
[0.543s] DEBUG:colcon.colcon_core.event_handler.log_command:Invoked command in '/home/robbinn/robotics/namespace/ros-lab-2/build/ros_gz_app' returned '0': CMAKE_PREFIX_PATH=${CMAKE_PREFIX_PATH}:/opt/ros/jazzy PS1=<ROS2-Jazzy>[\u@\h \W]$ /usr/bin/cmake --build /home/robbinn/robotics/namespace/ros-lab-2/build/ros_gz_app -- -j16 -l16
[0.559s] DEBUG:colcon.colcon_core.event_handler.log_command:Invoking command in '/home/robbinn/robotics/namespace/ros-lab-2/build/ros_gz_app': CMAKE_PREFIX_PATH=${CMAKE_PREFIX_PATH}:/opt/ros/jazzy PS1=<ROS2-Jazzy>[\u@\h \W]$ /usr/bin/cmake --install /home/robbinn/robotics/namespace/ros-lab-2/build/ros_gz_app
[0.563s] DEBUG:colcon.colcon_core.event_handler.log_command:Invoked command in '/home/robbinn/robotics/namespace/ros-lab-2/build/ros_gz_description' returned '0': CMAKE_PREFIX_PATH=${CMAKE_PREFIX_PATH}:/opt/ros/jazzy PS1=<ROS2-Jazzy>[\u@\h \W]$ /usr/bin/cmake --build /home/robbinn/robotics/namespace/ros-lab-2/build/ros_gz_description -- -j16 -l16
[0.565s] DEBUG:colcon.colcon_core.event_handler.log_command:Invoking command in '/home/robbinn/robotics/namespace/ros-lab-2/build/ros_gz_description': CMAKE_PREFIX_PATH=${CMAKE_PREFIX_PATH}:/opt/ros/jazzy PS1=<ROS2-Jazzy>[\u@\h \W]$ /usr/bin/cmake --install /home/robbinn/robotics/namespace/ros-lab-2/build/ros_gz_description
[0.588s] Level 1:colcon.colcon_core.environment:create_environment_scripts_only(ros_gz_app)
[0.588s] DEBUG:colcon.colcon_core.event_handler.log_command:Invoked command in '/home/robbinn/robotics/namespace/ros-lab-2/build/ros_gz_app' returned '0': CMAKE_PREFIX_PATH=${CMAKE_PREFIX_PATH}:/opt/ros/jazzy PS1=<ROS2-Jazzy>[\u@\h \W]$ /usr/bin/cmake --install /home/robbinn/robotics/namespace/ros-lab-2/build/ros_gz_app
[0.593s] Level 1:colcon.colcon_core.environment:checking '/home/robbinn/robotics/namespace/ros-lab-2/install/ros_gz_app' for CMake module files
[0.595s] Level 1:colcon.colcon_core.environment:checking '/home/robbinn/robotics/namespace/ros-lab-2/install/ros_gz_app' for CMake config files
[0.596s] Level 1:colcon.colcon_core.shell:create_environment_hook('ros_gz_app', 'cmake_prefix_path')
[0.597s] INFO:colcon.colcon_core.shell:Creating environment hook '/home/robbinn/robotics/namespace/ros-lab-2/install/ros_gz_app/share/ros_gz_app/hook/cmake_prefix_path.ps1'
[0.599s] INFO:colcon.colcon_core.shell:Creating environment descriptor '/home/robbinn/robotics/namespace/ros-lab-2/install/ros_gz_app/share/ros_gz_app/hook/cmake_prefix_path.dsv'
[0.601s] INFO:colcon.colcon_core.shell:Creating environment hook '/home/robbinn/robotics/namespace/ros-lab-2/install/ros_gz_app/share/ros_gz_app/hook/cmake_prefix_path.sh'
[0.604s] Level 1:colcon.colcon_core.environment:checking '/home/robbinn/robotics/namespace/ros-lab-2/install/ros_gz_app/bin'
[0.604s] Level 1:colcon.colcon_core.environment:checking '/home/robbinn/robotics/namespace/ros-lab-2/install/ros_gz_app/lib/pkgconfig/ros_gz_app.pc'
[0.604s] Level 1:colcon.colcon_core.environment:checking '/home/robbinn/robotics/namespace/ros-lab-2/install/ros_gz_app/lib/python3.12/site-packages'
[0.605s] Level 1:colcon.colcon_core.environment:checking '/home/robbinn/robotics/namespace/ros-lab-2/install/ros_gz_app/bin'
[0.605s] INFO:colcon.colcon_core.shell:Creating package script '/home/robbinn/robotics/namespace/ros-lab-2/install/ros_gz_app/share/ros_gz_app/package.ps1'
[0.608s] INFO:colcon.colcon_core.shell:Creating package descriptor '/home/robbinn/robotics/namespace/ros-lab-2/install/ros_gz_app/share/ros_gz_app/package.dsv'
[0.610s] INFO:colcon.colcon_core.shell:Creating package script '/home/robbinn/robotics/namespace/ros-lab-2/install/ros_gz_app/share/ros_gz_app/package.sh'
[0.613s] INFO:colcon.colcon_core.shell:Creating package script '/home/robbinn/robotics/namespace/ros-lab-2/install/ros_gz_app/share/ros_gz_app/package.bash'
[0.616s] INFO:colcon.colcon_core.shell:Creating package script '/home/robbinn/robotics/namespace/ros-lab-2/install/ros_gz_app/share/ros_gz_app/package.zsh'
[0.619s] Level 1:colcon.colcon_core.environment:create_file_with_runtime_dependencies(/home/robbinn/robotics/namespace/ros-lab-2/install/ros_gz_app/share/colcon-core/packages/ros_gz_app)
[0.620s] Level 1:colcon.colcon_core.environment:create_environment_scripts_only(ros_gz_app)
[0.621s] Level 1:colcon.colcon_core.environment:checking '/home/robbinn/robotics/namespace/ros-lab-2/install/ros_gz_app' for CMake module files
[0.621s] Level 1:colcon.colcon_core.environment:checking '/home/robbinn/robotics/namespace/ros-lab-2/install/ros_gz_app' for CMake config files
[0.622s] Level 1:colcon.colcon_core.shell:create_environment_hook('ros_gz_app', 'cmake_prefix_path')
[0.622s] INFO:colcon.colcon_core.shell:Creating environment hook '/home/robbinn/robotics/namespace/ros-lab-2/install/ros_gz_app/share/ros_gz_app/hook/cmake_prefix_path.ps1'
[0.625s] INFO:colcon.colcon_core.shell:Creating environment descriptor '/home/robbinn/robotics/namespace/ros-lab-2/install/ros_gz_app/share/ros_gz_app/hook/cmake_prefix_path.dsv'
[0.627s] INFO:colcon.colcon_core.shell:Creating environment hook '/home/robbinn/robotics/namespace/ros-lab-2/install/ros_gz_app/share/ros_gz_app/hook/cmake_prefix_path.sh'
[0.631s] Level 1:colcon.colcon_core.environment:checking '/home/robbinn/robotics/namespace/ros-lab-2/install/ros_gz_app/bin'
[0.631s] Level 1:colcon.colcon_core.environment:checking '/home/robbinn/robotics/namespace/ros-lab-2/install/ros_gz_app/lib/pkgconfig/ros_gz_app.pc'
[0.631s] Level 1:colcon.colcon_core.environment:checking '/home/robbinn/robotics/namespace/ros-lab-2/install/ros_gz_app/lib/python3.12/site-packages'
[0.631s] Level 1:colcon.colcon_core.environment:checking '/home/robbinn/robotics/namespace/ros-lab-2/install/ros_gz_app/bin'
[0.631s] INFO:colcon.colcon_core.shell:Creating package script '/home/robbinn/robotics/namespace/ros-lab-2/install/ros_gz_app/share/ros_gz_app/package.ps1'
[0.634s] INFO:colcon.colcon_core.shell:Creating package descriptor '/home/robbinn/robotics/namespace/ros-lab-2/install/ros_gz_app/share/ros_gz_app/package.dsv'
[0.636s] INFO:colcon.colcon_core.shell:Creating package script '/home/robbinn/robotics/namespace/ros-lab-2/install/ros_gz_app/share/ros_gz_app/package.sh'
[0.639s] INFO:colcon.colcon_core.shell:Creating package script '/home/robbinn/robotics/namespace/ros-lab-2/install/ros_gz_app/share/ros_gz_app/package.bash'
[0.641s] INFO:colcon.colcon_core.shell:Creating package script '/home/robbinn/robotics/namespace/ros-lab-2/install/ros_gz_app/share/ros_gz_app/package.zsh'
[0.644s] Level 1:colcon.colcon_core.environment:create_file_with_runtime_dependencies(/home/robbinn/robotics/namespace/ros-lab-2/install/ros_gz_app/share/colcon-core/packages/ros_gz_app)
[0.645s] Level 1:colcon.colcon_core.environment:create_environment_scripts_only(ros_gz_description)
[0.645s] Level 1:colcon.colcon_core.environment:checking '/home/robbinn/robotics/namespace/ros-lab-2/install/ros_gz_description' for CMake module files
[0.647s] Level 1:colcon.colcon_core.environment:checking '/home/robbinn/robotics/namespace/ros-lab-2/install/ros_gz_description' for CMake config files
[0.651s] DEBUG:colcon.colcon_core.event_handler.log_command:Invoked command in '/home/robbinn/robotics/namespace/ros-lab-2/build/ros_gz_description' returned '0': CMAKE_PREFIX_PATH=${CMAKE_PREFIX_PATH}:/opt/ros/jazzy PS1=<ROS2-Jazzy>[\u@\h \W]$ /usr/bin/cmake --install /home/robbinn/robotics/namespace/ros-lab-2/build/ros_gz_description
[0.651s] Level 1:colcon.colcon_core.shell:create_environment_hook('ros_gz_description', 'cmake_prefix_path')
[0.651s] INFO:colcon.colcon_core.shell:Creating environment hook '/home/robbinn/robotics/namespace/ros-lab-2/install/ros_gz_description/share/ros_gz_description/hook/cmake_prefix_path.ps1'
[0.654s] INFO:colcon.colcon_core.shell:Creating environment descriptor '/home/robbinn/robotics/namespace/ros-lab-2/install/ros_gz_description/share/ros_gz_description/hook/cmake_prefix_path.dsv'
[0.657s] INFO:colcon.colcon_core.shell:Creating environment hook '/home/robbinn/robotics/namespace/ros-lab-2/install/ros_gz_description/share/ros_gz_description/hook/cmake_prefix_path.sh'
[0.660s] Level 1:colcon.colcon_core.environment:checking '/home/robbinn/robotics/namespace/ros-lab-2/install/ros_gz_description/bin'
[0.660s] Level 1:colcon.colcon_core.environment:checking '/home/robbinn/robotics/namespace/ros-lab-2/install/ros_gz_description/lib/pkgconfig/ros_gz_description.pc'
[0.660s] Level 1:colcon.colcon_core.environment:checking '/home/robbinn/robotics/namespace/ros-lab-2/install/ros_gz_description/lib/python3.12/site-packages'
[0.661s] Level 1:colcon.colcon_core.environment:checking '/home/robbinn/robotics/namespace/ros-lab-2/install/ros_gz_description/bin'
[0.661s] INFO:colcon.colcon_core.shell:Creating package script '/home/robbinn/robotics/namespace/ros-lab-2/install/ros_gz_description/share/ros_gz_description/package.ps1'
[0.664s] INFO:colcon.colcon_core.shell:Creating package descriptor '/home/robbinn/robotics/namespace/ros-lab-2/install/ros_gz_description/share/ros_gz_description/package.dsv'
[0.666s] INFO:colcon.colcon_core.shell:Creating package script '/home/robbinn/robotics/namespace/ros-lab-2/install/ros_gz_description/share/ros_gz_description/package.sh'
[0.669s] INFO:colcon.colcon_core.shell:Creating package script '/home/robbinn/robotics/namespace/ros-lab-2/install/ros_gz_description/share/ros_gz_description/package.bash'
[0.671s] INFO:colcon.colcon_core.shell:Creating package script '/home/robbinn/robotics/namespace/ros-lab-2/install/ros_gz_description/share/ros_gz_description/package.zsh'
[0.674s] Level 1:colcon.colcon_core.environment:create_file_with_runtime_dependencies(/home/robbinn/robotics/namespace/ros-lab-2/install/ros_gz_description/share/colcon-core/packages/ros_gz_description)
[0.675s] Level 1:colcon.colcon_core.environment:create_environment_scripts_only(ros_gz_description)
[0.676s] Level 1:colcon.colcon_core.environment:checking '/home/robbinn/robotics/namespace/ros-lab-2/install/ros_gz_description' for CMake module files
[0.677s] Level 1:colcon.colcon_core.environment:checking '/home/robbinn/robotics/namespace/ros-lab-2/install/ros_gz_description' for CMake config files
[0.680s] Level 1:colcon.colcon_core.shell:create_environment_hook('ros_gz_description', 'cmake_prefix_path')
[0.680s] INFO:colcon.colcon_core.shell:Creating environment hook '/home/robbinn/robotics/namespace/ros-lab-2/install/ros_gz_description/share/ros_gz_description/hook/cmake_prefix_path.ps1'
[0.683s] INFO:colcon.colcon_core.shell:Creating environment descriptor '/home/robbinn/robotics/namespace/ros-lab-2/install/ros_gz_description/share/ros_gz_description/hook/cmake_prefix_path.dsv'
[0.685s] INFO:colcon.colcon_core.shell:Creating environment hook '/home/robbinn/robotics/namespace/ros-lab-2/install/ros_gz_description/share/ros_gz_description/hook/cmake_prefix_path.sh'
[0.688s] Level 1:colcon.colcon_core.environment:checking '/home/robbinn/robotics/namespace/ros-lab-2/install/ros_gz_description/bin'
[0.688s] Level 1:colcon.colcon_core.environment:checking '/home/robbinn/robotics/namespace/ros-lab-2/install/ros_gz_description/lib/pkgconfig/ros_gz_description.pc'
[0.689s] Level 1:colcon.colcon_core.environment:checking '/home/robbinn/robotics/namespace/ros-lab-2/install/ros_gz_description/lib/python3.12/site-packages'
[0.689s] Level 1:colcon.colcon_core.environment:checking '/home/robbinn/robotics/namespace/ros-lab-2/install/ros_gz_description/bin'
[0.689s] INFO:colcon.colcon_core.shell:Creating package script '/home/robbinn/robotics/namespace/ros-lab-2/install/ros_gz_description/share/ros_gz_description/package.ps1'
[0.692s] INFO:colcon.colcon_core.shell:Creating package descriptor '/home/robbinn/robotics/namespace/ros-lab-2/install/ros_gz_description/share/ros_gz_description/package.dsv'
[0.694s] INFO:colcon.colcon_core.shell:Creating package script '/home/robbinn/robotics/namespace/ros-lab-2/install/ros_gz_description/share/ros_gz_description/package.sh'
[0.697s] INFO:colcon.colcon_core.shell:Creating package script '/home/robbinn/robotics/namespace/ros-lab-2/install/ros_gz_description/share/ros_gz_description/package.bash'
[0.699s] INFO:colcon.colcon_core.shell:Creating package script '/home/robbinn/robotics/namespace/ros-lab-2/install/ros_gz_description/share/ros_gz_description/package.zsh'
[0.702s] Level 1:colcon.colcon_core.environment:create_file_with_runtime_dependencies(/home/robbinn/robotics/namespace/ros-lab-2/install/ros_gz_description/share/colcon-core/packages/ros_gz_description)
[0.703s] INFO:colcon.colcon_ros.task.ament_cmake.build:Building ROS package in '/home/robbinn/robotics/namespace/ros-lab-2/ros_gz_gazebo' with build type 'ament_cmake'
[0.703s] INFO:colcon.colcon_cmake.task.cmake.build:Building CMake package in '/home/robbinn/robotics/namespace/ros-lab-2/ros_gz_gazebo'
[0.703s] INFO:colcon.colcon_core.shell:Skip shell extension 'powershell' for command environment: Not usable outside of PowerShell
[0.703s] DEBUG:colcon.colcon_core.shell:Skip shell extension 'dsv' for command environment
[0.727s] DEBUG:colcon.colcon_core.event_handler.log_command:Invoking command in '/home/robbinn/robotics/namespace/ros-lab-2/build/ros_gz_gazebo': CMAKE_PREFIX_PATH=/home/robbinn/robotics/namespace/ros-lab-2/install/ros_gz_description:/opt/ros/jazzy/opt/gz_sim_vendor:/opt/ros/jazzy/opt/gz_sensors_vendor:/opt/ros/jazzy/opt/gz_physics_vendor:/opt/ros/jazzy/opt/sdformat_vendor:/opt/ros/jazzy/opt/gz_gui_vendor:/opt/ros/jazzy/opt/gz_transport_vendor:/opt/ros/jazzy/opt/gz_rendering_vendor:/opt/ros/jazzy/opt/gz_plugin_vendor:/opt/ros/jazzy/opt/gz_fuel_tools_vendor:/opt/ros/jazzy/opt/gz_msgs_vendor:/opt/ros/jazzy/opt/gz_common_vendor:/opt/ros/jazzy/opt/gz_math_vendor:/opt/ros/jazzy/opt/gz_utils_vendor:/opt/ros/jazzy/opt/gz_tools_vendor:/opt/ros/jazzy/opt/gz_ogre_next_vendor:/opt/ros/jazzy/opt/gz_dartsim_vendor:/opt/ros/jazzy/opt/gz_cmake_vendor:/opt/ros/jazzy PS1=<ROS2-Jazzy>[\u@\h \W]$ /usr/bin/cmake --build /home/robbinn/robotics/namespace/ros-lab-2/build/ros_gz_gazebo -- -j16 -l16
[0.848s] DEBUG:colcon.colcon_core.event_handler.log_command:Invoked command in '/home/robbinn/robotics/namespace/ros-lab-2/build/ros_gz_gazebo' returned '0': CMAKE_PREFIX_PATH=/home/robbinn/robotics/namespace/ros-lab-2/install/ros_gz_description:/opt/ros/jazzy/opt/gz_sim_vendor:/opt/ros/jazzy/opt/gz_sensors_vendor:/opt/ros/jazzy/opt/gz_physics_vendor:/opt/ros/jazzy/opt/sdformat_vendor:/opt/ros/jazzy/opt/gz_gui_vendor:/opt/ros/jazzy/opt/gz_transport_vendor:/opt/ros/jazzy/opt/gz_rendering_vendor:/opt/ros/jazzy/opt/gz_plugin_vendor:/opt/ros/jazzy/opt/gz_fuel_tools_vendor:/opt/ros/jazzy/opt/gz_msgs_vendor:/opt/ros/jazzy/opt/gz_common_vendor:/opt/ros/jazzy/opt/gz_math_vendor:/opt/ros/jazzy/opt/gz_utils_vendor:/opt/ros/jazzy/opt/gz_tools_vendor:/opt/ros/jazzy/opt/gz_ogre_next_vendor:/opt/ros/jazzy/opt/gz_dartsim_vendor:/opt/ros/jazzy/opt/gz_cmake_vendor:/opt/ros/jazzy PS1=<ROS2-Jazzy>[\u@\h \W]$ /usr/bin/cmake --build /home/robbinn/robotics/namespace/ros-lab-2/build/ros_gz_gazebo -- -j16 -l16
[0.851s] DEBUG:colcon.colcon_core.event_handler.log_command:Invoking command in '/home/robbinn/robotics/namespace/ros-lab-2/build/ros_gz_gazebo': CMAKE_PREFIX_PATH=/home/robbinn/robotics/namespace/ros-lab-2/install/ros_gz_description:/opt/ros/jazzy/opt/gz_sim_vendor:/opt/ros/jazzy/opt/gz_sensors_vendor:/opt/ros/jazzy/opt/gz_physics_vendor:/opt/ros/jazzy/opt/sdformat_vendor:/opt/ros/jazzy/opt/gz_gui_vendor:/opt/ros/jazzy/opt/gz_transport_vendor:/opt/ros/jazzy/opt/gz_rendering_vendor:/opt/ros/jazzy/opt/gz_plugin_vendor:/opt/ros/jazzy/opt/gz_fuel_tools_vendor:/opt/ros/jazzy/opt/gz_msgs_vendor:/opt/ros/jazzy/opt/gz_common_vendor:/opt/ros/jazzy/opt/gz_math_vendor:/opt/ros/jazzy/opt/gz_utils_vendor:/opt/ros/jazzy/opt/gz_tools_vendor:/opt/ros/jazzy/opt/gz_ogre_next_vendor:/opt/ros/jazzy/opt/gz_dartsim_vendor:/opt/ros/jazzy/opt/gz_cmake_vendor:/opt/ros/jazzy PS1=<ROS2-Jazzy>[\u@\h \W]$ /usr/bin/cmake --install /home/robbinn/robotics/namespace/ros-lab-2/build/ros_gz_gazebo
[0.904s] Level 1:colcon.colcon_core.environment:create_environment_scripts_only(ros_gz_gazebo)
[0.905s] Level 1:colcon.colcon_core.environment:checking '/home/robbinn/robotics/namespace/ros-lab-2/install/ros_gz_gazebo' for CMake module files
[0.905s] DEBUG:colcon.colcon_core.event_handler.log_command:Invoked command in '/home/robbinn/robotics/namespace/ros-lab-2/build/ros_gz_gazebo' returned '0': CMAKE_PREFIX_PATH=/home/robbinn/robotics/namespace/ros-lab-2/install/ros_gz_description:/opt/ros/jazzy/opt/gz_sim_vendor:/opt/ros/jazzy/opt/gz_sensors_vendor:/opt/ros/jazzy/opt/gz_physics_vendor:/opt/ros/jazzy/opt/sdformat_vendor:/opt/ros/jazzy/opt/gz_gui_vendor:/opt/ros/jazzy/opt/gz_transport_vendor:/opt/ros/jazzy/opt/gz_rendering_vendor:/opt/ros/jazzy/opt/gz_plugin_vendor:/opt/ros/jazzy/opt/gz_fuel_tools_vendor:/opt/ros/jazzy/opt/gz_msgs_vendor:/opt/ros/jazzy/opt/gz_common_vendor:/opt/ros/jazzy/opt/gz_math_vendor:/opt/ros/jazzy/opt/gz_utils_vendor:/opt/ros/jazzy/opt/gz_tools_vendor:/opt/ros/jazzy/opt/gz_ogre_next_vendor:/opt/ros/jazzy/opt/gz_dartsim_vendor:/opt/ros/jazzy/opt/gz_cmake_vendor:/opt/ros/jazzy PS1=<ROS2-Jazzy>[\u@\h \W]$ /usr/bin/cmake --install /home/robbinn/robotics/namespace/ros-lab-2/build/ros_gz_gazebo
[0.906s] Level 1:colcon.colcon_core.environment:checking '/home/robbinn/robotics/namespace/ros-lab-2/install/ros_gz_gazebo' for CMake config files
[0.910s] Level 1:colcon.colcon_core.shell:create_environment_hook('ros_gz_gazebo', 'cmake_prefix_path')
[0.910s] INFO:colcon.colcon_core.shell:Creating environment hook '/home/robbinn/robotics/namespace/ros-lab-2/install/ros_gz_gazebo/share/ros_gz_gazebo/hook/cmake_prefix_path.ps1'
[0.913s] INFO:colcon.colcon_core.shell:Creating environment descriptor '/home/robbinn/robotics/namespace/ros-lab-2/install/ros_gz_gazebo/share/ros_gz_gazebo/hook/cmake_prefix_path.dsv'
[0.916s] INFO:colcon.colcon_core.shell:Creating environment hook '/home/robbinn/robotics/namespace/ros-lab-2/install/ros_gz_gazebo/share/ros_gz_gazebo/hook/cmake_prefix_path.sh'
[0.919s] Level 1:colcon.colcon_core.environment:checking '/home/robbinn/robotics/namespace/ros-lab-2/install/ros_gz_gazebo/lib'
[0.919s] Level 1:colcon.colcon_core.environment:checking '/home/robbinn/robotics/namespace/ros-lab-2/install/ros_gz_gazebo/bin'
[0.919s] Level 1:colcon.colcon_core.environment:checking '/home/robbinn/robotics/namespace/ros-lab-2/install/ros_gz_gazebo/lib/pkgconfig/ros_gz_gazebo.pc'
[0.920s] Level 1:colcon.colcon_core.environment:checking '/home/robbinn/robotics/namespace/ros-lab-2/install/ros_gz_gazebo/lib/python3.12/site-packages'
[0.920s] Level 1:colcon.colcon_core.environment:checking '/home/robbinn/robotics/namespace/ros-lab-2/install/ros_gz_gazebo/bin'
[0.920s] INFO:colcon.colcon_core.shell:Creating package script '/home/robbinn/robotics/namespace/ros-lab-2/install/ros_gz_gazebo/share/ros_gz_gazebo/package.ps1'
[0.923s] INFO:colcon.colcon_core.shell:Creating package descriptor '/home/robbinn/robotics/namespace/ros-lab-2/install/ros_gz_gazebo/share/ros_gz_gazebo/package.dsv'
[0.925s] INFO:colcon.colcon_core.shell:Creating package script '/home/robbinn/robotics/namespace/ros-lab-2/install/ros_gz_gazebo/share/ros_gz_gazebo/package.sh'
[0.927s] INFO:colcon.colcon_core.shell:Creating package script '/home/robbinn/robotics/namespace/ros-lab-2/install/ros_gz_gazebo/share/ros_gz_gazebo/package.bash'
[0.930s] INFO:colcon.colcon_core.shell:Creating package script '/home/robbinn/robotics/namespace/ros-lab-2/install/ros_gz_gazebo/share/ros_gz_gazebo/package.zsh'
[0.932s] Level 1:colcon.colcon_core.environment:create_file_with_runtime_dependencies(/home/robbinn/robotics/namespace/ros-lab-2/install/ros_gz_gazebo/share/colcon-core/packages/ros_gz_gazebo)
[0.935s] Level 1:colcon.colcon_core.environment:create_environment_scripts_only(ros_gz_gazebo)
[0.935s] Level 1:colcon.colcon_core.environment:checking '/home/robbinn/robotics/namespace/ros-lab-2/install/ros_gz_gazebo' for CMake module files
[0.936s] Level 1:colcon.colcon_core.environment:checking '/home/robbinn/robotics/namespace/ros-lab-2/install/ros_gz_gazebo' for CMake config files
[0.939s] Level 1:colcon.colcon_core.shell:create_environment_hook('ros_gz_gazebo', 'cmake_prefix_path')
[0.939s] INFO:colcon.colcon_core.shell:Creating environment hook '/home/robbinn/robotics/namespace/ros-lab-2/install/ros_gz_gazebo/share/ros_gz_gazebo/hook/cmake_prefix_path.ps1'
[0.942s] INFO:colcon.colcon_core.shell:Creating environment descriptor '/home/robbinn/robotics/namespace/ros-lab-2/install/ros_gz_gazebo/share/ros_gz_gazebo/hook/cmake_prefix_path.dsv'
[0.944s] INFO:colcon.colcon_core.shell:Creating environment hook '/home/robbinn/robotics/namespace/ros-lab-2/install/ros_gz_gazebo/share/ros_gz_gazebo/hook/cmake_prefix_path.sh'
[0.947s] Level 1:colcon.colcon_core.environment:checking '/home/robbinn/robotics/namespace/ros-lab-2/install/ros_gz_gazebo/lib'
[0.947s] Level 1:colcon.colcon_core.environment:checking '/home/robbinn/robotics/namespace/ros-lab-2/install/ros_gz_gazebo/bin'
[0.947s] Level 1:colcon.colcon_core.environment:checking '/home/robbinn/robotics/namespace/ros-lab-2/install/ros_gz_gazebo/lib/pkgconfig/ros_gz_gazebo.pc'
[0.948s] Level 1:colcon.colcon_core.environment:checking '/home/robbinn/robotics/namespace/ros-lab-2/install/ros_gz_gazebo/lib/python3.12/site-packages'
[0.948s] Level 1:colcon.colcon_core.environment:checking '/home/robbinn/robotics/namespace/ros-lab-2/install/ros_gz_gazebo/bin'
[0.948s] INFO:colcon.colcon_core.shell:Creating package script '/home/robbinn/robotics/namespace/ros-lab-2/install/ros_gz_gazebo/share/ros_gz_gazebo/package.ps1'
[0.951s] INFO:colcon.colcon_core.shell:Creating package descriptor '/home/robbinn/robotics/namespace/ros-lab-2/install/ros_gz_gazebo/share/ros_gz_gazebo/package.dsv'
[0.953s] INFO:colcon.colcon_core.shell:Creating package script '/home/robbinn/robotics/namespace/ros-lab-2/install/ros_gz_gazebo/share/ros_gz_gazebo/package.sh'
[0.956s] INFO:colcon.colcon_core.shell:Creating package script '/home/robbinn/robotics/namespace/ros-lab-2/install/ros_gz_gazebo/share/ros_gz_gazebo/package.bash'
[0.958s] INFO:colcon.colcon_core.shell:Creating package script '/home/robbinn/robotics/namespace/ros-lab-2/install/ros_gz_gazebo/share/ros_gz_gazebo/package.zsh'
[0.960s] Level 1:colcon.colcon_core.environment:create_file_with_runtime_dependencies(/home/robbinn/robotics/namespace/ros-lab-2/install/ros_gz_gazebo/share/colcon-core/packages/ros_gz_gazebo)
[0.962s] INFO:colcon.colcon_ros.task.ament_cmake.build:Building ROS package in '/home/robbinn/robotics/namespace/ros-lab-2/ros_gz_bringup' with build type 'ament_cmake'
[0.962s] INFO:colcon.colcon_cmake.task.cmake.build:Building CMake package in '/home/robbinn/robotics/namespace/ros-lab-2/ros_gz_bringup'
[0.962s] INFO:colcon.colcon_core.shell:Skip shell extension 'powershell' for command environment: Not usable outside of PowerShell
[0.962s] DEBUG:colcon.colcon_core.shell:Skip shell extension 'dsv' for command environment
[0.988s] DEBUG:colcon.colcon_core.event_handler.log_command:Invoking command in '/home/robbinn/robotics/namespace/ros-lab-2/build/ros_gz_bringup': AMENT_PREFIX_PATH=/home/robbinn/robotics/namespace/ros-lab-2/install/ros_gz_gazebo:${AMENT_PREFIX_PATH} CMAKE_PREFIX_PATH=/home/robbinn/robotics/namespace/ros-lab-2/install/ros_gz_gazebo:/home/robbinn/robotics/namespace/ros-lab-2/install/ros_gz_description:/opt/ros/jazzy/opt/gz_sim_vendor:/opt/ros/jazzy/opt/gz_sensors_vendor:/opt/ros/jazzy/opt/gz_physics_vendor:/opt/ros/jazzy/opt/sdformat_vendor:/opt/ros/jazzy/opt/gz_gui_vendor:/opt/ros/jazzy/opt/gz_transport_vendor:/opt/ros/jazzy/opt/gz_rendering_vendor:/opt/ros/jazzy/opt/gz_plugin_vendor:/opt/ros/jazzy/opt/gz_fuel_tools_vendor:/opt/ros/jazzy/opt/gz_msgs_vendor:/opt/ros/jazzy/opt/gz_common_vendor:/opt/ros/jazzy/opt/gz_math_vendor:/opt/ros/jazzy/opt/gz_utils_vendor:/opt/ros/jazzy/opt/gz_tools_vendor:/opt/ros/jazzy/opt/gz_ogre_next_vendor:/opt/ros/jazzy/opt/gz_dartsim_vendor:/opt/ros/jazzy/opt/gz_cmake_vendor:/opt/ros/jazzy GZ_SIM_PLUGIN_PATH=/home/robbinn/robotics/namespace/ros-lab-2/install/ros_gz_gazebo/lib/ros_gz_gazebo GZ_SIM_RESOURCE_PATH=/home/robbinn/robotics/namespace/ros-lab-2/install/ros_gz_gazebo/share/ros_gz_gazebo/worlds PS1=<ROS2-Jazzy>[\u@\h \W]$ /usr/bin/cmake --build /home/robbinn/robotics/namespace/ros-lab-2/build/ros_gz_bringup -- -j16 -l16
[1.036s] DEBUG:colcon.colcon_core.event_handler.log_command:Invoked command in '/home/robbinn/robotics/namespace/ros-lab-2/build/ros_gz_bringup' returned '0': AMENT_PREFIX_PATH=/home/robbinn/robotics/namespace/ros-lab-2/install/ros_gz_gazebo:${AMENT_PREFIX_PATH} CMAKE_PREFIX_PATH=/home/robbinn/robotics/namespace/ros-lab-2/install/ros_gz_gazebo:/home/robbinn/robotics/namespace/ros-lab-2/install/ros_gz_description:/opt/ros/jazzy/opt/gz_sim_vendor:/opt/ros/jazzy/opt/gz_sensors_vendor:/opt/ros/jazzy/opt/gz_physics_vendor:/opt/ros/jazzy/opt/sdformat_vendor:/opt/ros/jazzy/opt/gz_gui_vendor:/opt/ros/jazzy/opt/gz_transport_vendor:/opt/ros/jazzy/opt/gz_rendering_vendor:/opt/ros/jazzy/opt/gz_plugin_vendor:/opt/ros/jazzy/opt/gz_fuel_tools_vendor:/opt/ros/jazzy/opt/gz_msgs_vendor:/opt/ros/jazzy/opt/gz_common_vendor:/opt/ros/jazzy/opt/gz_math_vendor:/opt/ros/jazzy/opt/gz_utils_vendor:/opt/ros/jazzy/opt/gz_tools_vendor:/opt/ros/jazzy/opt/gz_ogre_next_vendor:/opt/ros/jazzy/opt/gz_dartsim_vendor:/opt/ros/jazzy/opt/gz_cmake_vendor:/opt/ros/jazzy GZ_SIM_PLUGIN_PATH=/home/robbinn/robotics/namespace/ros-lab-2/install/ros_gz_gazebo/lib/ros_gz_gazebo GZ_SIM_RESOURCE_PATH=/home/robbinn/robotics/namespace/ros-lab-2/install/ros_gz_gazebo/share/ros_gz_gazebo/worlds PS1=<ROS2-Jazzy>[\u@\h \W]$ /usr/bin/cmake --build /home/robbinn/robotics/namespace/ros-lab-2/build/ros_gz_bringup -- -j16 -l16
[1.039s] DEBUG:colcon.colcon_core.event_handler.log_command:Invoking command in '/home/robbinn/robotics/namespace/ros-lab-2/build/ros_gz_bringup': AMENT_PREFIX_PATH=/home/robbinn/robotics/namespace/ros-lab-2/install/ros_gz_gazebo:${AMENT_PREFIX_PATH} CMAKE_PREFIX_PATH=/home/robbinn/robotics/namespace/ros-lab-2/install/ros_gz_gazebo:/home/robbinn/robotics/namespace/ros-lab-2/install/ros_gz_description:/opt/ros/jazzy/opt/gz_sim_vendor:/opt/ros/jazzy/opt/gz_sensors_vendor:/opt/ros/jazzy/opt/gz_physics_vendor:/opt/ros/jazzy/opt/sdformat_vendor:/opt/ros/jazzy/opt/gz_gui_vendor:/opt/ros/jazzy/opt/gz_transport_vendor:/opt/ros/jazzy/opt/gz_rendering_vendor:/opt/ros/jazzy/opt/gz_plugin_vendor:/opt/ros/jazzy/opt/gz_fuel_tools_vendor:/opt/ros/jazzy/opt/gz_msgs_vendor:/opt/ros/jazzy/opt/gz_common_vendor:/opt/ros/jazzy/opt/gz_math_vendor:/opt/ros/jazzy/opt/gz_utils_vendor:/opt/ros/jazzy/opt/gz_tools_vendor:/opt/ros/jazzy/opt/gz_ogre_next_vendor:/opt/ros/jazzy/opt/gz_dartsim_vendor:/opt/ros/jazzy/opt/gz_cmake_vendor:/opt/ros/jazzy GZ_SIM_PLUGIN_PATH=/home/robbinn/robotics/namespace/ros-lab-2/install/ros_gz_gazebo/lib/ros_gz_gazebo GZ_SIM_RESOURCE_PATH=/home/robbinn/robotics/namespace/ros-lab-2/install/ros_gz_gazebo/share/ros_gz_gazebo/worlds PS1=<ROS2-Jazzy>[\u@\h \W]$ /usr/bin/cmake --install /home/robbinn/robotics/namespace/ros-lab-2/build/ros_gz_bringup
[1.079s] Level 1:colcon.colcon_core.environment:create_environment_scripts_only(ros_gz_bringup)
[1.079s] Level 1:colcon.colcon_core.environment:checking '/home/robbinn/robotics/namespace/ros-lab-2/install/ros_gz_bringup' for CMake module files
[1.079s] DEBUG:colcon.colcon_core.event_handler.log_command:Invoked command in '/home/robbinn/robotics/namespace/ros-lab-2/build/ros_gz_bringup' returned '0': AMENT_PREFIX_PATH=/home/robbinn/robotics/namespace/ros-lab-2/install/ros_gz_gazebo:${AMENT_PREFIX_PATH} CMAKE_PREFIX_PATH=/home/robbinn/robotics/namespace/ros-lab-2/install/ros_gz_gazebo:/home/robbinn/robotics/namespace/ros-lab-2/install/ros_gz_description:/opt/ros/jazzy/opt/gz_sim_vendor:/opt/ros/jazzy/opt/gz_sensors_vendor:/opt/ros/jazzy/opt/gz_physics_vendor:/opt/ros/jazzy/opt/sdformat_vendor:/opt/ros/jazzy/opt/gz_gui_vendor:/opt/ros/jazzy/opt/gz_transport_vendor:/opt/ros/jazzy/opt/gz_rendering_vendor:/opt/ros/jazzy/opt/gz_plugin_vendor:/opt/ros/jazzy/opt/gz_fuel_tools_vendor:/opt/ros/jazzy/opt/gz_msgs_vendor:/opt/ros/jazzy/opt/gz_common_vendor:/opt/ros/jazzy/opt/gz_math_vendor:/opt/ros/jazzy/opt/gz_utils_vendor:/opt/ros/jazzy/opt/gz_tools_vendor:/opt/ros/jazzy/opt/gz_ogre_next_vendor:/opt/ros/jazzy/opt/gz_dartsim_vendor:/opt/ros/jazzy/opt/gz_cmake_vendor:/opt/ros/jazzy GZ_SIM_PLUGIN_PATH=/home/robbinn/robotics/namespace/ros-lab-2/install/ros_gz_gazebo/lib/ros_gz_gazebo GZ_SIM_RESOURCE_PATH=/home/robbinn/robotics/namespace/ros-lab-2/install/ros_gz_gazebo/share/ros_gz_gazebo/worlds PS1=<ROS2-Jazzy>[\u@\h \W]$ /usr/bin/cmake --install /home/robbinn/robotics/namespace/ros-lab-2/build/ros_gz_bringup
[1.081s] Level 1:colcon.colcon_core.environment:checking '/home/robbinn/robotics/namespace/ros-lab-2/install/ros_gz_bringup' for CMake config files
[1.082s] Level 1:colcon.colcon_core.shell:create_environment_hook('ros_gz_bringup', 'cmake_prefix_path')
[1.082s] INFO:colcon.colcon_core.shell:Creating environment hook '/home/robbinn/robotics/namespace/ros-lab-2/install/ros_gz_bringup/share/ros_gz_bringup/hook/cmake_prefix_path.ps1'
[1.085s] INFO:colcon.colcon_core.shell:Creating environment descriptor '/home/robbinn/robotics/namespace/ros-lab-2/install/ros_gz_bringup/share/ros_gz_bringup/hook/cmake_prefix_path.dsv'
[1.088s] INFO:colcon.colcon_core.shell:Creating environment hook '/home/robbinn/robotics/namespace/ros-lab-2/install/ros_gz_bringup/share/ros_gz_bringup/hook/cmake_prefix_path.sh'
[1.091s] Level 1:colcon.colcon_core.environment:checking '/home/robbinn/robotics/namespace/ros-lab-2/install/ros_gz_bringup/bin'
[1.091s] Level 1:colcon.colcon_core.environment:checking '/home/robbinn/robotics/namespace/ros-lab-2/install/ros_gz_bringup/lib/pkgconfig/ros_gz_bringup.pc'
[1.091s] Level 1:colcon.colcon_core.environment:checking '/home/robbinn/robotics/namespace/ros-lab-2/install/ros_gz_bringup/lib/python3.12/site-packages'
[1.091s] Level 1:colcon.colcon_core.environment:checking '/home/robbinn/robotics/namespace/ros-lab-2/install/ros_gz_bringup/bin'
[1.091s] INFO:colcon.colcon_core.shell:Creating package script '/home/robbinn/robotics/namespace/ros-lab-2/install/ros_gz_bringup/share/ros_gz_bringup/package.ps1'
[1.094s] INFO:colcon.colcon_core.shell:Creating package descriptor '/home/robbinn/robotics/namespace/ros-lab-2/install/ros_gz_bringup/share/ros_gz_bringup/package.dsv'
[1.096s] INFO:colcon.colcon_core.shell:Creating package script '/home/robbinn/robotics/namespace/ros-lab-2/install/ros_gz_bringup/share/ros_gz_bringup/package.sh'
[1.099s] INFO:colcon.colcon_core.shell:Creating package script '/home/robbinn/robotics/namespace/ros-lab-2/install/ros_gz_bringup/share/ros_gz_bringup/package.bash'
[1.101s] INFO:colcon.colcon_core.shell:Creating package script '/home/robbinn/robotics/namespace/ros-lab-2/install/ros_gz_bringup/share/ros_gz_bringup/package.zsh'
[1.104s] Level 1:colcon.colcon_core.environment:create_file_with_runtime_dependencies(/home/robbinn/robotics/namespace/ros-lab-2/install/ros_gz_bringup/share/colcon-core/packages/ros_gz_bringup)
[1.106s] Level 1:colcon.colcon_core.environment:create_environment_scripts_only(ros_gz_bringup)
[1.107s] Level 1:colcon.colcon_core.environment:checking '/home/robbinn/robotics/namespace/ros-lab-2/install/ros_gz_bringup' for CMake module files
[1.107s] Level 1:colcon.colcon_core.environment:checking '/home/robbinn/robotics/namespace/ros-lab-2/install/ros_gz_bringup' for CMake config files
[1.108s] Level 1:colcon.colcon_core.shell:create_environment_hook('ros_gz_bringup', 'cmake_prefix_path')
[1.109s] INFO:colcon.colcon_core.shell:Creating environment hook '/home/robbinn/robotics/namespace/ros-lab-2/install/ros_gz_bringup/share/ros_gz_bringup/hook/cmake_prefix_path.ps1'
[1.111s] INFO:colcon.colcon_core.shell:Creating environment descriptor '/home/robbinn/robotics/namespace/ros-lab-2/install/ros_gz_bringup/share/ros_gz_bringup/hook/cmake_prefix_path.dsv'
[1.114s] INFO:colcon.colcon_core.shell:Creating environment hook '/home/robbinn/robotics/namespace/ros-lab-2/install/ros_gz_bringup/share/ros_gz_bringup/hook/cmake_prefix_path.sh'
[1.116s] Level 1:colcon.colcon_core.environment:checking '/home/robbinn/robotics/namespace/ros-lab-2/install/ros_gz_bringup/bin'
[1.116s] Level 1:colcon.colcon_core.environment:checking '/home/robbinn/robotics/namespace/ros-lab-2/install/ros_gz_bringup/lib/pkgconfig/ros_gz_bringup.pc'
[1.116s] Level 1:colcon.colcon_core.environment:checking '/home/robbinn/robotics/namespace/ros-lab-2/install/ros_gz_bringup/lib/python3.12/site-packages'
[1.116s] Level 1:colcon.colcon_core.environment:checking '/home/robbinn/robotics/namespace/ros-lab-2/install/ros_gz_bringup/bin'
[1.117s] INFO:colcon.colcon_core.shell:Creating package script '/home/robbinn/robotics/namespace/ros-lab-2/install/ros_gz_bringup/share/ros_gz_bringup/package.ps1'
[1.119s] INFO:colcon.colcon_core.shell:Creating package descriptor '/home/robbinn/robotics/namespace/ros-lab-2/install/ros_gz_bringup/share/ros_gz_bringup/package.dsv'
[1.122s] INFO:colcon.colcon_core.shell:Creating package script '/home/robbinn/robotics/namespace/ros-lab-2/install/ros_gz_bringup/share/ros_gz_bringup/package.sh'
[1.124s] INFO:colcon.colcon_core.shell:Creating package script '/home/robbinn/robotics/namespace/ros-lab-2/install/ros_gz_bringup/share/ros_gz_bringup/package.bash'
[1.126s] INFO:colcon.colcon_core.shell:Creating package script '/home/robbinn/robotics/namespace/ros-lab-2/install/ros_gz_bringup/share/ros_gz_bringup/package.zsh'
[1.129s] Level 1:colcon.colcon_core.environment:create_file_with_runtime_dependencies(/home/robbinn/robotics/namespace/ros-lab-2/install/ros_gz_bringup/share/colcon-core/packages/ros_gz_bringup)
[1.131s] DEBUG:colcon.colcon_parallel_executor.executor.parallel:closing loop
[1.131s] DEBUG:colcon.colcon_parallel_executor.executor.parallel:loop closed
[1.131s] DEBUG:colcon.colcon_parallel_executor.executor.parallel:run_until_complete finished with '0'
[1.131s] DEBUG:colcon.colcon_core.event_reactor:joining thread
[1.161s] INFO:colcon.colcon_core.plugin_system:Skipping extension 'colcon_notification.desktop_notification.notify_send': Could not find 'notify-send'
[1.161s] INFO:colcon.colcon_core.plugin_system:Skipping extension 'colcon_notification.desktop_notification.terminal_notifier': Not used on non-Darwin systems
[1.161s] INFO:colcon.colcon_core.plugin_system:Skipping extension 'colcon_notification.desktop_notification.win32': Not used on non-Windows systems
[1.161s] INFO:colcon.colcon_notification.desktop_notification:Sending desktop notification using 'notify2'
[1.168s] DEBUG:colcon.colcon_core.event_reactor:joined thread
[1.169s] INFO:colcon.colcon_core.shell:Creating prefix script '/home/robbinn/robotics/namespace/ros-lab-2/install/local_setup.ps1'
[1.172s] INFO:colcon.colcon_core.shell:Creating prefix util module '/home/robbinn/robotics/namespace/ros-lab-2/install/_local_setup_util_ps1.py'
[1.177s] INFO:colcon.colcon_core.shell:Creating prefix chain script '/home/robbinn/robotics/namespace/ros-lab-2/install/setup.ps1'
[1.180s] INFO:colcon.colcon_core.shell:Creating prefix script '/home/robbinn/robotics/namespace/ros-lab-2/install/local_setup.sh'
[1.183s] INFO:colcon.colcon_core.shell:Creating prefix util module '/home/robbinn/robotics/namespace/ros-lab-2/install/_local_setup_util_sh.py'
[1.186s] INFO:colcon.colcon_core.shell:Creating prefix chain script '/home/robbinn/robotics/namespace/ros-lab-2/install/setup.sh'
[1.189s] INFO:colcon.colcon_core.shell:Creating prefix script '/home/robbinn/robotics/namespace/ros-lab-2/install/local_setup.bash'
[1.192s] INFO:colcon.colcon_core.shell:Creating prefix chain script '/home/robbinn/robotics/namespace/ros-lab-2/install/setup.bash'
[1.195s] INFO:colcon.colcon_core.shell:Creating prefix script '/home/robbinn/robotics/namespace/ros-lab-2/install/local_setup.zsh'
[1.198s] INFO:colcon.colcon_core.shell:Creating prefix chain script '/home/robbinn/robotics/namespace/ros-lab-2/install/setup.zsh'
