[0.022s] Invoking command in '/home/robbinn/robotics/namespace/ros-lab-2/build/ros_gz_gazebo': CMAKE_PREFIX_PATH=/home/robbinn/robotics/namespace/ros-lab-2/install/ros_gz_description:/opt/ros/jazzy/opt/gz_sim_vendor:/opt/ros/jazzy/opt/gz_sensors_vendor:/opt/ros/jazzy/opt/gz_physics_vendor:/opt/ros/jazzy/opt/sdformat_vendor:/opt/ros/jazzy/opt/gz_gui_vendor:/opt/ros/jazzy/opt/gz_transport_vendor:/opt/ros/jazzy/opt/gz_rendering_vendor:/opt/ros/jazzy/opt/gz_plugin_vendor:/opt/ros/jazzy/opt/gz_fuel_tools_vendor:/opt/ros/jazzy/opt/gz_msgs_vendor:/opt/ros/jazzy/opt/gz_common_vendor:/opt/ros/jazzy/opt/gz_math_vendor:/opt/ros/jazzy/opt/gz_utils_vendor:/opt/ros/jazzy/opt/gz_tools_vendor:/opt/ros/jazzy/opt/gz_ogre_next_vendor:/opt/ros/jazzy/opt/gz_dartsim_vendor:/opt/ros/jazzy/opt/gz_cmake_vendor:/opt/ros/jazzy PS1=<ROS2-Jazzy>[\u@\h \W]$ /usr/bin/cmake /home/robbinn/robotics/namespace/ros-lab-2/ros_gz_gazebo -DBUILD_TESTING=ON -DCMAKE_INSTALL_PREFIX=/home/robbinn/robotics/namespace/ros-lab-2/install/ros_gz_gazebo
[0.099s] -- The C compiler identification is GNU 13.3.0
[0.172s] -- The CXX compiler identification is GNU 13.3.0
[0.195s] -- Detecting C compiler ABI info
[0.396s] -- Detecting C compiler ABI info - done
[0.403s] -- Check for working C compiler: /usr/bin/cc - skipped
[0.403s] -- Detecting C compile features
[0.404s] -- Detecting C compile features - done
[0.426s] -- Detecting CXX compiler ABI info
[0.636s] -- Detecting CXX compiler ABI info - done
[0.643s] -- Check for working CXX compiler: /usr/bin/c++ - skipped
[0.643s] -- Detecting CXX compile features
[0.644s] -- Detecting CXX compile features - done
[0.669s] -- Found ament_cmake: 2.5.3 (/opt/ros/jazzy/share/ament_cmake/cmake)
[0.815s] -- Found Python3: /usr/bin/python3 (found version "3.12.3") found components: Interpreter 
[1.050s] -- Found ros_gz_description: 0.0.0 (/home/robbinn/robotics/namespace/ros-lab-2/install/ros_gz_description/share/ros_gz_description/cmake)
[1.075s] -- Looking for gz-plugin2 -- found version 2.0.4
[1.076s] -- Searching for dependencies of gz-plugin2
[1.084s] -- Looking for gz-utils2 -- found version 2.2.1
[1.084s] -- Searching for dependencies of gz-utils2
[1.085s] -- Searching for <gz-utils2> component [cli]
[1.093s] -- Looking for gz-utils2-cli -- found version 2.2.1
[1.093s] -- Searching for dependencies of gz-utils2-cli
[1.094s] -- Searching for <gz-plugin2> component [register]
[1.101s] -- Looking for gz-plugin2-register -- found version 2.0.4
[1.101s] -- Searching for dependencies of gz-plugin2-register
[1.109s] -- Looking for gz-common5 -- found version 5.7.1
[1.110s] -- Searching for dependencies of gz-common5
[1.110s] -- Looking for gz-utils2 -- found version 2.2.1
[1.113s] -- Looking for dlfcn.h - found
[1.120s] -- Looking for libdl - found
[1.121s] -- Found DL: TRUE  
[1.130s] -- Checking for module 'uuid'
[1.142s] --   Found uuid, version 2.39.3
[1.166s] -- Found UUID: TRUE  
[1.166s] -- Searching for <gz-common5> component [profiler]
[1.174s] -- Looking for gz-common5-profiler -- found version 5.7.1
[1.174s] -- Searching for dependencies of gz-common5-profiler
[1.181s] -- Looking for gz-sim8 -- found version 8.9.0
[1.181s] -- Searching for dependencies of gz-sim8
[1.188s] -- Looking for sdformat14 -- found version 14.7.0
[1.188s] -- Searching for dependencies of sdformat14
[1.192s] -- Checking for module 'tinyxml2'
[1.202s] --   Found tinyxml2, version 10.0.0
[1.231s] -- Looking for gz-math7 -- found version 7.5.2
[1.231s] -- Searching for dependencies of gz-math7
[1.232s] -- Looking for gz-utils2 -- found version 2.2.1
[1.233s] -- Looking for gz-utils2 -- found version 2.2.1
[1.234s] -- Looking for gz-plugin2 -- found version 2.0.4
[1.234s] -- Searching for dependencies of gz-plugin2
[1.234s] -- Looking for gz-utils2 -- found version 2.2.1
[1.234s] -- Searching for <gz-plugin2> component [loader]
[1.241s] -- Looking for gz-plugin2-loader -- found version 2.0.4
[1.241s] -- Searching for dependencies of gz-plugin2-loader
[1.242s] -- Searching for <gz-plugin2> component [register]
[1.249s] -- Looking for gz-transport13 -- found version 13.4.1
[1.249s] -- Searching for dependencies of gz-transport13
[1.516s] -- Found Protobuf: /usr/lib/x86_64-linux-gnu/libprotobuf.so (found version "3.21.12") 
[1.536s] -- Config-file not installed for ZeroMQ -- checking for pkg-config
[1.539s] -- Checking for module 'libzmq >= 4'
[1.552s] --   Found libzmq, version 4.3.5
[1.586s] -- Found ZeroMQ: TRUE (Required is at least version "4") 
[1.594s] -- Looking for gz-utils2 -- found version 2.2.1
[1.602s] -- Looking for gz-msgs10 -- found version 10.3.2
[1.602s] -- Searching for dependencies of gz-msgs10
[1.628s] -- Looking for gz-utils2 -- found version 2.2.1
[1.628s] -- Looking for gz-math7 -- found version 7.5.2
[1.634s] -- Searching for <gz-transport13> component [log]
[1.641s] -- Looking for gz-transport13-log -- found version 13.4.1
[1.641s] -- Searching for dependencies of gz-transport13-log
[1.641s] -- Searching for <gz-transport13> component [parameters]
[1.648s] -- Looking for gz-transport13-parameters -- found version 13.4.1
[1.648s] -- Searching for dependencies of gz-transport13-parameters
[1.649s] -- Looking for gz-msgs10 -- found version 10.3.2
[1.650s] -- Looking for gz-common5 -- found version 5.7.1
[1.650s] -- Searching for dependencies of gz-common5
[1.650s] -- Looking for gz-utils2 -- found version 2.2.1
[1.650s] -- Looking for dlfcn.h - found
[1.650s] -- Looking for libdl - found
[1.657s] -- Searching for <gz-common5> component [av]
[1.665s] -- Looking for gz-common5-av -- found version 5.7.1
[1.665s] -- Searching for dependencies of gz-common5-av
[1.670s] -- Checking for module 'libswscale'
[1.681s] --   Found libswscale, version 7.5.100
[1.704s] -- Found SWSCALE: TRUE  
[1.708s] -- Checking for module 'libavdevice >= 56.4.100'
[1.718s] --   Found libavdevice, version 60.3.100
[1.760s] -- Found AVDEVICE: TRUE (Required is at least version "56.4.100") 
[1.766s] -- Checking for module 'libavformat'
[1.779s] --   Found libavformat, version 60.16.100
[1.805s] -- Found AVFORMAT: TRUE  
[1.809s] -- Checking for module 'libavcodec'
[1.820s] --   Found libavcodec, version 60.31.102
[1.844s] -- Found AVCODEC: TRUE  
[1.849s] -- Checking for module 'libavutil'
[1.861s] --   Found libavutil, version 58.29.100
[1.883s] -- Found AVUTIL: TRUE  
[1.884s] -- Searching for <gz-common5> component [events]
[1.892s] -- Looking for gz-common5-events -- found version 5.7.1
[1.892s] -- Searching for dependencies of gz-common5-events
[1.892s] -- Looking for gz-math7 -- found version 7.5.2
[1.892s] -- Searching for <gz-common5> component [graphics]
[1.900s] -- Looking for gz-common5-graphics -- found version 5.7.1
[1.900s] -- Searching for dependencies of gz-common5-graphics
[1.900s] -- Looking for gz-math7 -- found version 7.5.2
[1.913s] -- Found GzAssimp: TRUE (found version "5.3.0") 
[1.914s] -- Searching for <gz-common5> component [io]
[1.921s] -- Looking for gz-common5-io -- found version 5.7.1
[1.922s] -- Searching for dependencies of gz-common5-io
[1.922s] -- Searching for <gz-common5> component [profiler]
[1.930s] -- Looking for gz-fuel_tools9 -- found version 9.1.1
[1.930s] -- Searching for dependencies of gz-fuel_tools9
[2.006s] -- Found CURL: /usr/lib/x86_64-linux-gnu/libcurl.so (found version "8.5.0")  
[2.023s] -- Checking for module 'jsoncpp'
[2.034s] --   Found jsoncpp, version 1.9.5
[2.058s] -- Found JSONCPP: TRUE  
[2.082s] -- Checking for module 'yaml-0.1'
[2.093s] --   Found yaml-0.1, version 0.2.5
[2.115s] -- Found YAML: TRUE  
[2.120s] -- Checking for module 'libzip'
[2.131s] --   Found libzip, version 1.7.3
[2.154s] -- Found ZIP: TRUE  
[2.154s] -- Looking for gz-utils2 -- found version 2.2.1
[2.155s] -- Looking for gz-common5 -- found version 5.7.1
[2.155s] -- Searching for dependencies of gz-common5
[2.155s] -- Looking for gz-utils2 -- found version 2.2.1
[2.155s] -- Looking for dlfcn.h - found
[2.155s] -- Looking for libdl - found
[2.162s] -- Searching for <gz-common5> component [testing]
[2.170s] -- Looking for gz-common5-testing -- found version 5.7.1
[2.170s] -- Searching for dependencies of gz-common5-testing
[2.171s] -- Looking for gz-math7 -- found version 7.5.2
[2.172s] -- Looking for gz-msgs10 -- found version 10.3.2
[2.178s] -- Looking for gz-gui8 -- found version 8.4.0
[2.178s] -- Searching for dependencies of gz-gui8
[2.205s] -- Looking for gz-utils2 -- found version 2.2.1
[2.205s] -- Looking for gz-math7 -- found version 7.5.2
[2.205s] -- Looking for gz-common5 -- found version 5.7.1
[2.206s] -- Looking for gz-plugin2 -- found version 2.0.4
[2.206s] -- Looking for gz-transport13 -- found version 13.4.1
[2.213s] -- Looking for gz-rendering8 -- found version 8.2.2
[2.213s] -- Searching for dependencies of gz-rendering8
[2.213s] -- Looking for gz-math7 -- found version 7.5.2
[2.214s] -- Searching for dependencies of gz-math7
[2.214s] -- Looking for gz-utils2 -- found version 2.2.1
[2.214s] -- Searching for <gz-math7> component [eigen3]
[2.222s] -- Looking for gz-math7-eigen3 -- found version 7.5.2
[2.222s] -- Searching for dependencies of gz-math7-eigen3
[2.239s] -- Looking for gz-common5 -- found version 5.7.1
[2.239s] -- Searching for dependencies of gz-common5
[2.239s] -- Looking for gz-utils2 -- found version 2.2.1
[2.239s] -- Looking for dlfcn.h - found
[2.239s] -- Looking for libdl - found
[2.245s] -- Searching for <gz-common5> component [graphics]
[2.246s] -- Searching for <gz-common5> component [events]
[2.246s] -- Searching for <gz-common5> component [geospatial]
[2.254s] -- Looking for gz-common5-geospatial -- found version 5.7.1
[2.254s] -- Searching for dependencies of gz-common5-geospatial
[2.254s] -- Looking for gz-math7 -- found version 7.5.2
[2.255s] -- Looking for gz-common5 -- found version 5.7.1
[2.256s] -- Looking for gz-plugin2 -- found version 2.0.4
[2.256s] -- Searching for dependencies of gz-plugin2
[2.257s] -- Looking for gz-utils2 -- found version 2.2.1
[2.257s] -- Searching for <gz-plugin2> component [all]
[2.264s] -- Looking for all libraries of gz-plugin2 -- found version 2.0.4
[2.265s] -- Looking for gz-plugin2 -- found version 2.0.4
[2.266s] -- Looking for gz-utils2 -- found version 2.2.1
[2.281s] -- Found OpenGL: /usr/lib/x86_64-linux-gnu/libOpenGL.so  found components: OpenGL 
[2.283s] -- Looking for gz-msgs10 -- found version 10.3.2
[2.332s] -- Looking for gz-physics7 -- found version 7.5.0
[2.332s] -- Searching for dependencies of gz-physics7
[2.333s] -- Looking for gz-common5 -- found version 5.7.1
[2.333s] -- Looking for gz-math7 -- found version 7.5.2
[2.333s] -- Looking for gz-plugin2 -- found version 2.0.4
[2.334s] -- Looking for gz-utils2 -- found version 2.2.1
[2.335s] -- Searching for <gz-physics7> component [heightmap]
[2.340s] -- Looking for gz-physics7-heightmap -- found version 7.5.0
[2.340s] -- Searching for dependencies of gz-physics7-heightmap
[2.341s] -- Looking for gz-common5 -- found version 5.7.1
[2.341s] -- Searching for <gz-physics7> component [mesh]
[2.346s] -- Looking for gz-physics7-mesh -- found version 7.5.0
[2.347s] -- Searching for dependencies of gz-physics7-mesh
[2.347s] -- Looking for gz-common5 -- found version 5.7.1
[2.347s] -- Searching for <gz-physics7> component [sdf]
[2.353s] -- Looking for gz-physics7-sdf -- found version 7.5.0
[2.353s] -- Searching for dependencies of gz-physics7-sdf
[2.354s] -- Looking for sdformat14 -- found version 14.7.0
[2.361s] -- Looking for gz-sensors8 -- found version 8.2.2
[2.361s] -- Searching for dependencies of gz-sensors8
[2.385s] -- Looking for gz-math7 -- found version 7.5.2
[2.385s] -- Looking for gz-common5 -- found version 5.7.1
[2.385s] -- Looking for gz-transport13 -- found version 13.4.1
[2.386s] -- Looking for gz-rendering8 -- found version 8.2.2
[2.386s] -- Looking for gz-msgs10 -- found version 10.3.2
[2.387s] -- Looking for sdformat14 -- found version 14.7.0
[2.387s] -- Searching for <gz-sensors8> component [air_pressure]
[2.392s] -- Looking for gz-sensors8-air_pressure -- found version 8.2.2
[2.392s] -- Searching for dependencies of gz-sensors8-air_pressure
[2.393s] -- Searching for <gz-sensors8> component [air_speed]
[2.398s] -- Looking for gz-sensors8-air_speed -- found version 8.2.2
[2.398s] -- Searching for dependencies of gz-sensors8-air_speed
[2.399s] -- Searching for <gz-sensors8> component [altimeter]
[2.403s] -- Looking for gz-sensors8-altimeter -- found version 8.2.2
[2.403s] -- Searching for dependencies of gz-sensors8-altimeter
[2.404s] -- Searching for <gz-sensors8> component [imu]
[2.409s] -- Looking for gz-sensors8-imu -- found version 8.2.2
[2.409s] -- Searching for dependencies of gz-sensors8-imu
[2.410s] -- Searching for <gz-sensors8> component [force_torque]
[2.415s] -- Looking for gz-sensors8-force_torque -- found version 8.2.2
[2.415s] -- Searching for dependencies of gz-sensors8-force_torque
[2.415s] -- Searching for <gz-sensors8> component [logical_camera]
[2.420s] -- Looking for gz-sensors8-logical_camera -- found version 8.2.2
[2.420s] -- Searching for dependencies of gz-sensors8-logical_camera
[2.421s] -- Searching for <gz-sensors8> component [magnetometer]
[2.425s] -- Looking for gz-sensors8-magnetometer -- found version 8.2.2
[2.426s] -- Searching for dependencies of gz-sensors8-magnetometer
[2.426s] -- Searching for <gz-sensors8> component [navsat]
[2.432s] -- Looking for gz-sensors8-navsat -- found version 8.2.2
[2.432s] -- Searching for dependencies of gz-sensors8-navsat
[2.432s] -- Searching for <gz-sensors8> component [dvl]
[2.437s] -- Looking for gz-sensors8-dvl -- found version 8.2.2
[2.437s] -- Searching for dependencies of gz-sensors8-dvl
[2.438s] -- Looking for gz-sensors8 -- found version 8.2.2
[2.438s] -- Searching for dependencies of gz-sensors8
[2.464s] -- Looking for gz-math7 -- found version 7.5.2
[2.464s] -- Looking for gz-common5 -- found version 5.7.1
[2.464s] -- Looking for gz-transport13 -- found version 13.4.1
[2.465s] -- Looking for gz-rendering8 -- found version 8.2.2
[2.465s] -- Looking for gz-msgs10 -- found version 10.3.2
[2.465s] -- Looking for sdformat14 -- found version 14.7.0
[2.466s] -- Searching for <gz-sensors8> component [rendering]
[2.471s] -- Looking for gz-sensors8-rendering -- found version 8.2.2
[2.471s] -- Searching for dependencies of gz-sensors8-rendering
[2.472s] -- Searching for <gz-sensors8> component [rendering]
[2.472s] -- Searching for <gz-sensors8> component [lidar]
[2.477s] -- Looking for gz-sensors8-lidar -- found version 8.2.2
[2.477s] -- Searching for dependencies of gz-sensors8-lidar
[2.478s] -- Looking for gz-sensors8 -- found version 8.2.2
[2.478s] -- Searching for <gz-sensors8> component [gpu_lidar]
[2.483s] -- Looking for gz-sensors8-gpu_lidar -- found version 8.2.2
[2.483s] -- Searching for dependencies of gz-sensors8-gpu_lidar
[2.483s] -- Looking for gz-sensors8 -- found version 8.2.2
[2.484s] -- Searching for <gz-sensors8> component [camera]
[2.489s] -- Looking for gz-sensors8-camera -- found version 8.2.2
[2.489s] -- Searching for dependencies of gz-sensors8-camera
[2.489s] -- Looking for gz-sensors8 -- found version 8.2.2
[2.490s] -- Searching for <gz-sensors8> component [boundingbox_camera]
[2.495s] -- Looking for gz-sensors8-boundingbox_camera -- found version 8.2.2
[2.495s] -- Searching for dependencies of gz-sensors8-boundingbox_camera
[2.495s] -- Searching for <gz-sensors8> component [segmentation_camera]
[2.501s] -- Looking for gz-sensors8-segmentation_camera -- found version 8.2.2
[2.501s] -- Searching for dependencies of gz-sensors8-segmentation_camera
[2.501s] -- Searching for <gz-sensors8> component [depth_camera]
[2.507s] -- Looking for gz-sensors8-depth_camera -- found version 8.2.2
[2.507s] -- Searching for dependencies of gz-sensors8-depth_camera
[2.507s] -- Looking for gz-sensors8 -- found version 8.2.2
[2.508s] -- Searching for <gz-sensors8> component [rgbd_camera]
[2.513s] -- Looking for gz-sensors8-rgbd_camera -- found version 8.2.2
[2.513s] -- Searching for dependencies of gz-sensors8-rgbd_camera
[2.514s] -- Looking for gz-sensors8 -- found version 8.2.2
[2.514s] -- Searching for <gz-sensors8> component [thermal_camera]
[2.520s] -- Looking for gz-sensors8-thermal_camera -- found version 8.2.2
[2.520s] -- Searching for dependencies of gz-sensors8-thermal_camera
[2.520s] -- Looking for gz-sensors8 -- found version 8.2.2
[2.521s] -- Searching for <gz-sensors8> component [wide_angle_camera]
[2.526s] -- Looking for gz-sensors8-wide_angle_camera -- found version 8.2.2
[2.526s] -- Searching for dependencies of gz-sensors8-wide_angle_camera
[2.527s] -- Looking for gz-rendering8 -- found version 8.2.2
[2.527s] -- Looking for gz-math7 -- found version 7.5.2
[2.528s] -- Looking for gz-utils2 -- found version 2.2.1
[2.555s] -- Compiling against Gazebo Harmonic
[2.567s] -- Found ament_lint_auto: 0.17.2 (/opt/ros/jazzy/share/ament_lint_auto/cmake)
[2.715s] -- Configuring done (2.7s)
[2.861s] -- Generating done (0.1s)
[2.908s] -- Build files have been written to: /home/robbinn/robotics/namespace/ros-lab-2/build/ros_gz_gazebo
[2.915s] Invoked command in '/home/robbinn/robotics/namespace/ros-lab-2/build/ros_gz_gazebo' returned '0': CMAKE_PREFIX_PATH=/home/robbinn/robotics/namespace/ros-lab-2/install/ros_gz_description:/opt/ros/jazzy/opt/gz_sim_vendor:/opt/ros/jazzy/opt/gz_sensors_vendor:/opt/ros/jazzy/opt/gz_physics_vendor:/opt/ros/jazzy/opt/sdformat_vendor:/opt/ros/jazzy/opt/gz_gui_vendor:/opt/ros/jazzy/opt/gz_transport_vendor:/opt/ros/jazzy/opt/gz_rendering_vendor:/opt/ros/jazzy/opt/gz_plugin_vendor:/opt/ros/jazzy/opt/gz_fuel_tools_vendor:/opt/ros/jazzy/opt/gz_msgs_vendor:/opt/ros/jazzy/opt/gz_common_vendor:/opt/ros/jazzy/opt/gz_math_vendor:/opt/ros/jazzy/opt/gz_utils_vendor:/opt/ros/jazzy/opt/gz_tools_vendor:/opt/ros/jazzy/opt/gz_ogre_next_vendor:/opt/ros/jazzy/opt/gz_dartsim_vendor:/opt/ros/jazzy/opt/gz_cmake_vendor:/opt/ros/jazzy PS1=<ROS2-Jazzy>[\u@\h \W]$ /usr/bin/cmake /home/robbinn/robotics/namespace/ros-lab-2/ros_gz_gazebo -DBUILD_TESTING=ON -DCMAKE_INSTALL_PREFIX=/home/robbinn/robotics/namespace/ros-lab-2/install/ros_gz_gazebo
[2.916s] Invoking command in '/home/robbinn/robotics/namespace/ros-lab-2/build/ros_gz_gazebo': CMAKE_PREFIX_PATH=/home/robbinn/robotics/namespace/ros-lab-2/install/ros_gz_description:/opt/ros/jazzy/opt/gz_sim_vendor:/opt/ros/jazzy/opt/gz_sensors_vendor:/opt/ros/jazzy/opt/gz_physics_vendor:/opt/ros/jazzy/opt/sdformat_vendor:/opt/ros/jazzy/opt/gz_gui_vendor:/opt/ros/jazzy/opt/gz_transport_vendor:/opt/ros/jazzy/opt/gz_rendering_vendor:/opt/ros/jazzy/opt/gz_plugin_vendor:/opt/ros/jazzy/opt/gz_fuel_tools_vendor:/opt/ros/jazzy/opt/gz_msgs_vendor:/opt/ros/jazzy/opt/gz_common_vendor:/opt/ros/jazzy/opt/gz_math_vendor:/opt/ros/jazzy/opt/gz_utils_vendor:/opt/ros/jazzy/opt/gz_tools_vendor:/opt/ros/jazzy/opt/gz_ogre_next_vendor:/opt/ros/jazzy/opt/gz_dartsim_vendor:/opt/ros/jazzy/opt/gz_cmake_vendor:/opt/ros/jazzy PS1=<ROS2-Jazzy>[\u@\h \W]$ /usr/bin/cmake --build /home/robbinn/robotics/namespace/ros-lab-2/build/ros_gz_gazebo -- -j16 -l16
[2.985s] [ 50%] [32mBuilding CXX object CMakeFiles/BasicSystem.dir/src/BasicSystem.cc.o[0m
[2.985s] [ 50%] [32mBuilding CXX object CMakeFiles/FullSystem.dir/src/FullSystem.cc.o[0m
[4.583s] [ 75%] [32m[1mLinking CXX shared library libBasicSystem.so[0m
[4.663s] [100%] [32m[1mLinking CXX shared library libFullSystem.so[0m
[4.750s] [100%] Built target BasicSystem
[4.808s] [100%] Built target FullSystem
[4.824s] Invoked command in '/home/robbinn/robotics/namespace/ros-lab-2/build/ros_gz_gazebo' returned '0': CMAKE_PREFIX_PATH=/home/robbinn/robotics/namespace/ros-lab-2/install/ros_gz_description:/opt/ros/jazzy/opt/gz_sim_vendor:/opt/ros/jazzy/opt/gz_sensors_vendor:/opt/ros/jazzy/opt/gz_physics_vendor:/opt/ros/jazzy/opt/sdformat_vendor:/opt/ros/jazzy/opt/gz_gui_vendor:/opt/ros/jazzy/opt/gz_transport_vendor:/opt/ros/jazzy/opt/gz_rendering_vendor:/opt/ros/jazzy/opt/gz_plugin_vendor:/opt/ros/jazzy/opt/gz_fuel_tools_vendor:/opt/ros/jazzy/opt/gz_msgs_vendor:/opt/ros/jazzy/opt/gz_common_vendor:/opt/ros/jazzy/opt/gz_math_vendor:/opt/ros/jazzy/opt/gz_utils_vendor:/opt/ros/jazzy/opt/gz_tools_vendor:/opt/ros/jazzy/opt/gz_ogre_next_vendor:/opt/ros/jazzy/opt/gz_dartsim_vendor:/opt/ros/jazzy/opt/gz_cmake_vendor:/opt/ros/jazzy PS1=<ROS2-Jazzy>[\u@\h \W]$ /usr/bin/cmake --build /home/robbinn/robotics/namespace/ros-lab-2/build/ros_gz_gazebo -- -j16 -l16
[4.827s] Invoking command in '/home/robbinn/robotics/namespace/ros-lab-2/build/ros_gz_gazebo': CMAKE_PREFIX_PATH=/home/robbinn/robotics/namespace/ros-lab-2/install/ros_gz_description:/opt/ros/jazzy/opt/gz_sim_vendor:/opt/ros/jazzy/opt/gz_sensors_vendor:/opt/ros/jazzy/opt/gz_physics_vendor:/opt/ros/jazzy/opt/sdformat_vendor:/opt/ros/jazzy/opt/gz_gui_vendor:/opt/ros/jazzy/opt/gz_transport_vendor:/opt/ros/jazzy/opt/gz_rendering_vendor:/opt/ros/jazzy/opt/gz_plugin_vendor:/opt/ros/jazzy/opt/gz_fuel_tools_vendor:/opt/ros/jazzy/opt/gz_msgs_vendor:/opt/ros/jazzy/opt/gz_common_vendor:/opt/ros/jazzy/opt/gz_math_vendor:/opt/ros/jazzy/opt/gz_utils_vendor:/opt/ros/jazzy/opt/gz_tools_vendor:/opt/ros/jazzy/opt/gz_ogre_next_vendor:/opt/ros/jazzy/opt/gz_dartsim_vendor:/opt/ros/jazzy/opt/gz_cmake_vendor:/opt/ros/jazzy PS1=<ROS2-Jazzy>[\u@\h \W]$ /usr/bin/cmake --install /home/robbinn/robotics/namespace/ros-lab-2/build/ros_gz_gazebo
[4.840s] -- Install configuration: ""
[4.846s] -- Installing: /home/robbinn/robotics/namespace/ros-lab-2/install/ros_gz_gazebo/lib/ros_gz_gazebo/libBasicSystem.so
[4.862s] -- Set non-toolchain portion of runtime path of "/home/robbinn/robotics/namespace/ros-lab-2/install/ros_gz_gazebo/lib/ros_gz_gazebo/libBasicSystem.so" to ""
[4.864s] -- Installing: /home/robbinn/robotics/namespace/ros-lab-2/install/ros_gz_gazebo/lib/ros_gz_gazebo/libFullSystem.so
[4.886s] -- Set non-toolchain portion of runtime path of "/home/robbinn/robotics/namespace/ros-lab-2/install/ros_gz_gazebo/lib/ros_gz_gazebo/libFullSystem.so" to ""
[4.888s] -- Installing: /home/robbinn/robotics/namespace/ros-lab-2/install/ros_gz_gazebo/share/ros_gz_gazebo/worlds
[4.894s] -- Installing: /home/robbinn/robotics/namespace/ros-lab-2/install/ros_gz_gazebo/share/ros_gz_gazebo/worlds/diff_drive.sdf
[4.901s] -- Installing: /home/robbinn/robotics/namespace/ros-lab-2/install/ros_gz_gazebo/share/ros_gz_gazebo/worlds/maze.sdf
[4.910s] -- Installing: /home/robbinn/robotics/namespace/ros-lab-2/install/ros_gz_gazebo/share/ros_gz_gazebo/environment/ros_gz_gazebo.dsv
[4.917s] -- Installing: /home/robbinn/robotics/namespace/ros-lab-2/install/ros_gz_gazebo/share/ros_gz_gazebo/environment/ros_gz_gazebo.sh
[4.928s] -- Installing: /home/robbinn/robotics/namespace/ros-lab-2/install/ros_gz_gazebo/share/ament_index/resource_index/package_run_dependencies/ros_gz_gazebo
[4.936s] -- Installing: /home/robbinn/robotics/namespace/ros-lab-2/install/ros_gz_gazebo/share/ament_index/resource_index/parent_prefix_path/ros_gz_gazebo
[4.942s] -- Installing: /home/robbinn/robotics/namespace/ros-lab-2/install/ros_gz_gazebo/share/ros_gz_gazebo/environment/ament_prefix_path.sh
[4.948s] -- Installing: /home/robbinn/robotics/namespace/ros-lab-2/install/ros_gz_gazebo/share/ros_gz_gazebo/environment/ament_prefix_path.dsv
[4.954s] -- Installing: /home/robbinn/robotics/namespace/ros-lab-2/install/ros_gz_gazebo/share/ros_gz_gazebo/environment/path.sh
[4.960s] -- Installing: /home/robbinn/robotics/namespace/ros-lab-2/install/ros_gz_gazebo/share/ros_gz_gazebo/environment/path.dsv
[4.968s] -- Installing: /home/robbinn/robotics/namespace/ros-lab-2/install/ros_gz_gazebo/share/ros_gz_gazebo/local_setup.bash
[4.975s] -- Installing: /home/robbinn/robotics/namespace/ros-lab-2/install/ros_gz_gazebo/share/ros_gz_gazebo/local_setup.sh
[4.981s] -- Installing: /home/robbinn/robotics/namespace/ros-lab-2/install/ros_gz_gazebo/share/ros_gz_gazebo/local_setup.zsh
[4.988s] -- Installing: /home/robbinn/robotics/namespace/ros-lab-2/install/ros_gz_gazebo/share/ros_gz_gazebo/local_setup.dsv
[4.995s] -- Installing: /home/robbinn/robotics/namespace/ros-lab-2/install/ros_gz_gazebo/share/ros_gz_gazebo/package.dsv
[5.007s] -- Installing: /home/robbinn/robotics/namespace/ros-lab-2/install/ros_gz_gazebo/share/ament_index/resource_index/packages/ros_gz_gazebo
[5.015s] -- Installing: /home/robbinn/robotics/namespace/ros-lab-2/install/ros_gz_gazebo/share/ros_gz_gazebo/cmake/ros_gz_gazeboConfig.cmake
[5.023s] -- Installing: /home/robbinn/robotics/namespace/ros-lab-2/install/ros_gz_gazebo/share/ros_gz_gazebo/cmake/ros_gz_gazeboConfig-version.cmake
[5.031s] -- Installing: /home/robbinn/robotics/namespace/ros-lab-2/install/ros_gz_gazebo/share/ros_gz_gazebo/package.xml
[5.040s] Invoked command in '/home/robbinn/robotics/namespace/ros-lab-2/build/ros_gz_gazebo' returned '0': CMAKE_PREFIX_PATH=/home/robbinn/robotics/namespace/ros-lab-2/install/ros_gz_description:/opt/ros/jazzy/opt/gz_sim_vendor:/opt/ros/jazzy/opt/gz_sensors_vendor:/opt/ros/jazzy/opt/gz_physics_vendor:/opt/ros/jazzy/opt/sdformat_vendor:/opt/ros/jazzy/opt/gz_gui_vendor:/opt/ros/jazzy/opt/gz_transport_vendor:/opt/ros/jazzy/opt/gz_rendering_vendor:/opt/ros/jazzy/opt/gz_plugin_vendor:/opt/ros/jazzy/opt/gz_fuel_tools_vendor:/opt/ros/jazzy/opt/gz_msgs_vendor:/opt/ros/jazzy/opt/gz_common_vendor:/opt/ros/jazzy/opt/gz_math_vendor:/opt/ros/jazzy/opt/gz_utils_vendor:/opt/ros/jazzy/opt/gz_tools_vendor:/opt/ros/jazzy/opt/gz_ogre_next_vendor:/opt/ros/jazzy/opt/gz_dartsim_vendor:/opt/ros/jazzy/opt/gz_cmake_vendor:/opt/ros/jazzy PS1=<ROS2-Jazzy>[\u@\h \W]$ /usr/bin/cmake --install /home/robbinn/robotics/namespace/ros-lab-2/build/ros_gz_gazebo
