[0.190s] DEBUG:colcon:Command line arguments: ['/usr/bin/colcon', 'build', '--cmake-args', '-DBUILD_TESTING=ON']
[0.190s] DEBUG:colcon:Parsed command line arguments: Namespace(log_base=None, log_level=None, verb_name='build', build_base='build', install_base='install', merge_install=False, symlink_install=False, test_result_base=None, continue_on_error=False, executor='parallel', parallel_workers=16, event_handlers=None, ignore_user_meta=False, metas=['./colcon.meta'], base_paths=['.'], packages_ignore=None, packages_ignore_regex=None, paths=None, packages_up_to=None, packages_up_to_regex=None, packages_above=None, packages_above_and_dependencies=None, packages_above_depth=None, packages_select_by_dep=None, packages_skip_by_dep=None, packages_skip_up_to=None, packages_select_build_failed=False, packages_skip_build_finished=False, packages_select_test_failures=False, packages_skip_test_passed=False, packages_select=None, packages_skip=None, packages_select_regex=None, packages_skip_regex=None, packages_start=None, packages_end=None, allow_overriding=[], cmake_args=['-DBUILD_TESTING=ON'], cmake_target=None, cmake_target_skip_unavailable=False, cmake_clean_cache=False, cmake_clean_first=False, cmake_force_configure=False, ament_cmake_args=None, catkin_cmake_args=None, catkin_skip_building_tests=False, mixin_files=None, mixin=None, verb_parser=<colcon_mixin.mixin.mixin_argument.MixinArgumentDecorator object at 0x7fc66adcf170>, verb_extension=<colcon_core.verb.build.BuildVerb object at 0x7fc66af43740>, main=<bound method BuildVerb.main of <colcon_core.verb.build.BuildVerb object at 0x7fc66af43740>>, mixin_verb=('build',))
[0.236s] Level 1:colcon.colcon_core.package_discovery:discover_packages(colcon_meta) check parameters
[0.236s] Level 1:colcon.colcon_core.package_discovery:discover_packages(recursive) check parameters
[0.236s] Level 1:colcon.colcon_core.package_discovery:discover_packages(ignore) check parameters
[0.236s] Level 1:colcon.colcon_core.package_discovery:discover_packages(path) check parameters
[0.236s] Level 1:colcon.colcon_core.package_discovery:discover_packages(colcon_meta) discover
[0.236s] Level 1:colcon.colcon_core.package_discovery:discover_packages(recursive) discover
[0.236s] INFO:colcon.colcon_core.package_discovery:Crawling recursively for packages in '/home/robbinn/robotics/namespace/ros-lab-2'
[0.236s] Level 1:colcon.colcon_core.package_identification:_identify(.) by extensions ['ignore', 'ignore_ament_install']
[0.237s] Level 1:colcon.colcon_core.package_identification:_identify(.) by extension 'ignore'
[0.237s] Level 1:colcon.colcon_core.package_identification:_identify(.) by extension 'ignore_ament_install'
[0.237s] Level 1:colcon.colcon_core.package_identification:_identify(.) by extensions ['colcon_pkg']
[0.237s] Level 1:colcon.colcon_core.package_identification:_identify(.) by extension 'colcon_pkg'
[0.237s] Level 1:colcon.colcon_core.package_identification:_identify(.) by extensions ['colcon_meta']
[0.237s] Level 1:colcon.colcon_core.package_identification:_identify(.) by extension 'colcon_meta'
[0.237s] Level 1:colcon.colcon_core.package_identification:_identify(.) by extensions ['ros']
[0.237s] Level 1:colcon.colcon_core.package_identification:_identify(.) by extension 'ros'
[0.261s] Level 1:colcon.colcon_core.package_identification:_identify(.) by extensions ['cmake', 'python']
[0.261s] Level 1:colcon.colcon_core.package_identification:_identify(.) by extension 'cmake'
[0.262s] Level 1:colcon.colcon_core.package_identification:_identify(.) by extension 'python'
[0.262s] Level 1:colcon.colcon_core.package_identification:_identify(.) by extensions ['python_setup_py']
[0.262s] Level 1:colcon.colcon_core.package_identification:_identify(.) by extension 'python_setup_py'
[0.262s] Level 1:colcon.colcon_core.package_identification:_identify(build) by extensions ['ignore', 'ignore_ament_install']
[0.262s] Level 1:colcon.colcon_core.package_identification:_identify(build) by extension 'ignore'
[0.262s] Level 1:colcon.colcon_core.package_identification:_identify(build) ignored
[0.263s] Level 1:colcon.colcon_core.package_identification:_identify(figs) by extensions ['ignore', 'ignore_ament_install']
[0.263s] Level 1:colcon.colcon_core.package_identification:_identify(figs) by extension 'ignore'
[0.263s] Level 1:colcon.colcon_core.package_identification:_identify(figs) by extension 'ignore_ament_install'
[0.263s] Level 1:colcon.colcon_core.package_identification:_identify(figs) by extensions ['colcon_pkg']
[0.263s] Level 1:colcon.colcon_core.package_identification:_identify(figs) by extension 'colcon_pkg'
[0.263s] Level 1:colcon.colcon_core.package_identification:_identify(figs) by extensions ['colcon_meta']
[0.263s] Level 1:colcon.colcon_core.package_identification:_identify(figs) by extension 'colcon_meta'
[0.263s] Level 1:colcon.colcon_core.package_identification:_identify(figs) by extensions ['ros']
[0.263s] Level 1:colcon.colcon_core.package_identification:_identify(figs) by extension 'ros'
[0.263s] Level 1:colcon.colcon_core.package_identification:_identify(figs) by extensions ['cmake', 'python']
[0.263s] Level 1:colcon.colcon_core.package_identification:_identify(figs) by extension 'cmake'
[0.263s] Level 1:colcon.colcon_core.package_identification:_identify(figs) by extension 'python'
[0.263s] Level 1:colcon.colcon_core.package_identification:_identify(figs) by extensions ['python_setup_py']
[0.263s] Level 1:colcon.colcon_core.package_identification:_identify(figs) by extension 'python_setup_py'
[0.264s] Level 1:colcon.colcon_core.package_identification:_identify(install) by extensions ['ignore', 'ignore_ament_install']
[0.264s] Level 1:colcon.colcon_core.package_identification:_identify(install) by extension 'ignore'
[0.264s] Level 1:colcon.colcon_core.package_identification:_identify(install) ignored
[0.265s] Level 1:colcon.colcon_core.package_identification:_identify(log) by extensions ['ignore', 'ignore_ament_install']
[0.265s] Level 1:colcon.colcon_core.package_identification:_identify(log) by extension 'ignore'
[0.265s] Level 1:colcon.colcon_core.package_identification:_identify(log) ignored
[0.266s] Level 1:colcon.colcon_core.package_identification:_identify(ros_gz_app) by extensions ['ignore', 'ignore_ament_install']
[0.266s] Level 1:colcon.colcon_core.package_identification:_identify(ros_gz_app) by extension 'ignore'
[0.266s] Level 1:colcon.colcon_core.package_identification:_identify(ros_gz_app) by extension 'ignore_ament_install'
[0.266s] Level 1:colcon.colcon_core.package_identification:_identify(ros_gz_app) by extensions ['colcon_pkg']
[0.266s] Level 1:colcon.colcon_core.package_identification:_identify(ros_gz_app) by extension 'colcon_pkg'
[0.266s] Level 1:colcon.colcon_core.package_identification:_identify(ros_gz_app) by extensions ['colcon_meta']
[0.266s] Level 1:colcon.colcon_core.package_identification:_identify(ros_gz_app) by extension 'colcon_meta'
[0.266s] Level 1:colcon.colcon_core.package_identification:_identify(ros_gz_app) by extensions ['ros']
[0.266s] Level 1:colcon.colcon_core.package_identification:_identify(ros_gz_app) by extension 'ros'
[0.268s] DEBUG:colcon.colcon_core.package_identification:Package 'ros_gz_app' with type 'ros.ament_cmake' and name 'ros_gz_app'
[0.269s] Level 1:colcon.colcon_core.package_identification:_identify(ros_gz_bringup) by extensions ['ignore', 'ignore_ament_install']
[0.269s] Level 1:colcon.colcon_core.package_identification:_identify(ros_gz_bringup) by extension 'ignore'
[0.269s] Level 1:colcon.colcon_core.package_identification:_identify(ros_gz_bringup) by extension 'ignore_ament_install'
[0.269s] Level 1:colcon.colcon_core.package_identification:_identify(ros_gz_bringup) by extensions ['colcon_pkg']
[0.269s] Level 1:colcon.colcon_core.package_identification:_identify(ros_gz_bringup) by extension 'colcon_pkg'
[0.269s] Level 1:colcon.colcon_core.package_identification:_identify(ros_gz_bringup) by extensions ['colcon_meta']
[0.269s] Level 1:colcon.colcon_core.package_identification:_identify(ros_gz_bringup) by extension 'colcon_meta'
[0.269s] Level 1:colcon.colcon_core.package_identification:_identify(ros_gz_bringup) by extensions ['ros']
[0.269s] Level 1:colcon.colcon_core.package_identification:_identify(ros_gz_bringup) by extension 'ros'
[0.270s] DEBUG:colcon.colcon_core.package_identification:Package 'ros_gz_bringup' with type 'ros.ament_cmake' and name 'ros_gz_bringup'
[0.270s] Level 1:colcon.colcon_core.package_identification:_identify(ros_gz_description) by extensions ['ignore', 'ignore_ament_install']
[0.270s] Level 1:colcon.colcon_core.package_identification:_identify(ros_gz_description) by extension 'ignore'
[0.270s] Level 1:colcon.colcon_core.package_identification:_identify(ros_gz_description) by extension 'ignore_ament_install'
[0.270s] Level 1:colcon.colcon_core.package_identification:_identify(ros_gz_description) by extensions ['colcon_pkg']
[0.270s] Level 1:colcon.colcon_core.package_identification:_identify(ros_gz_description) by extension 'colcon_pkg'
[0.270s] Level 1:colcon.colcon_core.package_identification:_identify(ros_gz_description) by extensions ['colcon_meta']
[0.270s] Level 1:colcon.colcon_core.package_identification:_identify(ros_gz_description) by extension 'colcon_meta'
[0.270s] Level 1:colcon.colcon_core.package_identification:_identify(ros_gz_description) by extensions ['ros']
[0.270s] Level 1:colcon.colcon_core.package_identification:_identify(ros_gz_description) by extension 'ros'
[0.270s] DEBUG:colcon.colcon_core.package_identification:Package 'ros_gz_description' with type 'ros.ament_cmake' and name 'ros_gz_description'
[0.271s] Level 1:colcon.colcon_core.package_identification:_identify(ros_gz_gazebo) by extensions ['ignore', 'ignore_ament_install']
[0.271s] Level 1:colcon.colcon_core.package_identification:_identify(ros_gz_gazebo) by extension 'ignore'
[0.271s] Level 1:colcon.colcon_core.package_identification:_identify(ros_gz_gazebo) by extension 'ignore_ament_install'
[0.271s] Level 1:colcon.colcon_core.package_identification:_identify(ros_gz_gazebo) by extensions ['colcon_pkg']
[0.271s] Level 1:colcon.colcon_core.package_identification:_identify(ros_gz_gazebo) by extension 'colcon_pkg'
[0.271s] Level 1:colcon.colcon_core.package_identification:_identify(ros_gz_gazebo) by extensions ['colcon_meta']
[0.271s] Level 1:colcon.colcon_core.package_identification:_identify(ros_gz_gazebo) by extension 'colcon_meta'
[0.271s] Level 1:colcon.colcon_core.package_identification:_identify(ros_gz_gazebo) by extensions ['ros']
[0.271s] Level 1:colcon.colcon_core.package_identification:_identify(ros_gz_gazebo) by extension 'ros'
[0.271s] DEBUG:colcon.colcon_core.package_identification:Package 'ros_gz_gazebo' with type 'ros.ament_cmake' and name 'ros_gz_gazebo'
[0.271s] Level 1:colcon.colcon_core.package_discovery:discover_packages(recursive) using defaults
[0.271s] Level 1:colcon.colcon_core.package_discovery:discover_packages(ignore) discover
[0.271s] Level 1:colcon.colcon_core.package_discovery:discover_packages(ignore) using defaults
[0.272s] Level 1:colcon.colcon_core.package_discovery:discover_packages(path) discover
[0.272s] Level 1:colcon.colcon_core.package_discovery:discover_packages(path) using defaults
[0.295s] Level 1:colcon.colcon_core.package_discovery:discover_packages(prefix_path) check parameters
[0.295s] Level 1:colcon.colcon_core.package_discovery:discover_packages(prefix_path) discover
[0.299s] DEBUG:colcon.colcon_installed_package_information.package_discovery:Found 317 installed packages in /opt/ros/jazzy
[0.299s] Level 1:colcon.colcon_core.package_discovery:discover_packages(prefix_path) using defaults
[0.331s] Level 5:colcon.colcon_core.verb:set package 'ros_gz_app' build argument 'cmake_args' from command line to '['-DBUILD_TESTING=ON']'
[0.331s] Level 5:colcon.colcon_core.verb:set package 'ros_gz_app' build argument 'cmake_target' from command line to 'None'
[0.331s] Level 5:colcon.colcon_core.verb:set package 'ros_gz_app' build argument 'cmake_target_skip_unavailable' from command line to 'False'
[0.331s] Level 5:colcon.colcon_core.verb:set package 'ros_gz_app' build argument 'cmake_clean_cache' from command line to 'False'
[0.331s] Level 5:colcon.colcon_core.verb:set package 'ros_gz_app' build argument 'cmake_clean_first' from command line to 'False'
[0.331s] Level 5:colcon.colcon_core.verb:set package 'ros_gz_app' build argument 'cmake_force_configure' from command line to 'False'
[0.331s] Level 5:colcon.colcon_core.verb:set package 'ros_gz_app' build argument 'ament_cmake_args' from command line to 'None'
[0.331s] Level 5:colcon.colcon_core.verb:set package 'ros_gz_app' build argument 'catkin_cmake_args' from command line to 'None'
[0.331s] Level 5:colcon.colcon_core.verb:set package 'ros_gz_app' build argument 'catkin_skip_building_tests' from command line to 'False'
[0.331s] DEBUG:colcon.colcon_core.verb:Building package 'ros_gz_app' with the following arguments: {'ament_cmake_args': None, 'build_base': '/home/robbinn/robotics/namespace/ros-lab-2/build/ros_gz_app', 'catkin_cmake_args': None, 'catkin_skip_building_tests': False, 'cmake_args': ['-DBUILD_TESTING=ON'], 'cmake_clean_cache': False, 'cmake_clean_first': False, 'cmake_force_configure': False, 'cmake_target': None, 'cmake_target_skip_unavailable': False, 'install_base': '/home/robbinn/robotics/namespace/ros-lab-2/install/ros_gz_app', 'merge_install': False, 'path': '/home/robbinn/robotics/namespace/ros-lab-2/ros_gz_app', 'symlink_install': False, 'test_result_base': None}
[0.331s] Level 5:colcon.colcon_core.verb:set package 'ros_gz_description' build argument 'cmake_args' from command line to '['-DBUILD_TESTING=ON']'
[0.331s] Level 5:colcon.colcon_core.verb:set package 'ros_gz_description' build argument 'cmake_target' from command line to 'None'
[0.331s] Level 5:colcon.colcon_core.verb:set package 'ros_gz_description' build argument 'cmake_target_skip_unavailable' from command line to 'False'
[0.331s] Level 5:colcon.colcon_core.verb:set package 'ros_gz_description' build argument 'cmake_clean_cache' from command line to 'False'
[0.331s] Level 5:colcon.colcon_core.verb:set package 'ros_gz_description' build argument 'cmake_clean_first' from command line to 'False'
[0.331s] Level 5:colcon.colcon_core.verb:set package 'ros_gz_description' build argument 'cmake_force_configure' from command line to 'False'
[0.331s] Level 5:colcon.colcon_core.verb:set package 'ros_gz_description' build argument 'ament_cmake_args' from command line to 'None'
[0.331s] Level 5:colcon.colcon_core.verb:set package 'ros_gz_description' build argument 'catkin_cmake_args' from command line to 'None'
[0.331s] Level 5:colcon.colcon_core.verb:set package 'ros_gz_description' build argument 'catkin_skip_building_tests' from command line to 'False'
[0.331s] DEBUG:colcon.colcon_core.verb:Building package 'ros_gz_description' with the following arguments: {'ament_cmake_args': None, 'build_base': '/home/robbinn/robotics/namespace/ros-lab-2/build/ros_gz_description', 'catkin_cmake_args': None, 'catkin_skip_building_tests': False, 'cmake_args': ['-DBUILD_TESTING=ON'], 'cmake_clean_cache': False, 'cmake_clean_first': False, 'cmake_force_configure': False, 'cmake_target': None, 'cmake_target_skip_unavailable': False, 'install_base': '/home/robbinn/robotics/namespace/ros-lab-2/install/ros_gz_description', 'merge_install': False, 'path': '/home/robbinn/robotics/namespace/ros-lab-2/ros_gz_description', 'symlink_install': False, 'test_result_base': None}
[0.331s] Level 5:colcon.colcon_core.verb:set package 'ros_gz_gazebo' build argument 'cmake_args' from command line to '['-DBUILD_TESTING=ON']'
[0.331s] Level 5:colcon.colcon_core.verb:set package 'ros_gz_gazebo' build argument 'cmake_target' from command line to 'None'
[0.331s] Level 5:colcon.colcon_core.verb:set package 'ros_gz_gazebo' build argument 'cmake_target_skip_unavailable' from command line to 'False'
[0.331s] Level 5:colcon.colcon_core.verb:set package 'ros_gz_gazebo' build argument 'cmake_clean_cache' from command line to 'False'
[0.331s] Level 5:colcon.colcon_core.verb:set package 'ros_gz_gazebo' build argument 'cmake_clean_first' from command line to 'False'
[0.331s] Level 5:colcon.colcon_core.verb:set package 'ros_gz_gazebo' build argument 'cmake_force_configure' from command line to 'False'
[0.332s] Level 5:colcon.colcon_core.verb:set package 'ros_gz_gazebo' build argument 'ament_cmake_args' from command line to 'None'
[0.332s] Level 5:colcon.colcon_core.verb:set package 'ros_gz_gazebo' build argument 'catkin_cmake_args' from command line to 'None'
[0.332s] Level 5:colcon.colcon_core.verb:set package 'ros_gz_gazebo' build argument 'catkin_skip_building_tests' from command line to 'False'
[0.332s] DEBUG:colcon.colcon_core.verb:Building package 'ros_gz_gazebo' with the following arguments: {'ament_cmake_args': None, 'build_base': '/home/robbinn/robotics/namespace/ros-lab-2/build/ros_gz_gazebo', 'catkin_cmake_args': None, 'catkin_skip_building_tests': False, 'cmake_args': ['-DBUILD_TESTING=ON'], 'cmake_clean_cache': False, 'cmake_clean_first': False, 'cmake_force_configure': False, 'cmake_target': None, 'cmake_target_skip_unavailable': False, 'install_base': '/home/robbinn/robotics/namespace/ros-lab-2/install/ros_gz_gazebo', 'merge_install': False, 'path': '/home/robbinn/robotics/namespace/ros-lab-2/ros_gz_gazebo', 'symlink_install': False, 'test_result_base': None}
[0.332s] Level 5:colcon.colcon_core.verb:set package 'ros_gz_bringup' build argument 'cmake_args' from command line to '['-DBUILD_TESTING=ON']'
[0.332s] Level 5:colcon.colcon_core.verb:set package 'ros_gz_bringup' build argument 'cmake_target' from command line to 'None'
[0.332s] Level 5:colcon.colcon_core.verb:set package 'ros_gz_bringup' build argument 'cmake_target_skip_unavailable' from command line to 'False'
[0.332s] Level 5:colcon.colcon_core.verb:set package 'ros_gz_bringup' build argument 'cmake_clean_cache' from command line to 'False'
[0.332s] Level 5:colcon.colcon_core.verb:set package 'ros_gz_bringup' build argument 'cmake_clean_first' from command line to 'False'
[0.332s] Level 5:colcon.colcon_core.verb:set package 'ros_gz_bringup' build argument 'cmake_force_configure' from command line to 'False'
[0.332s] Level 5:colcon.colcon_core.verb:set package 'ros_gz_bringup' build argument 'ament_cmake_args' from command line to 'None'
[0.332s] Level 5:colcon.colcon_core.verb:set package 'ros_gz_bringup' build argument 'catkin_cmake_args' from command line to 'None'
[0.332s] Level 5:colcon.colcon_core.verb:set package 'ros_gz_bringup' build argument 'catkin_skip_building_tests' from command line to 'False'
[0.332s] DEBUG:colcon.colcon_core.verb:Building package 'ros_gz_bringup' with the following arguments: {'ament_cmake_args': None, 'build_base': '/home/robbinn/robotics/namespace/ros-lab-2/build/ros_gz_bringup', 'catkin_cmake_args': None, 'catkin_skip_building_tests': False, 'cmake_args': ['-DBUILD_TESTING=ON'], 'cmake_clean_cache': False, 'cmake_clean_first': False, 'cmake_force_configure': False, 'cmake_target': None, 'cmake_target_skip_unavailable': False, 'install_base': '/home/robbinn/robotics/namespace/ros-lab-2/install/ros_gz_bringup', 'merge_install': False, 'path': '/home/robbinn/robotics/namespace/ros-lab-2/ros_gz_bringup', 'symlink_install': False, 'test_result_base': None}
[0.332s] INFO:colcon.colcon_core.executor:Executing jobs using 'parallel' executor
[0.333s] DEBUG:colcon.colcon_parallel_executor.executor.parallel:run_until_complete
[0.333s] INFO:colcon.colcon_ros.task.ament_cmake.build:Building ROS package in '/home/robbinn/robotics/namespace/ros-lab-2/ros_gz_description' with build type 'ament_cmake'
[0.333s] INFO:colcon.colcon_cmake.task.cmake.build:Building CMake package in '/home/robbinn/robotics/namespace/ros-lab-2/ros_gz_description'
[0.336s] INFO:colcon.colcon_core.plugin_system:Skipping extension 'colcon_core.shell.bat': Not used on non-Windows systems
[0.336s] INFO:colcon.colcon_core.shell:Skip shell extension 'powershell' for command environment: Not usable outside of PowerShell
[0.336s] DEBUG:colcon.colcon_core.shell:Skip shell extension 'dsv' for command environment
[0.345s] INFO:colcon.colcon_ros.task.ament_cmake.build:Building ROS package in '/home/robbinn/robotics/namespace/ros-lab-2/ros_gz_app' with build type 'ament_cmake'
[0.345s] INFO:colcon.colcon_cmake.task.cmake.build:Building CMake package in '/home/robbinn/robotics/namespace/ros-lab-2/ros_gz_app'
[0.345s] INFO:colcon.colcon_core.shell:Skip shell extension 'powershell' for command environment: Not usable outside of PowerShell
[0.345s] DEBUG:colcon.colcon_core.shell:Skip shell extension 'dsv' for command environment
[0.365s] DEBUG:colcon.colcon_core.event_handler.log_command:Invoking command in '/home/robbinn/robotics/namespace/ros-lab-2/build/ros_gz_description': CMAKE_PREFIX_PATH=${CMAKE_PREFIX_PATH}:/opt/ros/jazzy PS1=<ROS2-Jazzy>[\u@\h \W]$ /usr/bin/cmake --build /home/robbinn/robotics/namespace/ros-lab-2/build/ros_gz_description -- -j16 -l16
[0.376s] DEBUG:colcon.colcon_core.event_handler.log_command:Invoking command in '/home/robbinn/robotics/namespace/ros-lab-2/build/ros_gz_app': CMAKE_PREFIX_PATH=${CMAKE_PREFIX_PATH}:/opt/ros/jazzy PS1=<ROS2-Jazzy>[\u@\h \W]$ /usr/bin/cmake --build /home/robbinn/robotics/namespace/ros-lab-2/build/ros_gz_app -- -j16 -l16
[0.531s] DEBUG:colcon.colcon_core.event_handler.log_command:Invoked command in '/home/robbinn/robotics/namespace/ros-lab-2/build/ros_gz_description' returned '0': CMAKE_PREFIX_PATH=${CMAKE_PREFIX_PATH}:/opt/ros/jazzy PS1=<ROS2-Jazzy>[\u@\h \W]$ /usr/bin/cmake --build /home/robbinn/robotics/namespace/ros-lab-2/build/ros_gz_description -- -j16 -l16
[0.548s] DEBUG:colcon.colcon_core.event_handler.log_command:Invoking command in '/home/robbinn/robotics/namespace/ros-lab-2/build/ros_gz_description': CMAKE_PREFIX_PATH=${CMAKE_PREFIX_PATH}:/opt/ros/jazzy PS1=<ROS2-Jazzy>[\u@\h \W]$ /usr/bin/cmake --install /home/robbinn/robotics/namespace/ros-lab-2/build/ros_gz_description
[0.549s] DEBUG:colcon.colcon_core.event_handler.log_command:Invoked command in '/home/robbinn/robotics/namespace/ros-lab-2/build/ros_gz_app' returned '0': CMAKE_PREFIX_PATH=${CMAKE_PREFIX_PATH}:/opt/ros/jazzy PS1=<ROS2-Jazzy>[\u@\h \W]$ /usr/bin/cmake --build /home/robbinn/robotics/namespace/ros-lab-2/build/ros_gz_app -- -j16 -l16
[0.550s] DEBUG:colcon.colcon_core.event_handler.log_command:Invoking command in '/home/robbinn/robotics/namespace/ros-lab-2/build/ros_gz_app': CMAKE_PREFIX_PATH=${CMAKE_PREFIX_PATH}:/opt/ros/jazzy PS1=<ROS2-Jazzy>[\u@\h \W]$ /usr/bin/cmake --install /home/robbinn/robotics/namespace/ros-lab-2/build/ros_gz_app
[0.583s] Level 1:colcon.colcon_core.environment:create_environment_scripts_only(ros_gz_app)
[0.583s] DEBUG:colcon.colcon_core.event_handler.log_command:Invoked command in '/home/robbinn/robotics/namespace/ros-lab-2/build/ros_gz_app' returned '0': CMAKE_PREFIX_PATH=${CMAKE_PREFIX_PATH}:/opt/ros/jazzy PS1=<ROS2-Jazzy>[\u@\h \W]$ /usr/bin/cmake --install /home/robbinn/robotics/namespace/ros-lab-2/build/ros_gz_app
[0.588s] Level 1:colcon.colcon_core.environment:checking '/home/robbinn/robotics/namespace/ros-lab-2/install/ros_gz_app' for CMake module files
[0.589s] Level 1:colcon.colcon_core.environment:checking '/home/robbinn/robotics/namespace/ros-lab-2/install/ros_gz_app' for CMake config files
[0.590s] Level 1:colcon.colcon_core.shell:create_environment_hook('ros_gz_app', 'cmake_prefix_path')
[0.591s] INFO:colcon.colcon_core.shell:Creating environment hook '/home/robbinn/robotics/namespace/ros-lab-2/install/ros_gz_app/share/ros_gz_app/hook/cmake_prefix_path.ps1'
[0.593s] INFO:colcon.colcon_core.shell:Creating environment descriptor '/home/robbinn/robotics/namespace/ros-lab-2/install/ros_gz_app/share/ros_gz_app/hook/cmake_prefix_path.dsv'
[0.597s] INFO:colcon.colcon_core.shell:Creating environment hook '/home/robbinn/robotics/namespace/ros-lab-2/install/ros_gz_app/share/ros_gz_app/hook/cmake_prefix_path.sh'
[0.599s] Level 1:colcon.colcon_core.environment:checking '/home/robbinn/robotics/namespace/ros-lab-2/install/ros_gz_app/bin'
[0.599s] Level 1:colcon.colcon_core.environment:checking '/home/robbinn/robotics/namespace/ros-lab-2/install/ros_gz_app/lib/pkgconfig/ros_gz_app.pc'
[0.600s] Level 1:colcon.colcon_core.environment:checking '/home/robbinn/robotics/namespace/ros-lab-2/install/ros_gz_app/lib/python3.12/site-packages'
[0.600s] Level 1:colcon.colcon_core.environment:checking '/home/robbinn/robotics/namespace/ros-lab-2/install/ros_gz_app/bin'
[0.600s] INFO:colcon.colcon_core.shell:Creating package script '/home/robbinn/robotics/namespace/ros-lab-2/install/ros_gz_app/share/ros_gz_app/package.ps1'
[0.603s] INFO:colcon.colcon_core.shell:Creating package descriptor '/home/robbinn/robotics/namespace/ros-lab-2/install/ros_gz_app/share/ros_gz_app/package.dsv'
[0.605s] INFO:colcon.colcon_core.shell:Creating package script '/home/robbinn/robotics/namespace/ros-lab-2/install/ros_gz_app/share/ros_gz_app/package.sh'
[0.608s] INFO:colcon.colcon_core.shell:Creating package script '/home/robbinn/robotics/namespace/ros-lab-2/install/ros_gz_app/share/ros_gz_app/package.bash'
[0.610s] INFO:colcon.colcon_core.shell:Creating package script '/home/robbinn/robotics/namespace/ros-lab-2/install/ros_gz_app/share/ros_gz_app/package.zsh'
[0.613s] Level 1:colcon.colcon_core.environment:create_file_with_runtime_dependencies(/home/robbinn/robotics/namespace/ros-lab-2/install/ros_gz_app/share/colcon-core/packages/ros_gz_app)
[0.615s] Level 1:colcon.colcon_core.environment:create_environment_scripts_only(ros_gz_app)
[0.615s] Level 1:colcon.colcon_core.environment:checking '/home/robbinn/robotics/namespace/ros-lab-2/install/ros_gz_app' for CMake module files
[0.616s] Level 1:colcon.colcon_core.environment:checking '/home/robbinn/robotics/namespace/ros-lab-2/install/ros_gz_app' for CMake config files
[0.616s] Level 1:colcon.colcon_core.shell:create_environment_hook('ros_gz_app', 'cmake_prefix_path')
[0.617s] INFO:colcon.colcon_core.shell:Creating environment hook '/home/robbinn/robotics/namespace/ros-lab-2/install/ros_gz_app/share/ros_gz_app/hook/cmake_prefix_path.ps1'
[0.619s] INFO:colcon.colcon_core.shell:Creating environment descriptor '/home/robbinn/robotics/namespace/ros-lab-2/install/ros_gz_app/share/ros_gz_app/hook/cmake_prefix_path.dsv'
[0.622s] INFO:colcon.colcon_core.shell:Creating environment hook '/home/robbinn/robotics/namespace/ros-lab-2/install/ros_gz_app/share/ros_gz_app/hook/cmake_prefix_path.sh'
[0.625s] Level 1:colcon.colcon_core.environment:checking '/home/robbinn/robotics/namespace/ros-lab-2/install/ros_gz_app/bin'
[0.625s] Level 1:colcon.colcon_core.environment:checking '/home/robbinn/robotics/namespace/ros-lab-2/install/ros_gz_app/lib/pkgconfig/ros_gz_app.pc'
[0.625s] Level 1:colcon.colcon_core.environment:checking '/home/robbinn/robotics/namespace/ros-lab-2/install/ros_gz_app/lib/python3.12/site-packages'
[0.625s] Level 1:colcon.colcon_core.environment:checking '/home/robbinn/robotics/namespace/ros-lab-2/install/ros_gz_app/bin'
[0.625s] INFO:colcon.colcon_core.shell:Creating package script '/home/robbinn/robotics/namespace/ros-lab-2/install/ros_gz_app/share/ros_gz_app/package.ps1'
[0.627s] INFO:colcon.colcon_core.shell:Creating package descriptor '/home/robbinn/robotics/namespace/ros-lab-2/install/ros_gz_app/share/ros_gz_app/package.dsv'
[0.630s] INFO:colcon.colcon_core.shell:Creating package script '/home/robbinn/robotics/namespace/ros-lab-2/install/ros_gz_app/share/ros_gz_app/package.sh'
[0.633s] INFO:colcon.colcon_core.shell:Creating package script '/home/robbinn/robotics/namespace/ros-lab-2/install/ros_gz_app/share/ros_gz_app/package.bash'
[0.635s] INFO:colcon.colcon_core.shell:Creating package script '/home/robbinn/robotics/namespace/ros-lab-2/install/ros_gz_app/share/ros_gz_app/package.zsh'
[0.638s] Level 1:colcon.colcon_core.environment:create_file_with_runtime_dependencies(/home/robbinn/robotics/namespace/ros-lab-2/install/ros_gz_app/share/colcon-core/packages/ros_gz_app)
[0.639s] Level 1:colcon.colcon_core.environment:create_environment_scripts_only(ros_gz_description)
[0.639s] Level 1:colcon.colcon_core.environment:checking '/home/robbinn/robotics/namespace/ros-lab-2/install/ros_gz_description' for CMake module files
[0.640s] Level 1:colcon.colcon_core.environment:checking '/home/robbinn/robotics/namespace/ros-lab-2/install/ros_gz_description' for CMake config files
[0.645s] Level 1:colcon.colcon_core.shell:create_environment_hook('ros_gz_description', 'cmake_prefix_path')
[0.645s] INFO:colcon.colcon_core.shell:Creating environment hook '/home/robbinn/robotics/namespace/ros-lab-2/install/ros_gz_description/share/ros_gz_description/hook/cmake_prefix_path.ps1'
[0.645s] DEBUG:colcon.colcon_core.event_handler.log_command:Invoked command in '/home/robbinn/robotics/namespace/ros-lab-2/build/ros_gz_description' returned '0': CMAKE_PREFIX_PATH=${CMAKE_PREFIX_PATH}:/opt/ros/jazzy PS1=<ROS2-Jazzy>[\u@\h \W]$ /usr/bin/cmake --install /home/robbinn/robotics/namespace/ros-lab-2/build/ros_gz_description
[0.647s] INFO:colcon.colcon_core.shell:Creating environment descriptor '/home/robbinn/robotics/namespace/ros-lab-2/install/ros_gz_description/share/ros_gz_description/hook/cmake_prefix_path.dsv'
[0.649s] INFO:colcon.colcon_core.shell:Creating environment hook '/home/robbinn/robotics/namespace/ros-lab-2/install/ros_gz_description/share/ros_gz_description/hook/cmake_prefix_path.sh'
[0.653s] Level 1:colcon.colcon_core.environment:checking '/home/robbinn/robotics/namespace/ros-lab-2/install/ros_gz_description/bin'
[0.653s] Level 1:colcon.colcon_core.environment:checking '/home/robbinn/robotics/namespace/ros-lab-2/install/ros_gz_description/lib/pkgconfig/ros_gz_description.pc'
[0.653s] Level 1:colcon.colcon_core.environment:checking '/home/robbinn/robotics/namespace/ros-lab-2/install/ros_gz_description/lib/python3.12/site-packages'
[0.653s] Level 1:colcon.colcon_core.environment:checking '/home/robbinn/robotics/namespace/ros-lab-2/install/ros_gz_description/bin'
[0.653s] INFO:colcon.colcon_core.shell:Creating package script '/home/robbinn/robotics/namespace/ros-lab-2/install/ros_gz_description/share/ros_gz_description/package.ps1'
[0.655s] INFO:colcon.colcon_core.shell:Creating package descriptor '/home/robbinn/robotics/namespace/ros-lab-2/install/ros_gz_description/share/ros_gz_description/package.dsv'
[0.657s] INFO:colcon.colcon_core.shell:Creating package script '/home/robbinn/robotics/namespace/ros-lab-2/install/ros_gz_description/share/ros_gz_description/package.sh'
[0.659s] INFO:colcon.colcon_core.shell:Creating package script '/home/robbinn/robotics/namespace/ros-lab-2/install/ros_gz_description/share/ros_gz_description/package.bash'
[0.662s] INFO:colcon.colcon_core.shell:Creating package script '/home/robbinn/robotics/namespace/ros-lab-2/install/ros_gz_description/share/ros_gz_description/package.zsh'
[0.664s] Level 1:colcon.colcon_core.environment:create_file_with_runtime_dependencies(/home/robbinn/robotics/namespace/ros-lab-2/install/ros_gz_description/share/colcon-core/packages/ros_gz_description)
[0.665s] Level 1:colcon.colcon_core.environment:create_environment_scripts_only(ros_gz_description)
[0.665s] Level 1:colcon.colcon_core.environment:checking '/home/robbinn/robotics/namespace/ros-lab-2/install/ros_gz_description' for CMake module files
[0.666s] Level 1:colcon.colcon_core.environment:checking '/home/robbinn/robotics/namespace/ros-lab-2/install/ros_gz_description' for CMake config files
[0.669s] Level 1:colcon.colcon_core.shell:create_environment_hook('ros_gz_description', 'cmake_prefix_path')
[0.669s] INFO:colcon.colcon_core.shell:Creating environment hook '/home/robbinn/robotics/namespace/ros-lab-2/install/ros_gz_description/share/ros_gz_description/hook/cmake_prefix_path.ps1'
[0.671s] INFO:colcon.colcon_core.shell:Creating environment descriptor '/home/robbinn/robotics/namespace/ros-lab-2/install/ros_gz_description/share/ros_gz_description/hook/cmake_prefix_path.dsv'
[0.673s] INFO:colcon.colcon_core.shell:Creating environment hook '/home/robbinn/robotics/namespace/ros-lab-2/install/ros_gz_description/share/ros_gz_description/hook/cmake_prefix_path.sh'
[0.675s] Level 1:colcon.colcon_core.environment:checking '/home/robbinn/robotics/namespace/ros-lab-2/install/ros_gz_description/bin'
[0.675s] Level 1:colcon.colcon_core.environment:checking '/home/robbinn/robotics/namespace/ros-lab-2/install/ros_gz_description/lib/pkgconfig/ros_gz_description.pc'
[0.675s] Level 1:colcon.colcon_core.environment:checking '/home/robbinn/robotics/namespace/ros-lab-2/install/ros_gz_description/lib/python3.12/site-packages'
[0.676s] Level 1:colcon.colcon_core.environment:checking '/home/robbinn/robotics/namespace/ros-lab-2/install/ros_gz_description/bin'
[0.676s] INFO:colcon.colcon_core.shell:Creating package script '/home/robbinn/robotics/namespace/ros-lab-2/install/ros_gz_description/share/ros_gz_description/package.ps1'
[0.678s] INFO:colcon.colcon_core.shell:Creating package descriptor '/home/robbinn/robotics/namespace/ros-lab-2/install/ros_gz_description/share/ros_gz_description/package.dsv'
[0.680s] INFO:colcon.colcon_core.shell:Creating package script '/home/robbinn/robotics/namespace/ros-lab-2/install/ros_gz_description/share/ros_gz_description/package.sh'
[0.681s] INFO:colcon.colcon_core.shell:Creating package script '/home/robbinn/robotics/namespace/ros-lab-2/install/ros_gz_description/share/ros_gz_description/package.bash'
[0.683s] INFO:colcon.colcon_core.shell:Creating package script '/home/robbinn/robotics/namespace/ros-lab-2/install/ros_gz_description/share/ros_gz_description/package.zsh'
[0.685s] Level 1:colcon.colcon_core.environment:create_file_with_runtime_dependencies(/home/robbinn/robotics/namespace/ros-lab-2/install/ros_gz_description/share/colcon-core/packages/ros_gz_description)
[0.686s] INFO:colcon.colcon_ros.task.ament_cmake.build:Building ROS package in '/home/robbinn/robotics/namespace/ros-lab-2/ros_gz_gazebo' with build type 'ament_cmake'
[0.686s] INFO:colcon.colcon_cmake.task.cmake.build:Building CMake package in '/home/robbinn/robotics/namespace/ros-lab-2/ros_gz_gazebo'
[0.686s] INFO:colcon.colcon_core.shell:Skip shell extension 'powershell' for command environment: Not usable outside of PowerShell
[0.686s] DEBUG:colcon.colcon_core.shell:Skip shell extension 'dsv' for command environment
[0.705s] DEBUG:colcon.colcon_core.event_handler.log_command:Invoking command in '/home/robbinn/robotics/namespace/ros-lab-2/build/ros_gz_gazebo': CMAKE_PREFIX_PATH=/home/robbinn/robotics/namespace/ros-lab-2/install/ros_gz_description:/opt/ros/jazzy/opt/gz_sim_vendor:/opt/ros/jazzy/opt/gz_sensors_vendor:/opt/ros/jazzy/opt/gz_physics_vendor:/opt/ros/jazzy/opt/sdformat_vendor:/opt/ros/jazzy/opt/gz_gui_vendor:/opt/ros/jazzy/opt/gz_transport_vendor:/opt/ros/jazzy/opt/gz_rendering_vendor:/opt/ros/jazzy/opt/gz_plugin_vendor:/opt/ros/jazzy/opt/gz_fuel_tools_vendor:/opt/ros/jazzy/opt/gz_msgs_vendor:/opt/ros/jazzy/opt/gz_common_vendor:/opt/ros/jazzy/opt/gz_math_vendor:/opt/ros/jazzy/opt/gz_utils_vendor:/opt/ros/jazzy/opt/gz_tools_vendor:/opt/ros/jazzy/opt/gz_ogre_next_vendor:/opt/ros/jazzy/opt/gz_dartsim_vendor:/opt/ros/jazzy/opt/gz_cmake_vendor:/opt/ros/jazzy PS1=<ROS2-Jazzy>[\u@\h \W]$ /usr/bin/cmake --build /home/robbinn/robotics/namespace/ros-lab-2/build/ros_gz_gazebo -- -j16 -l16
[0.804s] DEBUG:colcon.colcon_core.event_handler.log_command:Invoked command in '/home/robbinn/robotics/namespace/ros-lab-2/build/ros_gz_gazebo' returned '0': CMAKE_PREFIX_PATH=/home/robbinn/robotics/namespace/ros-lab-2/install/ros_gz_description:/opt/ros/jazzy/opt/gz_sim_vendor:/opt/ros/jazzy/opt/gz_sensors_vendor:/opt/ros/jazzy/opt/gz_physics_vendor:/opt/ros/jazzy/opt/sdformat_vendor:/opt/ros/jazzy/opt/gz_gui_vendor:/opt/ros/jazzy/opt/gz_transport_vendor:/opt/ros/jazzy/opt/gz_rendering_vendor:/opt/ros/jazzy/opt/gz_plugin_vendor:/opt/ros/jazzy/opt/gz_fuel_tools_vendor:/opt/ros/jazzy/opt/gz_msgs_vendor:/opt/ros/jazzy/opt/gz_common_vendor:/opt/ros/jazzy/opt/gz_math_vendor:/opt/ros/jazzy/opt/gz_utils_vendor:/opt/ros/jazzy/opt/gz_tools_vendor:/opt/ros/jazzy/opt/gz_ogre_next_vendor:/opt/ros/jazzy/opt/gz_dartsim_vendor:/opt/ros/jazzy/opt/gz_cmake_vendor:/opt/ros/jazzy PS1=<ROS2-Jazzy>[\u@\h \W]$ /usr/bin/cmake --build /home/robbinn/robotics/namespace/ros-lab-2/build/ros_gz_gazebo -- -j16 -l16
[0.805s] DEBUG:colcon.colcon_core.event_handler.log_command:Invoking command in '/home/robbinn/robotics/namespace/ros-lab-2/build/ros_gz_gazebo': CMAKE_PREFIX_PATH=/home/robbinn/robotics/namespace/ros-lab-2/install/ros_gz_description:/opt/ros/jazzy/opt/gz_sim_vendor:/opt/ros/jazzy/opt/gz_sensors_vendor:/opt/ros/jazzy/opt/gz_physics_vendor:/opt/ros/jazzy/opt/sdformat_vendor:/opt/ros/jazzy/opt/gz_gui_vendor:/opt/ros/jazzy/opt/gz_transport_vendor:/opt/ros/jazzy/opt/gz_rendering_vendor:/opt/ros/jazzy/opt/gz_plugin_vendor:/opt/ros/jazzy/opt/gz_fuel_tools_vendor:/opt/ros/jazzy/opt/gz_msgs_vendor:/opt/ros/jazzy/opt/gz_common_vendor:/opt/ros/jazzy/opt/gz_math_vendor:/opt/ros/jazzy/opt/gz_utils_vendor:/opt/ros/jazzy/opt/gz_tools_vendor:/opt/ros/jazzy/opt/gz_ogre_next_vendor:/opt/ros/jazzy/opt/gz_dartsim_vendor:/opt/ros/jazzy/opt/gz_cmake_vendor:/opt/ros/jazzy PS1=<ROS2-Jazzy>[\u@\h \W]$ /usr/bin/cmake --install /home/robbinn/robotics/namespace/ros-lab-2/build/ros_gz_gazebo
[0.853s] Level 1:colcon.colcon_core.environment:create_environment_scripts_only(ros_gz_gazebo)
[0.853s] Level 1:colcon.colcon_core.environment:checking '/home/robbinn/robotics/namespace/ros-lab-2/install/ros_gz_gazebo' for CMake module files
[0.854s] DEBUG:colcon.colcon_core.event_handler.log_command:Invoked command in '/home/robbinn/robotics/namespace/ros-lab-2/build/ros_gz_gazebo' returned '0': CMAKE_PREFIX_PATH=/home/robbinn/robotics/namespace/ros-lab-2/install/ros_gz_description:/opt/ros/jazzy/opt/gz_sim_vendor:/opt/ros/jazzy/opt/gz_sensors_vendor:/opt/ros/jazzy/opt/gz_physics_vendor:/opt/ros/jazzy/opt/sdformat_vendor:/opt/ros/jazzy/opt/gz_gui_vendor:/opt/ros/jazzy/opt/gz_transport_vendor:/opt/ros/jazzy/opt/gz_rendering_vendor:/opt/ros/jazzy/opt/gz_plugin_vendor:/opt/ros/jazzy/opt/gz_fuel_tools_vendor:/opt/ros/jazzy/opt/gz_msgs_vendor:/opt/ros/jazzy/opt/gz_common_vendor:/opt/ros/jazzy/opt/gz_math_vendor:/opt/ros/jazzy/opt/gz_utils_vendor:/opt/ros/jazzy/opt/gz_tools_vendor:/opt/ros/jazzy/opt/gz_ogre_next_vendor:/opt/ros/jazzy/opt/gz_dartsim_vendor:/opt/ros/jazzy/opt/gz_cmake_vendor:/opt/ros/jazzy PS1=<ROS2-Jazzy>[\u@\h \W]$ /usr/bin/cmake --install /home/robbinn/robotics/namespace/ros-lab-2/build/ros_gz_gazebo
[0.856s] Level 1:colcon.colcon_core.environment:checking '/home/robbinn/robotics/namespace/ros-lab-2/install/ros_gz_gazebo' for CMake config files
[0.858s] Level 1:colcon.colcon_core.shell:create_environment_hook('ros_gz_gazebo', 'cmake_prefix_path')
[0.858s] INFO:colcon.colcon_core.shell:Creating environment hook '/home/robbinn/robotics/namespace/ros-lab-2/install/ros_gz_gazebo/share/ros_gz_gazebo/hook/cmake_prefix_path.ps1'
[0.861s] INFO:colcon.colcon_core.shell:Creating environment descriptor '/home/robbinn/robotics/namespace/ros-lab-2/install/ros_gz_gazebo/share/ros_gz_gazebo/hook/cmake_prefix_path.dsv'
[0.864s] INFO:colcon.colcon_core.shell:Creating environment hook '/home/robbinn/robotics/namespace/ros-lab-2/install/ros_gz_gazebo/share/ros_gz_gazebo/hook/cmake_prefix_path.sh'
[0.866s] Level 1:colcon.colcon_core.environment:checking '/home/robbinn/robotics/namespace/ros-lab-2/install/ros_gz_gazebo/lib'
[0.867s] Level 1:colcon.colcon_core.environment:checking '/home/robbinn/robotics/namespace/ros-lab-2/install/ros_gz_gazebo/bin'
[0.867s] Level 1:colcon.colcon_core.environment:checking '/home/robbinn/robotics/namespace/ros-lab-2/install/ros_gz_gazebo/lib/pkgconfig/ros_gz_gazebo.pc'
[0.867s] Level 1:colcon.colcon_core.environment:checking '/home/robbinn/robotics/namespace/ros-lab-2/install/ros_gz_gazebo/lib/python3.12/site-packages'
[0.867s] Level 1:colcon.colcon_core.environment:checking '/home/robbinn/robotics/namespace/ros-lab-2/install/ros_gz_gazebo/bin'
[0.867s] INFO:colcon.colcon_core.shell:Creating package script '/home/robbinn/robotics/namespace/ros-lab-2/install/ros_gz_gazebo/share/ros_gz_gazebo/package.ps1'
[0.870s] INFO:colcon.colcon_core.shell:Creating package descriptor '/home/robbinn/robotics/namespace/ros-lab-2/install/ros_gz_gazebo/share/ros_gz_gazebo/package.dsv'
[0.873s] INFO:colcon.colcon_core.shell:Creating package script '/home/robbinn/robotics/namespace/ros-lab-2/install/ros_gz_gazebo/share/ros_gz_gazebo/package.sh'
[0.876s] INFO:colcon.colcon_core.shell:Creating package script '/home/robbinn/robotics/namespace/ros-lab-2/install/ros_gz_gazebo/share/ros_gz_gazebo/package.bash'
[0.878s] INFO:colcon.colcon_core.shell:Creating package script '/home/robbinn/robotics/namespace/ros-lab-2/install/ros_gz_gazebo/share/ros_gz_gazebo/package.zsh'
[0.881s] Level 1:colcon.colcon_core.environment:create_file_with_runtime_dependencies(/home/robbinn/robotics/namespace/ros-lab-2/install/ros_gz_gazebo/share/colcon-core/packages/ros_gz_gazebo)
[0.884s] Level 1:colcon.colcon_core.environment:create_environment_scripts_only(ros_gz_gazebo)
[0.884s] Level 1:colcon.colcon_core.environment:checking '/home/robbinn/robotics/namespace/ros-lab-2/install/ros_gz_gazebo' for CMake module files
[0.885s] Level 1:colcon.colcon_core.environment:checking '/home/robbinn/robotics/namespace/ros-lab-2/install/ros_gz_gazebo' for CMake config files
[0.888s] Level 1:colcon.colcon_core.shell:create_environment_hook('ros_gz_gazebo', 'cmake_prefix_path')
[0.888s] INFO:colcon.colcon_core.shell:Creating environment hook '/home/robbinn/robotics/namespace/ros-lab-2/install/ros_gz_gazebo/share/ros_gz_gazebo/hook/cmake_prefix_path.ps1'
[0.890s] INFO:colcon.colcon_core.shell:Creating environment descriptor '/home/robbinn/robotics/namespace/ros-lab-2/install/ros_gz_gazebo/share/ros_gz_gazebo/hook/cmake_prefix_path.dsv'
[0.892s] INFO:colcon.colcon_core.shell:Creating environment hook '/home/robbinn/robotics/namespace/ros-lab-2/install/ros_gz_gazebo/share/ros_gz_gazebo/hook/cmake_prefix_path.sh'
[0.895s] Level 1:colcon.colcon_core.environment:checking '/home/robbinn/robotics/namespace/ros-lab-2/install/ros_gz_gazebo/lib'
[0.895s] Level 1:colcon.colcon_core.environment:checking '/home/robbinn/robotics/namespace/ros-lab-2/install/ros_gz_gazebo/bin'
[0.895s] Level 1:colcon.colcon_core.environment:checking '/home/robbinn/robotics/namespace/ros-lab-2/install/ros_gz_gazebo/lib/pkgconfig/ros_gz_gazebo.pc'
[0.895s] Level 1:colcon.colcon_core.environment:checking '/home/robbinn/robotics/namespace/ros-lab-2/install/ros_gz_gazebo/lib/python3.12/site-packages'
[0.896s] Level 1:colcon.colcon_core.environment:checking '/home/robbinn/robotics/namespace/ros-lab-2/install/ros_gz_gazebo/bin'
[0.896s] INFO:colcon.colcon_core.shell:Creating package script '/home/robbinn/robotics/namespace/ros-lab-2/install/ros_gz_gazebo/share/ros_gz_gazebo/package.ps1'
[0.898s] INFO:colcon.colcon_core.shell:Creating package descriptor '/home/robbinn/robotics/namespace/ros-lab-2/install/ros_gz_gazebo/share/ros_gz_gazebo/package.dsv'
[0.901s] INFO:colcon.colcon_core.shell:Creating package script '/home/robbinn/robotics/namespace/ros-lab-2/install/ros_gz_gazebo/share/ros_gz_gazebo/package.sh'
[0.904s] INFO:colcon.colcon_core.shell:Creating package script '/home/robbinn/robotics/namespace/ros-lab-2/install/ros_gz_gazebo/share/ros_gz_gazebo/package.bash'
[0.906s] INFO:colcon.colcon_core.shell:Creating package script '/home/robbinn/robotics/namespace/ros-lab-2/install/ros_gz_gazebo/share/ros_gz_gazebo/package.zsh'
[0.908s] Level 1:colcon.colcon_core.environment:create_file_with_runtime_dependencies(/home/robbinn/robotics/namespace/ros-lab-2/install/ros_gz_gazebo/share/colcon-core/packages/ros_gz_gazebo)
[0.911s] INFO:colcon.colcon_ros.task.ament_cmake.build:Building ROS package in '/home/robbinn/robotics/namespace/ros-lab-2/ros_gz_bringup' with build type 'ament_cmake'
[0.911s] INFO:colcon.colcon_cmake.task.cmake.build:Building CMake package in '/home/robbinn/robotics/namespace/ros-lab-2/ros_gz_bringup'
[0.911s] INFO:colcon.colcon_core.shell:Skip shell extension 'powershell' for command environment: Not usable outside of PowerShell
[0.911s] DEBUG:colcon.colcon_core.shell:Skip shell extension 'dsv' for command environment
[0.938s] DEBUG:colcon.colcon_core.event_handler.log_command:Invoking command in '/home/robbinn/robotics/namespace/ros-lab-2/build/ros_gz_bringup': AMENT_PREFIX_PATH=/home/robbinn/robotics/namespace/ros-lab-2/install/ros_gz_gazebo:${AMENT_PREFIX_PATH} CMAKE_PREFIX_PATH=/home/robbinn/robotics/namespace/ros-lab-2/install/ros_gz_gazebo:/home/robbinn/robotics/namespace/ros-lab-2/install/ros_gz_description:/opt/ros/jazzy/opt/gz_sim_vendor:/opt/ros/jazzy/opt/gz_sensors_vendor:/opt/ros/jazzy/opt/gz_physics_vendor:/opt/ros/jazzy/opt/sdformat_vendor:/opt/ros/jazzy/opt/gz_gui_vendor:/opt/ros/jazzy/opt/gz_transport_vendor:/opt/ros/jazzy/opt/gz_rendering_vendor:/opt/ros/jazzy/opt/gz_plugin_vendor:/opt/ros/jazzy/opt/gz_fuel_tools_vendor:/opt/ros/jazzy/opt/gz_msgs_vendor:/opt/ros/jazzy/opt/gz_common_vendor:/opt/ros/jazzy/opt/gz_math_vendor:/opt/ros/jazzy/opt/gz_utils_vendor:/opt/ros/jazzy/opt/gz_tools_vendor:/opt/ros/jazzy/opt/gz_ogre_next_vendor:/opt/ros/jazzy/opt/gz_dartsim_vendor:/opt/ros/jazzy/opt/gz_cmake_vendor:/opt/ros/jazzy GZ_SIM_PLUGIN_PATH=/home/robbinn/robotics/namespace/ros-lab-2/install/ros_gz_gazebo/lib/ros_gz_gazebo GZ_SIM_RESOURCE_PATH=/home/robbinn/robotics/namespace/ros-lab-2/install/ros_gz_gazebo/share/ros_gz_gazebo/worlds PS1=<ROS2-Jazzy>[\u@\h \W]$ /usr/bin/cmake --build /home/robbinn/robotics/namespace/ros-lab-2/build/ros_gz_bringup -- -j16 -l16
[0.979s] DEBUG:colcon.colcon_core.event_handler.log_command:Invoked command in '/home/robbinn/robotics/namespace/ros-lab-2/build/ros_gz_bringup' returned '0': AMENT_PREFIX_PATH=/home/robbinn/robotics/namespace/ros-lab-2/install/ros_gz_gazebo:${AMENT_PREFIX_PATH} CMAKE_PREFIX_PATH=/home/robbinn/robotics/namespace/ros-lab-2/install/ros_gz_gazebo:/home/robbinn/robotics/namespace/ros-lab-2/install/ros_gz_description:/opt/ros/jazzy/opt/gz_sim_vendor:/opt/ros/jazzy/opt/gz_sensors_vendor:/opt/ros/jazzy/opt/gz_physics_vendor:/opt/ros/jazzy/opt/sdformat_vendor:/opt/ros/jazzy/opt/gz_gui_vendor:/opt/ros/jazzy/opt/gz_transport_vendor:/opt/ros/jazzy/opt/gz_rendering_vendor:/opt/ros/jazzy/opt/gz_plugin_vendor:/opt/ros/jazzy/opt/gz_fuel_tools_vendor:/opt/ros/jazzy/opt/gz_msgs_vendor:/opt/ros/jazzy/opt/gz_common_vendor:/opt/ros/jazzy/opt/gz_math_vendor:/opt/ros/jazzy/opt/gz_utils_vendor:/opt/ros/jazzy/opt/gz_tools_vendor:/opt/ros/jazzy/opt/gz_ogre_next_vendor:/opt/ros/jazzy/opt/gz_dartsim_vendor:/opt/ros/jazzy/opt/gz_cmake_vendor:/opt/ros/jazzy GZ_SIM_PLUGIN_PATH=/home/robbinn/robotics/namespace/ros-lab-2/install/ros_gz_gazebo/lib/ros_gz_gazebo GZ_SIM_RESOURCE_PATH=/home/robbinn/robotics/namespace/ros-lab-2/install/ros_gz_gazebo/share/ros_gz_gazebo/worlds PS1=<ROS2-Jazzy>[\u@\h \W]$ /usr/bin/cmake --build /home/robbinn/robotics/namespace/ros-lab-2/build/ros_gz_bringup -- -j16 -l16
[0.980s] DEBUG:colcon.colcon_core.event_handler.log_command:Invoking command in '/home/robbinn/robotics/namespace/ros-lab-2/build/ros_gz_bringup': AMENT_PREFIX_PATH=/home/robbinn/robotics/namespace/ros-lab-2/install/ros_gz_gazebo:${AMENT_PREFIX_PATH} CMAKE_PREFIX_PATH=/home/robbinn/robotics/namespace/ros-lab-2/install/ros_gz_gazebo:/home/robbinn/robotics/namespace/ros-lab-2/install/ros_gz_description:/opt/ros/jazzy/opt/gz_sim_vendor:/opt/ros/jazzy/opt/gz_sensors_vendor:/opt/ros/jazzy/opt/gz_physics_vendor:/opt/ros/jazzy/opt/sdformat_vendor:/opt/ros/jazzy/opt/gz_gui_vendor:/opt/ros/jazzy/opt/gz_transport_vendor:/opt/ros/jazzy/opt/gz_rendering_vendor:/opt/ros/jazzy/opt/gz_plugin_vendor:/opt/ros/jazzy/opt/gz_fuel_tools_vendor:/opt/ros/jazzy/opt/gz_msgs_vendor:/opt/ros/jazzy/opt/gz_common_vendor:/opt/ros/jazzy/opt/gz_math_vendor:/opt/ros/jazzy/opt/gz_utils_vendor:/opt/ros/jazzy/opt/gz_tools_vendor:/opt/ros/jazzy/opt/gz_ogre_next_vendor:/opt/ros/jazzy/opt/gz_dartsim_vendor:/opt/ros/jazzy/opt/gz_cmake_vendor:/opt/ros/jazzy GZ_SIM_PLUGIN_PATH=/home/robbinn/robotics/namespace/ros-lab-2/install/ros_gz_gazebo/lib/ros_gz_gazebo GZ_SIM_RESOURCE_PATH=/home/robbinn/robotics/namespace/ros-lab-2/install/ros_gz_gazebo/share/ros_gz_gazebo/worlds PS1=<ROS2-Jazzy>[\u@\h \W]$ /usr/bin/cmake --install /home/robbinn/robotics/namespace/ros-lab-2/build/ros_gz_bringup
[1.025s] Level 1:colcon.colcon_core.environment:create_environment_scripts_only(ros_gz_bringup)
[1.026s] Level 1:colcon.colcon_core.environment:checking '/home/robbinn/robotics/namespace/ros-lab-2/install/ros_gz_bringup' for CMake module files
[1.026s] DEBUG:colcon.colcon_core.event_handler.log_command:Invoked command in '/home/robbinn/robotics/namespace/ros-lab-2/build/ros_gz_bringup' returned '0': AMENT_PREFIX_PATH=/home/robbinn/robotics/namespace/ros-lab-2/install/ros_gz_gazebo:${AMENT_PREFIX_PATH} CMAKE_PREFIX_PATH=/home/robbinn/robotics/namespace/ros-lab-2/install/ros_gz_gazebo:/home/robbinn/robotics/namespace/ros-lab-2/install/ros_gz_description:/opt/ros/jazzy/opt/gz_sim_vendor:/opt/ros/jazzy/opt/gz_sensors_vendor:/opt/ros/jazzy/opt/gz_physics_vendor:/opt/ros/jazzy/opt/sdformat_vendor:/opt/ros/jazzy/opt/gz_gui_vendor:/opt/ros/jazzy/opt/gz_transport_vendor:/opt/ros/jazzy/opt/gz_rendering_vendor:/opt/ros/jazzy/opt/gz_plugin_vendor:/opt/ros/jazzy/opt/gz_fuel_tools_vendor:/opt/ros/jazzy/opt/gz_msgs_vendor:/opt/ros/jazzy/opt/gz_common_vendor:/opt/ros/jazzy/opt/gz_math_vendor:/opt/ros/jazzy/opt/gz_utils_vendor:/opt/ros/jazzy/opt/gz_tools_vendor:/opt/ros/jazzy/opt/gz_ogre_next_vendor:/opt/ros/jazzy/opt/gz_dartsim_vendor:/opt/ros/jazzy/opt/gz_cmake_vendor:/opt/ros/jazzy GZ_SIM_PLUGIN_PATH=/home/robbinn/robotics/namespace/ros-lab-2/install/ros_gz_gazebo/lib/ros_gz_gazebo GZ_SIM_RESOURCE_PATH=/home/robbinn/robotics/namespace/ros-lab-2/install/ros_gz_gazebo/share/ros_gz_gazebo/worlds PS1=<ROS2-Jazzy>[\u@\h \W]$ /usr/bin/cmake --install /home/robbinn/robotics/namespace/ros-lab-2/build/ros_gz_bringup
[1.028s] Level 1:colcon.colcon_core.environment:checking '/home/robbinn/robotics/namespace/ros-lab-2/install/ros_gz_bringup' for CMake config files
[1.029s] Level 1:colcon.colcon_core.shell:create_environment_hook('ros_gz_bringup', 'cmake_prefix_path')
[1.029s] INFO:colcon.colcon_core.shell:Creating environment hook '/home/robbinn/robotics/namespace/ros-lab-2/install/ros_gz_bringup/share/ros_gz_bringup/hook/cmake_prefix_path.ps1'
[1.032s] INFO:colcon.colcon_core.shell:Creating environment descriptor '/home/robbinn/robotics/namespace/ros-lab-2/install/ros_gz_bringup/share/ros_gz_bringup/hook/cmake_prefix_path.dsv'
[1.035s] INFO:colcon.colcon_core.shell:Creating environment hook '/home/robbinn/robotics/namespace/ros-lab-2/install/ros_gz_bringup/share/ros_gz_bringup/hook/cmake_prefix_path.sh'
[1.038s] Level 1:colcon.colcon_core.environment:checking '/home/robbinn/robotics/namespace/ros-lab-2/install/ros_gz_bringup/bin'
[1.038s] Level 1:colcon.colcon_core.environment:checking '/home/robbinn/robotics/namespace/ros-lab-2/install/ros_gz_bringup/lib/pkgconfig/ros_gz_bringup.pc'
[1.039s] Level 1:colcon.colcon_core.environment:checking '/home/robbinn/robotics/namespace/ros-lab-2/install/ros_gz_bringup/lib/python3.12/site-packages'
[1.039s] Level 1:colcon.colcon_core.environment:checking '/home/robbinn/robotics/namespace/ros-lab-2/install/ros_gz_bringup/bin'
[1.039s] INFO:colcon.colcon_core.shell:Creating package script '/home/robbinn/robotics/namespace/ros-lab-2/install/ros_gz_bringup/share/ros_gz_bringup/package.ps1'
[1.042s] INFO:colcon.colcon_core.shell:Creating package descriptor '/home/robbinn/robotics/namespace/ros-lab-2/install/ros_gz_bringup/share/ros_gz_bringup/package.dsv'
[1.044s] INFO:colcon.colcon_core.shell:Creating package script '/home/robbinn/robotics/namespace/ros-lab-2/install/ros_gz_bringup/share/ros_gz_bringup/package.sh'
[1.047s] INFO:colcon.colcon_core.shell:Creating package script '/home/robbinn/robotics/namespace/ros-lab-2/install/ros_gz_bringup/share/ros_gz_bringup/package.bash'
[1.049s] INFO:colcon.colcon_core.shell:Creating package script '/home/robbinn/robotics/namespace/ros-lab-2/install/ros_gz_bringup/share/ros_gz_bringup/package.zsh'
[1.052s] Level 1:colcon.colcon_core.environment:create_file_with_runtime_dependencies(/home/robbinn/robotics/namespace/ros-lab-2/install/ros_gz_bringup/share/colcon-core/packages/ros_gz_bringup)
[1.054s] Level 1:colcon.colcon_core.environment:create_environment_scripts_only(ros_gz_bringup)
[1.055s] Level 1:colcon.colcon_core.environment:checking '/home/robbinn/robotics/namespace/ros-lab-2/install/ros_gz_bringup' for CMake module files
[1.055s] Level 1:colcon.colcon_core.environment:checking '/home/robbinn/robotics/namespace/ros-lab-2/install/ros_gz_bringup' for CMake config files
[1.056s] Level 1:colcon.colcon_core.shell:create_environment_hook('ros_gz_bringup', 'cmake_prefix_path')
[1.057s] INFO:colcon.colcon_core.shell:Creating environment hook '/home/robbinn/robotics/namespace/ros-lab-2/install/ros_gz_bringup/share/ros_gz_bringup/hook/cmake_prefix_path.ps1'
[1.060s] INFO:colcon.colcon_core.shell:Creating environment descriptor '/home/robbinn/robotics/namespace/ros-lab-2/install/ros_gz_bringup/share/ros_gz_bringup/hook/cmake_prefix_path.dsv'
[1.062s] INFO:colcon.colcon_core.shell:Creating environment hook '/home/robbinn/robotics/namespace/ros-lab-2/install/ros_gz_bringup/share/ros_gz_bringup/hook/cmake_prefix_path.sh'
[1.065s] Level 1:colcon.colcon_core.environment:checking '/home/robbinn/robotics/namespace/ros-lab-2/install/ros_gz_bringup/bin'
[1.065s] Level 1:colcon.colcon_core.environment:checking '/home/robbinn/robotics/namespace/ros-lab-2/install/ros_gz_bringup/lib/pkgconfig/ros_gz_bringup.pc'
[1.065s] Level 1:colcon.colcon_core.environment:checking '/home/robbinn/robotics/namespace/ros-lab-2/install/ros_gz_bringup/lib/python3.12/site-packages'
[1.065s] Level 1:colcon.colcon_core.environment:checking '/home/robbinn/robotics/namespace/ros-lab-2/install/ros_gz_bringup/bin'
[1.065s] INFO:colcon.colcon_core.shell:Creating package script '/home/robbinn/robotics/namespace/ros-lab-2/install/ros_gz_bringup/share/ros_gz_bringup/package.ps1'
[1.068s] INFO:colcon.colcon_core.shell:Creating package descriptor '/home/robbinn/robotics/namespace/ros-lab-2/install/ros_gz_bringup/share/ros_gz_bringup/package.dsv'
[1.071s] INFO:colcon.colcon_core.shell:Creating package script '/home/robbinn/robotics/namespace/ros-lab-2/install/ros_gz_bringup/share/ros_gz_bringup/package.sh'
[1.073s] INFO:colcon.colcon_core.shell:Creating package script '/home/robbinn/robotics/namespace/ros-lab-2/install/ros_gz_bringup/share/ros_gz_bringup/package.bash'
[1.075s] INFO:colcon.colcon_core.shell:Creating package script '/home/robbinn/robotics/namespace/ros-lab-2/install/ros_gz_bringup/share/ros_gz_bringup/package.zsh'
[1.077s] Level 1:colcon.colcon_core.environment:create_file_with_runtime_dependencies(/home/robbinn/robotics/namespace/ros-lab-2/install/ros_gz_bringup/share/colcon-core/packages/ros_gz_bringup)
[1.079s] DEBUG:colcon.colcon_parallel_executor.executor.parallel:closing loop
[1.079s] DEBUG:colcon.colcon_parallel_executor.executor.parallel:loop closed
[1.079s] DEBUG:colcon.colcon_parallel_executor.executor.parallel:run_until_complete finished with '0'
[1.079s] DEBUG:colcon.colcon_core.event_reactor:joining thread
[1.109s] INFO:colcon.colcon_core.plugin_system:Skipping extension 'colcon_notification.desktop_notification.notify_send': Could not find 'notify-send'
[1.109s] INFO:colcon.colcon_core.plugin_system:Skipping extension 'colcon_notification.desktop_notification.terminal_notifier': Not used on non-Darwin systems
[1.109s] INFO:colcon.colcon_core.plugin_system:Skipping extension 'colcon_notification.desktop_notification.win32': Not used on non-Windows systems
[1.109s] INFO:colcon.colcon_notification.desktop_notification:Sending desktop notification using 'notify2'
[1.117s] DEBUG:colcon.colcon_core.event_reactor:joined thread
[1.118s] INFO:colcon.colcon_core.shell:Creating prefix script '/home/robbinn/robotics/namespace/ros-lab-2/install/local_setup.ps1'
[1.121s] INFO:colcon.colcon_core.shell:Creating prefix util module '/home/robbinn/robotics/namespace/ros-lab-2/install/_local_setup_util_ps1.py'
[1.126s] INFO:colcon.colcon_core.shell:Creating prefix chain script '/home/robbinn/robotics/namespace/ros-lab-2/install/setup.ps1'
[1.130s] INFO:colcon.colcon_core.shell:Creating prefix script '/home/robbinn/robotics/namespace/ros-lab-2/install/local_setup.sh'
[1.133s] INFO:colcon.colcon_core.shell:Creating prefix util module '/home/robbinn/robotics/namespace/ros-lab-2/install/_local_setup_util_sh.py'
[1.136s] INFO:colcon.colcon_core.shell:Creating prefix chain script '/home/robbinn/robotics/namespace/ros-lab-2/install/setup.sh'
[1.139s] INFO:colcon.colcon_core.shell:Creating prefix script '/home/robbinn/robotics/namespace/ros-lab-2/install/local_setup.bash'
[1.143s] INFO:colcon.colcon_core.shell:Creating prefix chain script '/home/robbinn/robotics/namespace/ros-lab-2/install/setup.bash'
[1.146s] INFO:colcon.colcon_core.shell:Creating prefix script '/home/robbinn/robotics/namespace/ros-lab-2/install/local_setup.zsh'
[1.149s] INFO:colcon.colcon_core.shell:Creating prefix chain script '/home/robbinn/robotics/namespace/ros-lab-2/install/setup.zsh'
