[0.033s] Invoking command in '/home/robbinn/robotics/namespace/ros-lab-2/build/ros_gz_description': CMAKE_PREFIX_PATH=${CMAKE_PREFIX_PATH}:/opt/ros/jazzy PS1=<ROS2-Jazzy>[\u@\h \W]$ /usr/bin/cmake /home/robbinn/robotics/namespace/ros-lab-2/ros_gz_description -DBUILD_TESTING=ON -DCMAKE_INSTALL_PREFIX=/home/robbinn/robotics/namespace/ros-lab-2/install/ros_gz_description
[0.328s] -- The C compiler identification is GNU 13.3.0
[0.547s] -- The CXX compiler identification is GNU 13.3.0
[0.573s] -- Detecting C compiler ABI info
[0.771s] -- Detecting C compiler ABI info - done
[0.777s] -- Check for working C compiler: /usr/bin/cc - skipped
[0.778s] -- Detecting C compile features
[0.778s] -- Detecting C compile features - done
[0.796s] -- Detecting CXX compiler ABI info
[0.987s] -- Detecting CXX compiler ABI info - done
[0.994s] -- Check for working CXX compiler: /usr/bin/c++ - skipped
[0.994s] -- Detecting CXX compile features
[0.994s] -- Detecting CXX compile features - done
[1.017s] -- Found ament_cmake: 2.5.3 (/opt/ros/jazzy/share/ament_cmake/cmake)
[1.167s] -- Found Python3: /usr/bin/python3 (found version "3.12.3") found components: Interpreter 
[1.558s] -- Configuring done (1.4s)
[1.646s] -- Generating done (0.1s)
[1.686s] -- Build files have been written to: /home/robbinn/robotics/namespace/ros-lab-2/build/ros_gz_description
[1.692s] Invoked command in '/home/robbinn/robotics/namespace/ros-lab-2/build/ros_gz_description' returned '0': CMAKE_PREFIX_PATH=${CMAKE_PREFIX_PATH}:/opt/ros/jazzy PS1=<ROS2-Jazzy>[\u@\h \W]$ /usr/bin/cmake /home/robbinn/robotics/namespace/ros-lab-2/ros_gz_description -DBUILD_TESTING=ON -DCMAKE_INSTALL_PREFIX=/home/robbinn/robotics/namespace/ros-lab-2/install/ros_gz_description
[1.693s] Invoking command in '/home/robbinn/robotics/namespace/ros-lab-2/build/ros_gz_description': CMAKE_PREFIX_PATH=${CMAKE_PREFIX_PATH}:/opt/ros/jazzy PS1=<ROS2-Jazzy>[\u@\h \W]$ /usr/bin/cmake --build /home/robbinn/robotics/namespace/ros-lab-2/build/ros_gz_description -- -j16 -l16
[1.738s] Invoked command in '/home/robbinn/robotics/namespace/ros-lab-2/build/ros_gz_description' returned '0': CMAKE_PREFIX_PATH=${CMAKE_PREFIX_PATH}:/opt/ros/jazzy PS1=<ROS2-Jazzy>[\u@\h \W]$ /usr/bin/cmake --build /home/robbinn/robotics/namespace/ros-lab-2/build/ros_gz_description -- -j16 -l16
[1.740s] Invoking command in '/home/robbinn/robotics/namespace/ros-lab-2/build/ros_gz_description': CMAKE_PREFIX_PATH=${CMAKE_PREFIX_PATH}:/opt/ros/jazzy PS1=<ROS2-Jazzy>[\u@\h \W]$ /usr/bin/cmake --install /home/robbinn/robotics/namespace/ros-lab-2/build/ros_gz_description
[1.750s] -- Install configuration: ""
[1.750s] -- Installing: /home/robbinn/robotics/namespace/ros-lab-2/install/ros_gz_description/share/ros_gz_description/models
[1.756s] -- Installing: /home/robbinn/robotics/namespace/ros-lab-2/install/ros_gz_description/share/ros_gz_description/models/diff_drive
[1.760s] -- Installing: /home/robbinn/robotics/namespace/ros-lab-2/install/ros_gz_description/share/ros_gz_description/models/diff_drive/model.config
[1.765s] -- Installing: /home/robbinn/robotics/namespace/ros-lab-2/install/ros_gz_description/share/ros_gz_description/models/diff_drive/model.sdf
[1.772s] -- Installing: /home/robbinn/robotics/namespace/ros-lab-2/install/ros_gz_description/share/ros_gz_description/environment/ros_gz_description.dsv
[1.778s] -- Installing: /home/robbinn/robotics/namespace/ros-lab-2/install/ros_gz_description/share/ros_gz_description/environment/ros_gz_description.sh
[1.787s] -- Installing: /home/robbinn/robotics/namespace/ros-lab-2/install/ros_gz_description/share/ament_index/resource_index/package_run_dependencies/ros_gz_description
[1.795s] -- Installing: /home/robbinn/robotics/namespace/ros-lab-2/install/ros_gz_description/share/ament_index/resource_index/parent_prefix_path/ros_gz_description
[1.800s] -- Installing: /home/robbinn/robotics/namespace/ros-lab-2/install/ros_gz_description/share/ros_gz_description/environment/ament_prefix_path.sh
[1.805s] -- Installing: /home/robbinn/robotics/namespace/ros-lab-2/install/ros_gz_description/share/ros_gz_description/environment/ament_prefix_path.dsv
[1.812s] -- Installing: /home/robbinn/robotics/namespace/ros-lab-2/install/ros_gz_description/share/ros_gz_description/environment/path.sh
[1.817s] -- Installing: /home/robbinn/robotics/namespace/ros-lab-2/install/ros_gz_description/share/ros_gz_description/environment/path.dsv
[1.823s] -- Installing: /home/robbinn/robotics/namespace/ros-lab-2/install/ros_gz_description/share/ros_gz_description/local_setup.bash
[1.829s] -- Installing: /home/robbinn/robotics/namespace/ros-lab-2/install/ros_gz_description/share/ros_gz_description/local_setup.sh
[1.834s] -- Installing: /home/robbinn/robotics/namespace/ros-lab-2/install/ros_gz_description/share/ros_gz_description/local_setup.zsh
[1.839s] -- Installing: /home/robbinn/robotics/namespace/ros-lab-2/install/ros_gz_description/share/ros_gz_description/local_setup.dsv
[1.845s] -- Installing: /home/robbinn/robotics/namespace/ros-lab-2/install/ros_gz_description/share/ros_gz_description/package.dsv
[1.853s] -- Installing: /home/robbinn/robotics/namespace/ros-lab-2/install/ros_gz_description/share/ament_index/resource_index/packages/ros_gz_description
[1.860s] -- Installing: /home/robbinn/robotics/namespace/ros-lab-2/install/ros_gz_description/share/ros_gz_description/cmake/ros_gz_descriptionConfig.cmake
[1.865s] -- Installing: /home/robbinn/robotics/namespace/ros-lab-2/install/ros_gz_description/share/ros_gz_description/cmake/ros_gz_descriptionConfig-version.cmake
[1.871s] -- Installing: /home/robbinn/robotics/namespace/ros-lab-2/install/ros_gz_description/share/ros_gz_description/package.xml
[1.906s] Invoked command in '/home/robbinn/robotics/namespace/ros-lab-2/build/ros_gz_description' returned '0': CMAKE_PREFIX_PATH=${CMAKE_PREFIX_PATH}:/opt/ros/jazzy PS1=<ROS2-Jazzy>[\u@\h \W]$ /usr/bin/cmake --install /home/robbinn/robotics/namespace/ros-lab-2/build/ros_gz_description
