[0.023s] Invoking command in '/home/robbinn/robotics/namespace/ros-lab-2/build/ros_gz_bringup': AMENT_PREFIX_PATH=/home/robbinn/robotics/namespace/ros-lab-2/install/ros_gz_gazebo:${AMENT_PREFIX_PATH} CMAKE_PREFIX_PATH=/home/robbinn/robotics/namespace/ros-lab-2/install/ros_gz_gazebo:/home/robbinn/robotics/namespace/ros-lab-2/install/ros_gz_description:/opt/ros/jazzy/opt/gz_sim_vendor:/opt/ros/jazzy/opt/gz_sensors_vendor:/opt/ros/jazzy/opt/gz_physics_vendor:/opt/ros/jazzy/opt/sdformat_vendor:/opt/ros/jazzy/opt/gz_gui_vendor:/opt/ros/jazzy/opt/gz_transport_vendor:/opt/ros/jazzy/opt/gz_rendering_vendor:/opt/ros/jazzy/opt/gz_plugin_vendor:/opt/ros/jazzy/opt/gz_fuel_tools_vendor:/opt/ros/jazzy/opt/gz_msgs_vendor:/opt/ros/jazzy/opt/gz_common_vendor:/opt/ros/jazzy/opt/gz_math_vendor:/opt/ros/jazzy/opt/gz_utils_vendor:/opt/ros/jazzy/opt/gz_tools_vendor:/opt/ros/jazzy/opt/gz_ogre_next_vendor:/opt/ros/jazzy/opt/gz_dartsim_vendor:/opt/ros/jazzy/opt/gz_cmake_vendor:/opt/ros/jazzy GZ_SIM_PLUGIN_PATH=/home/robbinn/robotics/namespace/ros-lab-2/install/ros_gz_gazebo/lib/ros_gz_gazebo GZ_SIM_RESOURCE_PATH=/home/robbinn/robotics/namespace/ros-lab-2/install/ros_gz_gazebo/share/ros_gz_gazebo/worlds PS1=<ROS2-Jazzy>[\u@\h \W]$ /usr/bin/cmake /home/robbinn/robotics/namespace/ros-lab-2/ros_gz_bringup -DBUILD_TESTING=ON -DCMAKE_INSTALL_PREFIX=/home/robbinn/robotics/namespace/ros-lab-2/install/ros_gz_bringup
[0.104s] -- The C compiler identification is GNU 13.3.0
[0.172s] -- The CXX compiler identification is GNU 13.3.0
[0.195s] -- Detecting C compiler ABI info
[0.399s] -- Detecting C compiler ABI info - done
[0.406s] -- Check for working C compiler: /usr/bin/cc - skipped
[0.406s] -- Detecting C compile features
[0.406s] -- Detecting C compile features - done
[0.427s] -- Detecting CXX compiler ABI info
[0.639s] -- Detecting CXX compiler ABI info - done
[0.646s] -- Check for working CXX compiler: /usr/bin/c++ - skipped
[0.647s] -- Detecting CXX compile features
[0.647s] -- Detecting CXX compile features - done
[0.671s] -- Found ament_cmake: 2.5.3 (/opt/ros/jazzy/share/ament_cmake/cmake)
[0.824s] -- Found Python3: /usr/bin/python3 (found version "3.12.3") found components: Interpreter 
[1.093s] -- Found ros_gz_description: 0.0.0 (/home/robbinn/robotics/namespace/ros-lab-2/install/ros_gz_description/share/ros_gz_description/cmake)
[1.099s] -- Found ros_gz_gazebo: 0.0.0 (/home/robbinn/robotics/namespace/ros-lab-2/install/ros_gz_gazebo/share/ros_gz_gazebo/cmake)
[1.111s] -- Found ament_lint_auto: 0.17.2 (/opt/ros/jazzy/share/ament_lint_auto/cmake)
[1.253s] -- Configuring done (1.2s)
[1.339s] -- Generating done (0.1s)
[1.382s] -- Build files have been written to: /home/robbinn/robotics/namespace/ros-lab-2/build/ros_gz_bringup
[1.386s] Invoked command in '/home/robbinn/robotics/namespace/ros-lab-2/build/ros_gz_bringup' returned '0': AMENT_PREFIX_PATH=/home/robbinn/robotics/namespace/ros-lab-2/install/ros_gz_gazebo:${AMENT_PREFIX_PATH} CMAKE_PREFIX_PATH=/home/robbinn/robotics/namespace/ros-lab-2/install/ros_gz_gazebo:/home/robbinn/robotics/namespace/ros-lab-2/install/ros_gz_description:/opt/ros/jazzy/opt/gz_sim_vendor:/opt/ros/jazzy/opt/gz_sensors_vendor:/opt/ros/jazzy/opt/gz_physics_vendor:/opt/ros/jazzy/opt/sdformat_vendor:/opt/ros/jazzy/opt/gz_gui_vendor:/opt/ros/jazzy/opt/gz_transport_vendor:/opt/ros/jazzy/opt/gz_rendering_vendor:/opt/ros/jazzy/opt/gz_plugin_vendor:/opt/ros/jazzy/opt/gz_fuel_tools_vendor:/opt/ros/jazzy/opt/gz_msgs_vendor:/opt/ros/jazzy/opt/gz_common_vendor:/opt/ros/jazzy/opt/gz_math_vendor:/opt/ros/jazzy/opt/gz_utils_vendor:/opt/ros/jazzy/opt/gz_tools_vendor:/opt/ros/jazzy/opt/gz_ogre_next_vendor:/opt/ros/jazzy/opt/gz_dartsim_vendor:/opt/ros/jazzy/opt/gz_cmake_vendor:/opt/ros/jazzy GZ_SIM_PLUGIN_PATH=/home/robbinn/robotics/namespace/ros-lab-2/install/ros_gz_gazebo/lib/ros_gz_gazebo GZ_SIM_RESOURCE_PATH=/home/robbinn/robotics/namespace/ros-lab-2/install/ros_gz_gazebo/share/ros_gz_gazebo/worlds PS1=<ROS2-Jazzy>[\u@\h \W]$ /usr/bin/cmake /home/robbinn/robotics/namespace/ros-lab-2/ros_gz_bringup -DBUILD_TESTING=ON -DCMAKE_INSTALL_PREFIX=/home/robbinn/robotics/namespace/ros-lab-2/install/ros_gz_bringup
[1.387s] Invoking command in '/home/robbinn/robotics/namespace/ros-lab-2/build/ros_gz_bringup': AMENT_PREFIX_PATH=/home/robbinn/robotics/namespace/ros-lab-2/install/ros_gz_gazebo:${AMENT_PREFIX_PATH} CMAKE_PREFIX_PATH=/home/robbinn/robotics/namespace/ros-lab-2/install/ros_gz_gazebo:/home/robbinn/robotics/namespace/ros-lab-2/install/ros_gz_description:/opt/ros/jazzy/opt/gz_sim_vendor:/opt/ros/jazzy/opt/gz_sensors_vendor:/opt/ros/jazzy/opt/gz_physics_vendor:/opt/ros/jazzy/opt/sdformat_vendor:/opt/ros/jazzy/opt/gz_gui_vendor:/opt/ros/jazzy/opt/gz_transport_vendor:/opt/ros/jazzy/opt/gz_rendering_vendor:/opt/ros/jazzy/opt/gz_plugin_vendor:/opt/ros/jazzy/opt/gz_fuel_tools_vendor:/opt/ros/jazzy/opt/gz_msgs_vendor:/opt/ros/jazzy/opt/gz_common_vendor:/opt/ros/jazzy/opt/gz_math_vendor:/opt/ros/jazzy/opt/gz_utils_vendor:/opt/ros/jazzy/opt/gz_tools_vendor:/opt/ros/jazzy/opt/gz_ogre_next_vendor:/opt/ros/jazzy/opt/gz_dartsim_vendor:/opt/ros/jazzy/opt/gz_cmake_vendor:/opt/ros/jazzy GZ_SIM_PLUGIN_PATH=/home/robbinn/robotics/namespace/ros-lab-2/install/ros_gz_gazebo/lib/ros_gz_gazebo GZ_SIM_RESOURCE_PATH=/home/robbinn/robotics/namespace/ros-lab-2/install/ros_gz_gazebo/share/ros_gz_gazebo/worlds PS1=<ROS2-Jazzy>[\u@\h \W]$ /usr/bin/cmake --build /home/robbinn/robotics/namespace/ros-lab-2/build/ros_gz_bringup -- -j16 -l16
[1.431s] Invoked command in '/home/robbinn/robotics/namespace/ros-lab-2/build/ros_gz_bringup' returned '0': AMENT_PREFIX_PATH=/home/robbinn/robotics/namespace/ros-lab-2/install/ros_gz_gazebo:${AMENT_PREFIX_PATH} CMAKE_PREFIX_PATH=/home/robbinn/robotics/namespace/ros-lab-2/install/ros_gz_gazebo:/home/robbinn/robotics/namespace/ros-lab-2/install/ros_gz_description:/opt/ros/jazzy/opt/gz_sim_vendor:/opt/ros/jazzy/opt/gz_sensors_vendor:/opt/ros/jazzy/opt/gz_physics_vendor:/opt/ros/jazzy/opt/sdformat_vendor:/opt/ros/jazzy/opt/gz_gui_vendor:/opt/ros/jazzy/opt/gz_transport_vendor:/opt/ros/jazzy/opt/gz_rendering_vendor:/opt/ros/jazzy/opt/gz_plugin_vendor:/opt/ros/jazzy/opt/gz_fuel_tools_vendor:/opt/ros/jazzy/opt/gz_msgs_vendor:/opt/ros/jazzy/opt/gz_common_vendor:/opt/ros/jazzy/opt/gz_math_vendor:/opt/ros/jazzy/opt/gz_utils_vendor:/opt/ros/jazzy/opt/gz_tools_vendor:/opt/ros/jazzy/opt/gz_ogre_next_vendor:/opt/ros/jazzy/opt/gz_dartsim_vendor:/opt/ros/jazzy/opt/gz_cmake_vendor:/opt/ros/jazzy GZ_SIM_PLUGIN_PATH=/home/robbinn/robotics/namespace/ros-lab-2/install/ros_gz_gazebo/lib/ros_gz_gazebo GZ_SIM_RESOURCE_PATH=/home/robbinn/robotics/namespace/ros-lab-2/install/ros_gz_gazebo/share/ros_gz_gazebo/worlds PS1=<ROS2-Jazzy>[\u@\h \W]$ /usr/bin/cmake --build /home/robbinn/robotics/namespace/ros-lab-2/build/ros_gz_bringup -- -j16 -l16
[1.433s] Invoking command in '/home/robbinn/robotics/namespace/ros-lab-2/build/ros_gz_bringup': AMENT_PREFIX_PATH=/home/robbinn/robotics/namespace/ros-lab-2/install/ros_gz_gazebo:${AMENT_PREFIX_PATH} CMAKE_PREFIX_PATH=/home/robbinn/robotics/namespace/ros-lab-2/install/ros_gz_gazebo:/home/robbinn/robotics/namespace/ros-lab-2/install/ros_gz_description:/opt/ros/jazzy/opt/gz_sim_vendor:/opt/ros/jazzy/opt/gz_sensors_vendor:/opt/ros/jazzy/opt/gz_physics_vendor:/opt/ros/jazzy/opt/sdformat_vendor:/opt/ros/jazzy/opt/gz_gui_vendor:/opt/ros/jazzy/opt/gz_transport_vendor:/opt/ros/jazzy/opt/gz_rendering_vendor:/opt/ros/jazzy/opt/gz_plugin_vendor:/opt/ros/jazzy/opt/gz_fuel_tools_vendor:/opt/ros/jazzy/opt/gz_msgs_vendor:/opt/ros/jazzy/opt/gz_common_vendor:/opt/ros/jazzy/opt/gz_math_vendor:/opt/ros/jazzy/opt/gz_utils_vendor:/opt/ros/jazzy/opt/gz_tools_vendor:/opt/ros/jazzy/opt/gz_ogre_next_vendor:/opt/ros/jazzy/opt/gz_dartsim_vendor:/opt/ros/jazzy/opt/gz_cmake_vendor:/opt/ros/jazzy GZ_SIM_PLUGIN_PATH=/home/robbinn/robotics/namespace/ros-lab-2/install/ros_gz_gazebo/lib/ros_gz_gazebo GZ_SIM_RESOURCE_PATH=/home/robbinn/robotics/namespace/ros-lab-2/install/ros_gz_gazebo/share/ros_gz_gazebo/worlds PS1=<ROS2-Jazzy>[\u@\h \W]$ /usr/bin/cmake --install /home/robbinn/robotics/namespace/ros-lab-2/build/ros_gz_bringup
[1.445s] -- Install configuration: ""
[1.445s] -- Installing: /home/robbinn/robotics/namespace/ros-lab-2/install/ros_gz_bringup/share/ros_gz_bringup/launch
[1.451s] -- Installing: /home/robbinn/robotics/namespace/ros-lab-2/install/ros_gz_bringup/share/ros_gz_bringup/launch/diff_drive.launch.py
[1.458s] -- Installing: /home/robbinn/robotics/namespace/ros-lab-2/install/ros_gz_bringup/share/ros_gz_bringup/config
[1.462s] -- Installing: /home/robbinn/robotics/namespace/ros-lab-2/install/ros_gz_bringup/share/ros_gz_bringup/config/ros_gz_bridge.yaml
[1.469s] -- Installing: /home/robbinn/robotics/namespace/ros-lab-2/install/ros_gz_bringup/share/ros_gz_bringup/config/diff_drive.rviz
[1.479s] -- Installing: /home/robbinn/robotics/namespace/ros-lab-2/install/ros_gz_bringup/share/ament_index/resource_index/package_run_dependencies/ros_gz_bringup
[1.488s] -- Installing: /home/robbinn/robotics/namespace/ros-lab-2/install/ros_gz_bringup/share/ament_index/resource_index/parent_prefix_path/ros_gz_bringup
[1.497s] -- Installing: /home/robbinn/robotics/namespace/ros-lab-2/install/ros_gz_bringup/share/ros_gz_bringup/environment/ament_prefix_path.sh
[1.503s] -- Installing: /home/robbinn/robotics/namespace/ros-lab-2/install/ros_gz_bringup/share/ros_gz_bringup/environment/ament_prefix_path.dsv
[1.509s] -- Installing: /home/robbinn/robotics/namespace/ros-lab-2/install/ros_gz_bringup/share/ros_gz_bringup/environment/path.sh
[1.515s] -- Installing: /home/robbinn/robotics/namespace/ros-lab-2/install/ros_gz_bringup/share/ros_gz_bringup/environment/path.dsv
[1.523s] -- Installing: /home/robbinn/robotics/namespace/ros-lab-2/install/ros_gz_bringup/share/ros_gz_bringup/local_setup.bash
[1.531s] -- Installing: /home/robbinn/robotics/namespace/ros-lab-2/install/ros_gz_bringup/share/ros_gz_bringup/local_setup.sh
[1.539s] -- Installing: /home/robbinn/robotics/namespace/ros-lab-2/install/ros_gz_bringup/share/ros_gz_bringup/local_setup.zsh
[1.548s] -- Installing: /home/robbinn/robotics/namespace/ros-lab-2/install/ros_gz_bringup/share/ros_gz_bringup/local_setup.dsv
[1.555s] -- Installing: /home/robbinn/robotics/namespace/ros-lab-2/install/ros_gz_bringup/share/ros_gz_bringup/package.dsv
[1.565s] -- Installing: /home/robbinn/robotics/namespace/ros-lab-2/install/ros_gz_bringup/share/ament_index/resource_index/packages/ros_gz_bringup
[1.573s] -- Installing: /home/robbinn/robotics/namespace/ros-lab-2/install/ros_gz_bringup/share/ros_gz_bringup/cmake/ros_gz_bringupConfig.cmake
[1.581s] -- Installing: /home/robbinn/robotics/namespace/ros-lab-2/install/ros_gz_bringup/share/ros_gz_bringup/cmake/ros_gz_bringupConfig-version.cmake
[1.587s] -- Installing: /home/robbinn/robotics/namespace/ros-lab-2/install/ros_gz_bringup/share/ros_gz_bringup/package.xml
[1.596s] Invoked command in '/home/robbinn/robotics/namespace/ros-lab-2/build/ros_gz_bringup' returned '0': AMENT_PREFIX_PATH=/home/robbinn/robotics/namespace/ros-lab-2/install/ros_gz_gazebo:${AMENT_PREFIX_PATH} CMAKE_PREFIX_PATH=/home/robbinn/robotics/namespace/ros-lab-2/install/ros_gz_gazebo:/home/robbinn/robotics/namespace/ros-lab-2/install/ros_gz_description:/opt/ros/jazzy/opt/gz_sim_vendor:/opt/ros/jazzy/opt/gz_sensors_vendor:/opt/ros/jazzy/opt/gz_physics_vendor:/opt/ros/jazzy/opt/sdformat_vendor:/opt/ros/jazzy/opt/gz_gui_vendor:/opt/ros/jazzy/opt/gz_transport_vendor:/opt/ros/jazzy/opt/gz_rendering_vendor:/opt/ros/jazzy/opt/gz_plugin_vendor:/opt/ros/jazzy/opt/gz_fuel_tools_vendor:/opt/ros/jazzy/opt/gz_msgs_vendor:/opt/ros/jazzy/opt/gz_common_vendor:/opt/ros/jazzy/opt/gz_math_vendor:/opt/ros/jazzy/opt/gz_utils_vendor:/opt/ros/jazzy/opt/gz_tools_vendor:/opt/ros/jazzy/opt/gz_ogre_next_vendor:/opt/ros/jazzy/opt/gz_dartsim_vendor:/opt/ros/jazzy/opt/gz_cmake_vendor:/opt/ros/jazzy GZ_SIM_PLUGIN_PATH=/home/robbinn/robotics/namespace/ros-lab-2/install/ros_gz_gazebo/lib/ros_gz_gazebo GZ_SIM_RESOURCE_PATH=/home/robbinn/robotics/namespace/ros-lab-2/install/ros_gz_gazebo/share/ros_gz_gazebo/worlds PS1=<ROS2-Jazzy>[\u@\h \W]$ /usr/bin/cmake --install /home/robbinn/robotics/namespace/ros-lab-2/build/ros_gz_bringup
