[0.033s] Invoking command in '/home/robbinn/robotics/namespace/ros-lab-2/build/ros_gz_app': CMAKE_PREFIX_PATH=${CMAKE_PREFIX_PATH}:/opt/ros/jazzy PS1=<ROS2-Jazzy>[\u@\h \W]$ /usr/bin/cmake --build /home/robbinn/robotics/namespace/ros-lab-2/build/ros_gz_app -- -j16 -l16
[0.190s] Invoked command in '/home/robbinn/robotics/namespace/ros-lab-2/build/ros_gz_app' returned '0': CMAKE_PREFIX_PATH=${CMAKE_PREFIX_PATH}:/opt/ros/jazzy PS1=<ROS2-Jazzy>[\u@\h \W]$ /usr/bin/cmake --build /home/robbinn/robotics/namespace/ros-lab-2/build/ros_gz_app -- -j16 -l16
[0.206s] Invoking command in '/home/robbinn/robotics/namespace/ros-lab-2/build/ros_gz_app': CMAKE_PREFIX_PATH=${CMAKE_PREFIX_PATH}:/opt/ros/jazzy PS1=<ROS2-Jazzy>[\u@\h \W]$ /usr/bin/cmake --install /home/robbinn/robotics/namespace/ros-lab-2/build/ros_gz_app
[0.219s] -- Install configuration: ""
[0.221s] -- Up-to-date: /home/robbinn/robotics/namespace/ros-lab-2/install/ros_gz_app/share/ament_index/resource_index/package_run_dependencies/ros_gz_app
[0.222s] -- Up-to-date: /home/robbinn/robotics/namespace/ros-lab-2/install/ros_gz_app/share/ament_index/resource_index/parent_prefix_path/ros_gz_app
[0.223s] -- Up-to-date: /home/robbinn/robotics/namespace/ros-lab-2/install/ros_gz_app/share/ros_gz_app/environment/ament_prefix_path.sh
[0.224s] -- Up-to-date: /home/robbinn/robotics/namespace/ros-lab-2/install/ros_gz_app/share/ros_gz_app/environment/ament_prefix_path.dsv
[0.225s] -- Up-to-date: /home/robbinn/robotics/namespace/ros-lab-2/install/ros_gz_app/share/ros_gz_app/environment/path.sh
[0.226s] -- Up-to-date: /home/robbinn/robotics/namespace/ros-lab-2/install/ros_gz_app/share/ros_gz_app/environment/path.dsv
[0.227s] -- Up-to-date: /home/robbinn/robotics/namespace/ros-lab-2/install/ros_gz_app/share/ros_gz_app/local_setup.bash
[0.228s] -- Up-to-date: /home/robbinn/robotics/namespace/ros-lab-2/install/ros_gz_app/share/ros_gz_app/local_setup.sh
[0.229s] -- Up-to-date: /home/robbinn/robotics/namespace/ros-lab-2/install/ros_gz_app/share/ros_gz_app/local_setup.zsh
[0.229s] -- Up-to-date: /home/robbinn/robotics/namespace/ros-lab-2/install/ros_gz_app/share/ros_gz_app/local_setup.dsv
[0.230s] -- Installing: /home/robbinn/robotics/namespace/ros-lab-2/install/ros_gz_app/share/ros_gz_app/package.dsv
[0.237s] -- Up-to-date: /home/robbinn/robotics/namespace/ros-lab-2/install/ros_gz_app/share/ament_index/resource_index/packages/ros_gz_app
[0.238s] -- Up-to-date: /home/robbinn/robotics/namespace/ros-lab-2/install/ros_gz_app/share/ros_gz_app/cmake/ros_gz_appConfig.cmake
[0.238s] -- Up-to-date: /home/robbinn/robotics/namespace/ros-lab-2/install/ros_gz_app/share/ros_gz_app/cmake/ros_gz_appConfig-version.cmake
[0.239s] -- Up-to-date: /home/robbinn/robotics/namespace/ros-lab-2/install/ros_gz_app/share/ros_gz_app/package.xml
[0.243s] Invoked command in '/home/robbinn/robotics/namespace/ros-lab-2/build/ros_gz_app' returned '0': CMAKE_PREFIX_PATH=${CMAKE_PREFIX_PATH}:/opt/ros/jazzy PS1=<ROS2-Jazzy>[\u@\h \W]$ /usr/bin/cmake --install /home/robbinn/robotics/namespace/ros-lab-2/build/ros_gz_app
